<?xml version="1.0" encoding="UTF-8"?>
<testsuites name="Test1" time="363" tests="6" failures="4" errors="0">
   <testsuite name="Test1" tests="6" failures="4" errors="0" time="363" timestamp="2019-03-11 17:11:07" hostname="e-science - e-sciences-mini" id="Test Suites/Test1">
      <properties>
         <property name="deviceName" value=""/>
         <property name="devicePlatform" value=""/>
         <property name="logFolder" value="/Users/e-science/Desktop/git/QATS-PMRS/Reports/Test1/20190311_171104"/>
         <property name="logFiles" value="/Users/e-science/Desktop/git/QATS-PMRS/Reports/Test1/20190311_171104/execution0.log"/>
         <property name="attachments" value="/Users/e-science/Desktop/git/QATS-PMRS/Reports/Test1/20190311_171104/1552295649366.png, /Users/e-science/Desktop/git/QATS-PMRS/Reports/Test1/20190311_171104/1552295649750.png, /Users/e-science/Desktop/git/QATS-PMRS/Reports/Test1/20190311_171104/1552295725765.png, /Users/e-science/Desktop/git/QATS-PMRS/Reports/Test1/20190311_171104/1552295726056.png, /Users/e-science/Desktop/git/QATS-PMRS/Reports/Test1/20190311_171104/1552295778351.png, /Users/e-science/Desktop/git/QATS-PMRS/Reports/Test1/20190311_171104/1552295778658.png, /Users/e-science/Desktop/git/QATS-PMRS/Reports/Test1/20190311_171104/1552295830826.png, /Users/e-science/Desktop/git/QATS-PMRS/Reports/Test1/20190311_171104/1552295831116.png"/>
         <property name="hostName" value="e-science - e-sciences-mini"/>
         <property name="os" value="Mac OS X 64bit"/>
         <property name="katalonVersion" value="6.0.5.4"/>
         <property name="browser" value="Chrome 72.0.3626.121"/>
         <property name="hostAddress" value="192.168.52.25"/>
         <property name="sessionId" value="a579676bb9a98c2b4dfdaec053a7beff"/>
         <property name="seleniumVersion" value="3.7.1"/>
         <property name="proxyInformation" value="ProxyInformation{proxyOption=NO_PROXY, proxyServerType=HTTP, password=, proxyServerAddress=, proxyServerPort=0}"/>
         <property name="platform" value="Mac OS X"/>
      </properties>
      <testcase name="Test Cases/Queue Management/QM-008" classname="Test Cases/Queue Management/QM-008" status="PASSED">
         <system-out><![CDATA[2019-03-11 17:11:08 - [TEST_CASE][PASSED] - Test Cases/Queue Management/QM-008: Test Cases/Queue Management/QM-008

2019-03-11 17:11:09 - [TEST_STEP][PASSED] - openBrowser(""): Browser is opened with url: ''

2019-03-11 17:11:09 - [MESSAGE][INFO] - Starting 'Chrome' driver

2019-03-11 17:11:09 - [MESSAGE][INFO] - Action delay is set to 0 seconds

2019-03-11 17:11:12 - [MESSAGE][PASSED] - Browser is opened with url: ''

2019-03-11 17:11:12 - [TEST_STEP][PASSED] - navigateToUrl("https://pmrsqa.eschost2.com/"): Navigate to 'https://pmrsqa.eschost2.com/' successfully

2019-03-11 17:11:32 - [MESSAGE][PASSED] - Navigate to 'https://pmrsqa.eschost2.com/' successfully

2019-03-11 17:11:32 - [TEST_STEP][PASSED] - callTestCase(findTestCase("Log In"), [:], STOP_ON_FAILURE): Call Test Case 'Test Cases/Log In' successfully

2019-03-11 17:11:32 - [TEST_CASE][PASSED] - Test Cases/Log In: Test Cases/Log In

2019-03-11 17:11:32 - [TEST_STEP][PASSED] - delay(2): Delayed 2 second(s)

2019-03-11 17:11:34 - [MESSAGE][PASSED] - Delayed 2 second(s)

2019-03-11 17:11:34 - [TEST_STEP][PASSED] - setText(findTestObject("Object Repository/Log In/Page_PMRS Web Application/input_Username_mat-input-0"), "hughes.m@electronicscience.com"): Text 'hughes.m@electronicscience.com' is set on object 'Object Repository/Log In/Page_PMRS Web Application/input_Username_mat-input-0'

2019-03-11 17:11:35 - [MESSAGE][PASSED] - Text 'hughes.m@electronicscience.com' is set on object 'Object Repository/Log In/Page_PMRS Web Application/input_Username_mat-input-0'

2019-03-11 17:11:35 - [TEST_STEP][PASSED] - setEncryptedText(findTestObject("Object Repository/Log In/Page_PMRS Web Application/input_Username_mat-input-1"), "pvl9UeBNnak165xxUnzI6w=="): Text ****** has been set on object 'Object Repository/Log In/Page_PMRS Web Application/input_Username_mat-input-1'

2019-03-11 17:11:35 - [MESSAGE][PASSED] - Text ****** has been set on object 'Object Repository/Log In/Page_PMRS Web Application/input_Username_mat-input-1'

2019-03-11 17:11:35 - [TEST_STEP][PASSED] - click(findTestObject("Object Repository/Log In/Page_PMRS Web Application/button_Login")): Object: 'Object Repository/Log In/Page_PMRS Web Application/button_Login' is clicked on

2019-03-11 17:11:36 - [MESSAGE][PASSED] - Object: 'Object Repository/Log In/Page_PMRS Web Application/button_Login' is clicked on

2019-03-11 17:11:36 - [MESSAGE][PASSED] - Call Test Case 'Test Cases/Log In' successfully

2019-03-11 17:11:36 - [TEST_STEP][PASSED] - delay(1): Delayed 1 second(s)

2019-03-11 17:11:37 - [MESSAGE][PASSED] - Delayed 1 second(s)

2019-03-11 17:11:37 - [TEST_STEP][PASSED] - callTestCase(findTestCase("Change Doctors"), [:], STOP_ON_FAILURE): Call Test Case 'Test Cases/Change Doctors' successfully

2019-03-11 17:11:37 - [TEST_CASE][PASSED] - Test Cases/Change Doctors: Test Cases/Change Doctors

2019-03-11 17:11:37 - [TEST_STEP][PASSED] - click(findTestObject("Main/Page_PMRS Web Application/Landing Page/div_Dina  Tuto")): Object: 'Object Repository/Main/Page_PMRS Web Application/Landing Page/div_Dina  Tuto' is clicked on

2019-03-11 17:11:39 - [MESSAGE][PASSED] - Object: 'Object Repository/Main/Page_PMRS Web Application/Landing Page/div_Dina  Tuto' is clicked on

2019-03-11 17:11:39 - [TEST_STEP][PASSED] - delay(1): Delayed 1 second(s)

2019-03-11 17:11:40 - [MESSAGE][PASSED] - Delayed 1 second(s)

2019-03-11 17:11:40 - [TEST_STEP][PASSED] - click(findTestObject("Main/Page_PMRS Web Application/Landing Page/Doctor List Dropdown/mat-option_Gregor Di Matibag")): Object: 'Object Repository/Main/Page_PMRS Web Application/Landing Page/Doctor List Dropdown/mat-option_Gregor Di Matibag' is clicked on

2019-03-11 17:11:40 - [MESSAGE][PASSED] - Object: 'Object Repository/Main/Page_PMRS Web Application/Landing Page/Doctor List Dropdown/mat-option_Gregor Di Matibag' is clicked on

2019-03-11 17:11:40 - [MESSAGE][PASSED] - Call Test Case 'Test Cases/Change Doctors' successfully

2019-03-11 17:11:40 - [TEST_STEP][PASSED] - delay(1): Delayed 1 second(s)

2019-03-11 17:11:41 - [MESSAGE][PASSED] - Delayed 1 second(s)

2019-03-11 17:11:41 - [TEST_STEP][PASSED] - callTestCase(findTestCase("Add Appointment Button"), [:], STOP_ON_FAILURE): Call Test Case 'Test Cases/Add Appointment Button' successfully

2019-03-11 17:11:41 - [TEST_CASE][PASSED] - Test Cases/Add Appointment Button: Test Cases/Add Appointment Button

2019-03-11 17:11:41 - [TEST_STEP][PASSED] - verifyElementPresent(findTestObject("Main/Page_PMRS Web Application/Landing Page/Add Button"), 0): Object 'Object Repository/Main/Page_PMRS Web Application/Landing Page/Add Button' is present

2019-03-11 17:11:41 - [MESSAGE][WARNING] - Timeout '0' is invalid. Using default page load timeout: '30'

2019-03-11 17:11:41 - [MESSAGE][PASSED] - Object 'Object Repository/Main/Page_PMRS Web Application/Landing Page/Add Button' is present

2019-03-11 17:11:41 - [TEST_STEP][PASSED] - verifyElementVisible(findTestObject("Main/Page_PMRS Web Application/Landing Page/Add Button")): Object 'Object Repository/Main/Page_PMRS Web Application/Landing Page/Add Button' is visible

2019-03-11 17:11:41 - [MESSAGE][PASSED] - Object 'Object Repository/Main/Page_PMRS Web Application/Landing Page/Add Button' is visible

2019-03-11 17:11:41 - [TEST_STEP][PASSED] - click(findTestObject("Main/Page_PMRS Web Application/Landing Page/Add Button")): Object: 'Object Repository/Main/Page_PMRS Web Application/Landing Page/Add Button' is clicked on

2019-03-11 17:11:42 - [MESSAGE][PASSED] - Object: 'Object Repository/Main/Page_PMRS Web Application/Landing Page/Add Button' is clicked on

2019-03-11 17:11:42 - [MESSAGE][PASSED] - Call Test Case 'Test Cases/Add Appointment Button' successfully

2019-03-11 17:11:42 - [TEST_STEP][PASSED] - verifyElementVisible(findTestObject("Main/Page_PMRS Web Application/Dialog Elements/Labels, Titles/h1_Add Appointment"), STOP_ON_FAILURE): Object 'Object Repository/Main/Page_PMRS Web Application/Dialog Elements/Labels, Titles/h1_Add Appointment' is visible

2019-03-11 17:11:42 - [MESSAGE][PASSED] - Object 'Object Repository/Main/Page_PMRS Web Application/Dialog Elements/Labels, Titles/h1_Add Appointment' is visible

2019-03-11 17:11:42 - [TEST_STEP][PASSED] - verifyElementVisible(findTestObject("Main/Page_PMRS Web Application/Dialog Elements/Labels, Titles/p_DR DINA  TUTO")): Object 'Object Repository/Main/Page_PMRS Web Application/Dialog Elements/Labels, Titles/p_DR DINA  TUTO' is visible

2019-03-11 17:11:42 - [MESSAGE][PASSED] - Object 'Object Repository/Main/Page_PMRS Web Application/Dialog Elements/Labels, Titles/p_DR DINA  TUTO' is visible

2019-03-11 17:11:42 - [TEST_STEP][PASSED] - verifyElementVisible(findTestObject("Main/Page_PMRS Web Application/Dialog Elements/Labels, Titles/h6_EstimatedServiceTime"), STOP_ON_FAILURE): Object 'Object Repository/Main/Page_PMRS Web Application/Dialog Elements/Labels, Titles/h6_EstimatedServiceTime' is visible

2019-03-11 17:11:42 - [MESSAGE][PASSED] - Object 'Object Repository/Main/Page_PMRS Web Application/Dialog Elements/Labels, Titles/h6_EstimatedServiceTime' is visible

2019-03-11 17:11:42 - [TEST_STEP][PASSED] - verifyElementPresent(findTestObject("Main/Page_PMRS Web Application/Dialog Elements/Labels, Titles/h6_0400"), 0): Object 'Object Repository/Main/Page_PMRS Web Application/Dialog Elements/Labels, Titles/h6_0400' is present

2019-03-11 17:11:42 - [MESSAGE][WARNING] - Timeout '0' is invalid. Using default page load timeout: '30'

2019-03-11 17:11:42 - [MESSAGE][PASSED] - Object 'Object Repository/Main/Page_PMRS Web Application/Dialog Elements/Labels, Titles/h6_0400' is present

2019-03-11 17:11:42 - [TEST_STEP][PASSED] - verifyElementPresent(findTestObject("Main/Page_PMRS Web Application/Dialog Elements/Labels, Titles/h5_PM"), 0): Object 'Object Repository/Main/Page_PMRS Web Application/Dialog Elements/Labels, Titles/h5_PM' is present

2019-03-11 17:11:42 - [MESSAGE][WARNING] - Timeout '0' is invalid. Using default page load timeout: '30'

2019-03-11 17:11:42 - [MESSAGE][PASSED] - Object 'Object Repository/Main/Page_PMRS Web Application/Dialog Elements/Labels, Titles/h5_PM' is present

2019-03-11 17:11:42 - [TEST_STEP][PASSED] - verifyElementVisible(findTestObject("Main/Page_PMRS Web Application/Dialog Elements/Labels, Titles/mat-label_PATIENT"), STOP_ON_FAILURE): Object 'Object Repository/Main/Page_PMRS Web Application/Dialog Elements/Labels, Titles/mat-label_PATIENT' is visible

2019-03-11 17:11:42 - [MESSAGE][PASSED] - Object 'Object Repository/Main/Page_PMRS Web Application/Dialog Elements/Labels, Titles/mat-label_PATIENT' is visible

2019-03-11 17:11:42 - [TEST_STEP][PASSED] - verifyElementVisible(findTestObject("Main/Page_PMRS Web Application/Dialog Elements/input_PATIENT_mat-input-2")): Object 'Object Repository/Main/Page_PMRS Web Application/Dialog Elements/input_PATIENT_mat-input-2' is visible

2019-03-11 17:11:42 - [MESSAGE][PASSED] - Object 'Object Repository/Main/Page_PMRS Web Application/Dialog Elements/input_PATIENT_mat-input-2' is visible

2019-03-11 17:11:42 - [TEST_STEP][PASSED] - verifyElementText(findTestObject("Main/Page_PMRS Web Application/Dialog Elements/Labels, Titles/mat-label_NICKNAME"), "NICKNAME"): Actual text and expected text of test object 'Object Repository/Main/Page_PMRS Web Application/Dialog Elements/Labels, Titles/mat-label_NICKNAME' are matched.

2019-03-11 17:11:42 - [MESSAGE][PASSED] - Actual text and expected text of test object 'Object Repository/Main/Page_PMRS Web Application/Dialog Elements/Labels, Titles/mat-label_NICKNAME' are matched.

2019-03-11 17:11:42 - [TEST_STEP][PASSED] - verifyElementVisible(findTestObject("Main/Page_PMRS Web Application/Dialog Elements/input_NICKNAME_mat-input-3")): Object 'Object Repository/Main/Page_PMRS Web Application/Dialog Elements/input_NICKNAME_mat-input-3' is visible

2019-03-11 17:11:42 - [MESSAGE][PASSED] - Object 'Object Repository/Main/Page_PMRS Web Application/Dialog Elements/input_NICKNAME_mat-input-3' is visible

2019-03-11 17:11:42 - [TEST_STEP][PASSED] - verifyElementPresent(findTestObject("Main/Page_PMRS Web Application/Dialog Elements/Labels, Titles/label_PRIORITY PATIENT"), 0): Object 'Object Repository/Main/Page_PMRS Web Application/Dialog Elements/Labels, Titles/label_PRIORITY PATIENT' is present

2019-03-11 17:11:42 - [MESSAGE][WARNING] - Timeout '0' is invalid. Using default page load timeout: '30'

2019-03-11 17:11:42 - [MESSAGE][PASSED] - Object 'Object Repository/Main/Page_PMRS Web Application/Dialog Elements/Labels, Titles/label_PRIORITY PATIENT' is present

2019-03-11 17:11:42 - [TEST_STEP][PASSED] - verifyElementClickable(findTestObject("Main/Page_PMRS Web Application/Dialog Elements/div_NICKNAME_mat-checkbox-inner-container")): Object 'Object Repository/Main/Page_PMRS Web Application/Dialog Elements/div_NICKNAME_mat-checkbox-inner-container' is clickable

2019-03-11 17:11:43 - [MESSAGE][PASSED] - Object 'Object Repository/Main/Page_PMRS Web Application/Dialog Elements/div_NICKNAME_mat-checkbox-inner-container' is clickable

2019-03-11 17:11:43 - [TEST_STEP][PASSED] - click(findTestObject("Main/Page_PMRS Web Application/Dialog Elements/div_NICKNAME_mat-checkbox-inner-container")): Object: 'Object Repository/Main/Page_PMRS Web Application/Dialog Elements/div_NICKNAME_mat-checkbox-inner-container' is clicked on

2019-03-11 17:11:43 - [MESSAGE][PASSED] - Object: 'Object Repository/Main/Page_PMRS Web Application/Dialog Elements/div_NICKNAME_mat-checkbox-inner-container' is clicked on

2019-03-11 17:11:43 - [TEST_STEP][PASSED] - delay(1): Delayed 1 second(s)

2019-03-11 17:11:44 - [MESSAGE][PASSED] - Delayed 1 second(s)

2019-03-11 17:11:44 - [TEST_STEP][PASSED] - click(findTestObject("Main/Page_PMRS Web Application/Dialog Elements/div_NICKNAME_mat-checkbox-inner-container")): Object: 'Object Repository/Main/Page_PMRS Web Application/Dialog Elements/div_NICKNAME_mat-checkbox-inner-container' is clicked on

2019-03-11 17:11:44 - [MESSAGE][PASSED] - Object: 'Object Repository/Main/Page_PMRS Web Application/Dialog Elements/div_NICKNAME_mat-checkbox-inner-container' is clicked on

2019-03-11 17:11:44 - [TEST_STEP][PASSED] - verifyElementVisible(findTestObject("Main/Page_PMRS Web Application/Dialog Elements/Labels, Titles/mat-label_SELECT DATE  TIME"), STOP_ON_FAILURE): Object 'Object Repository/Main/Page_PMRS Web Application/Dialog Elements/Labels, Titles/mat-label_SELECT DATE  TIME' is visible

2019-03-11 17:11:44 - [MESSAGE][PASSED] - Object 'Object Repository/Main/Page_PMRS Web Application/Dialog Elements/Labels, Titles/mat-label_SELECT DATE  TIME' is visible

2019-03-11 17:11:44 - [TEST_STEP][PASSED] - click(findTestObject("Main/Page_PMRS Web Application/Dialog Elements/Labels, Titles/input_SELECT DATE  TIME_mat-input-4")): Object: 'Object Repository/Main/Page_PMRS Web Application/Dialog Elements/Labels, Titles/input_SELECT DATE  TIME_mat-input-4' is clicked on

2019-03-11 17:11:44 - [MESSAGE][PASSED] - Object: 'Object Repository/Main/Page_PMRS Web Application/Dialog Elements/Labels, Titles/input_SELECT DATE  TIME_mat-input-4' is clicked on

2019-03-11 17:11:44 - [TEST_STEP][PASSED] - verifyElementText(findTestObject("Main/Page_PMRS Web Application/Dialog Elements/Labels, Titles/p_By proceeding I confirm that I have obtained consent to store the PATIENT MOBILE NO.  NAME."), "By proceeding, I confirm that I have obtained consent to store the PATIENT MOBILE NO. & NAME."): Actual text and expected text of test object 'Object Repository/Main/Page_PMRS Web Application/Dialog Elements/Labels, Titles/p_By proceeding I confirm that I have obtained consent to store the PATIENT MOBILE NO.  NAME.' are matched.

2019-03-11 17:11:44 - [MESSAGE][PASSED] - Actual text and expected text of test object 'Object Repository/Main/Page_PMRS Web Application/Dialog Elements/Labels, Titles/p_By proceeding I confirm that I have obtained consent to store the PATIENT MOBILE NO.  NAME.' are matched.

2019-03-11 17:11:44 - [TEST_STEP][PASSED] - verifyElementVisible(findTestObject("Main/Page_PMRS Web Application/Dialog Elements/button_CONFIRM")): Object 'Object Repository/Main/Page_PMRS Web Application/Dialog Elements/button_CONFIRM' is visible

2019-03-11 17:11:44 - [MESSAGE][PASSED] - Object 'Object Repository/Main/Page_PMRS Web Application/Dialog Elements/button_CONFIRM' is visible

2019-03-11 17:11:44 - [TEST_STEP][PASSED] - verifyElementClickable(findTestObject("Main/Page_PMRS Web Application/Dialog Elements/button_CONFIRM")): Object 'Object Repository/Main/Page_PMRS Web Application/Dialog Elements/button_CONFIRM' is clickable

2019-03-11 17:11:44 - [MESSAGE][PASSED] - Object 'Object Repository/Main/Page_PMRS Web Application/Dialog Elements/button_CONFIRM' is clickable

2019-03-11 17:11:44 - [TEST_STEP][PASSED] - verifyElementVisible(findTestObject("Main/Page_PMRS Web Application/Dialog Elements/button_CANCEL")): Object 'Object Repository/Main/Page_PMRS Web Application/Dialog Elements/button_CANCEL' is visible

2019-03-11 17:11:44 - [MESSAGE][PASSED] - Object 'Object Repository/Main/Page_PMRS Web Application/Dialog Elements/button_CANCEL' is visible

2019-03-11 17:11:44 - [TEST_STEP][PASSED] - verifyElementClickable(findTestObject("Main/Page_PMRS Web Application/Dialog Elements/button_CANCEL")): Object 'Object Repository/Main/Page_PMRS Web Application/Dialog Elements/button_CANCEL' is clickable

2019-03-11 17:11:44 - [MESSAGE][PASSED] - Object 'Object Repository/Main/Page_PMRS Web Application/Dialog Elements/button_CANCEL' is clickable]]></system-out>
         <system-err><![CDATA[]]></system-err>
      </testcase>
      <testcase name="Test Cases/Queue Management/QM-012" classname="Test Cases/Queue Management/QM-012" status="PASSED">
         <system-out><![CDATA[2019-03-11 17:11:44 - [TEST_CASE][PASSED] - Test Cases/Queue Management/QM-012: Test Cases/Queue Management/QM-012

2019-03-11 17:11:44 - [TEST_STEP][PASSED] - openBrowser(""): Browser is opened with url: ''

2019-03-11 17:11:44 - [MESSAGE][WARNING] - A browser is already opened. Closing browser and opening a new one

2019-03-11 17:11:45 - [MESSAGE][INFO] - Starting 'Chrome' driver

2019-03-11 17:11:47 - [MESSAGE][PASSED] - Browser is opened with url: ''

2019-03-11 17:11:47 - [TEST_STEP][PASSED] - navigateToUrl("https://pmrsqa.eschost2.com/"): Navigate to 'https://pmrsqa.eschost2.com/' successfully

2019-03-11 17:11:56 - [MESSAGE][PASSED] - Navigate to 'https://pmrsqa.eschost2.com/' successfully

2019-03-11 17:11:56 - [TEST_STEP][PASSED] - callTestCase(findTestCase("Log In"), [:], STOP_ON_FAILURE): Call Test Case 'Test Cases/Log In' successfully

2019-03-11 17:11:56 - [TEST_CASE][PASSED] - Test Cases/Log In: Test Cases/Log In

2019-03-11 17:11:56 - [TEST_STEP][PASSED] - delay(2): Delayed 2 second(s)

2019-03-11 17:11:58 - [MESSAGE][PASSED] - Delayed 2 second(s)

2019-03-11 17:11:58 - [TEST_STEP][PASSED] - setText(findTestObject("Object Repository/Log In/Page_PMRS Web Application/input_Username_mat-input-0"), "hughes.m@electronicscience.com"): Text 'hughes.m@electronicscience.com' is set on object 'Object Repository/Log In/Page_PMRS Web Application/input_Username_mat-input-0'

2019-03-11 17:11:59 - [MESSAGE][PASSED] - Text 'hughes.m@electronicscience.com' is set on object 'Object Repository/Log In/Page_PMRS Web Application/input_Username_mat-input-0'

2019-03-11 17:11:59 - [TEST_STEP][PASSED] - setEncryptedText(findTestObject("Object Repository/Log In/Page_PMRS Web Application/input_Username_mat-input-1"), "pvl9UeBNnak165xxUnzI6w=="): Text ****** has been set on object 'Object Repository/Log In/Page_PMRS Web Application/input_Username_mat-input-1'

2019-03-11 17:11:59 - [MESSAGE][PASSED] - Text ****** has been set on object 'Object Repository/Log In/Page_PMRS Web Application/input_Username_mat-input-1'

2019-03-11 17:11:59 - [TEST_STEP][PASSED] - click(findTestObject("Object Repository/Log In/Page_PMRS Web Application/button_Login")): Object: 'Object Repository/Log In/Page_PMRS Web Application/button_Login' is clicked on

2019-03-11 17:11:59 - [MESSAGE][PASSED] - Object: 'Object Repository/Log In/Page_PMRS Web Application/button_Login' is clicked on

2019-03-11 17:11:59 - [MESSAGE][PASSED] - Call Test Case 'Test Cases/Log In' successfully

2019-03-11 17:11:59 - [TEST_STEP][PASSED] - delay(2): Delayed 2 second(s)

2019-03-11 17:12:01 - [MESSAGE][PASSED] - Delayed 2 second(s)

2019-03-11 17:12:01 - [TEST_STEP][PASSED] - callTestCase(findTestCase("Change Doctors"), [:], STOP_ON_FAILURE): Call Test Case 'Test Cases/Change Doctors' successfully

2019-03-11 17:12:01 - [TEST_CASE][PASSED] - Test Cases/Change Doctors: Test Cases/Change Doctors

2019-03-11 17:12:01 - [TEST_STEP][PASSED] - click(findTestObject("Main/Page_PMRS Web Application/Landing Page/div_Dina  Tuto")): Object: 'Object Repository/Main/Page_PMRS Web Application/Landing Page/div_Dina  Tuto' is clicked on

2019-03-11 17:12:02 - [MESSAGE][PASSED] - Object: 'Object Repository/Main/Page_PMRS Web Application/Landing Page/div_Dina  Tuto' is clicked on

2019-03-11 17:12:02 - [TEST_STEP][PASSED] - delay(1): Delayed 1 second(s)

2019-03-11 17:12:03 - [MESSAGE][PASSED] - Delayed 1 second(s)

2019-03-11 17:12:03 - [TEST_STEP][PASSED] - click(findTestObject("Main/Page_PMRS Web Application/Landing Page/Doctor List Dropdown/mat-option_Gregor Di Matibag")): Object: 'Object Repository/Main/Page_PMRS Web Application/Landing Page/Doctor List Dropdown/mat-option_Gregor Di Matibag' is clicked on

2019-03-11 17:12:03 - [MESSAGE][PASSED] - Object: 'Object Repository/Main/Page_PMRS Web Application/Landing Page/Doctor List Dropdown/mat-option_Gregor Di Matibag' is clicked on

2019-03-11 17:12:03 - [MESSAGE][PASSED] - Call Test Case 'Test Cases/Change Doctors' successfully

2019-03-11 17:12:03 - [TEST_STEP][PASSED] - delay(2): Delayed 2 second(s)

2019-03-11 17:12:05 - [MESSAGE][PASSED] - Delayed 2 second(s)

2019-03-11 17:12:05 - [TEST_STEP][PASSED] - callTestCase(findTestCase("Add Appointment Button"), [:], STOP_ON_FAILURE): Call Test Case 'Test Cases/Add Appointment Button' successfully

2019-03-11 17:12:05 - [TEST_CASE][PASSED] - Test Cases/Add Appointment Button: Test Cases/Add Appointment Button

2019-03-11 17:12:05 - [TEST_STEP][PASSED] - verifyElementPresent(findTestObject("Main/Page_PMRS Web Application/Landing Page/Add Button"), 0): Object 'Object Repository/Main/Page_PMRS Web Application/Landing Page/Add Button' is present

2019-03-11 17:12:05 - [MESSAGE][WARNING] - Timeout '0' is invalid. Using default page load timeout: '30'

2019-03-11 17:12:05 - [MESSAGE][PASSED] - Object 'Object Repository/Main/Page_PMRS Web Application/Landing Page/Add Button' is present

2019-03-11 17:12:05 - [TEST_STEP][PASSED] - verifyElementVisible(findTestObject("Main/Page_PMRS Web Application/Landing Page/Add Button")): Object 'Object Repository/Main/Page_PMRS Web Application/Landing Page/Add Button' is visible

2019-03-11 17:12:05 - [MESSAGE][PASSED] - Object 'Object Repository/Main/Page_PMRS Web Application/Landing Page/Add Button' is visible

2019-03-11 17:12:05 - [TEST_STEP][PASSED] - click(findTestObject("Main/Page_PMRS Web Application/Landing Page/Add Button")): Object: 'Object Repository/Main/Page_PMRS Web Application/Landing Page/Add Button' is clicked on

2019-03-11 17:12:06 - [MESSAGE][PASSED] - Object: 'Object Repository/Main/Page_PMRS Web Application/Landing Page/Add Button' is clicked on

2019-03-11 17:12:06 - [MESSAGE][PASSED] - Call Test Case 'Test Cases/Add Appointment Button' successfully

2019-03-11 17:12:06 - [TEST_STEP][PASSED] - verifyElementHasAttribute(findTestObject("Main/Page_PMRS Web Application/Dialog Elements/input_PATIENT_mat-input-2"), "ng-reflect-placeholder", 0): Object 'Object Repository/Main/Page_PMRS Web Application/Dialog Elements/input_PATIENT_mat-input-2' has attribute 'ng-reflect-placeholder'

2019-03-11 17:12:06 - [MESSAGE][WARNING] - Timeout '0' is invalid. Using default page load timeout: '30'

2019-03-11 17:12:06 - [MESSAGE][PASSED] - Object 'Object Repository/Main/Page_PMRS Web Application/Dialog Elements/input_PATIENT_mat-input-2' has attribute 'ng-reflect-placeholder'

2019-03-11 17:12:06 - [TEST_STEP][PASSED] - verifyElementAttributeValue(findTestObject("Main/Page_PMRS Web Application/Dialog Elements/input_PATIENT_mat-input-2"), "ng-reflect-placeholder", "Enter email address or mobile", 0): Object 'Object Repository/Main/Page_PMRS Web Application/Dialog Elements/input_PATIENT_mat-input-2' has attribute 'ng-reflect-placeholder' with value 'Enter email address or mobile'

2019-03-11 17:12:06 - [MESSAGE][WARNING] - Timeout '0' is invalid. Using default page load timeout: '30'

2019-03-11 17:12:06 - [MESSAGE][PASSED] - Object 'Object Repository/Main/Page_PMRS Web Application/Dialog Elements/input_PATIENT_mat-input-2' has attribute 'ng-reflect-placeholder' with value 'Enter email address or mobile']]></system-out>
         <system-err><![CDATA[]]></system-err>
      </testcase>
      <testcase name="Test Cases/Queue Management/QM-013" classname="Test Cases/Queue Management/QM-013" status="PASSED">
         <system-out><![CDATA[2019-03-11 17:12:06 - [TEST_CASE][PASSED] - Test Cases/Queue Management/QM-013: Test Cases/Queue Management/QM-013

2019-03-11 17:12:06 - [TEST_STEP][PASSED] - openBrowser(""): Browser is opened with url: ''

2019-03-11 17:12:06 - [MESSAGE][WARNING] - A browser is already opened. Closing browser and opening a new one

2019-03-11 17:12:07 - [MESSAGE][INFO] - Starting 'Chrome' driver

2019-03-11 17:12:08 - [MESSAGE][PASSED] - Browser is opened with url: ''

2019-03-11 17:12:08 - [TEST_STEP][PASSED] - navigateToUrl("https://pmrsqa.eschost2.com/"): Navigate to 'https://pmrsqa.eschost2.com/' successfully

2019-03-11 17:12:16 - [MESSAGE][PASSED] - Navigate to 'https://pmrsqa.eschost2.com/' successfully

2019-03-11 17:12:16 - [TEST_STEP][PASSED] - callTestCase(findTestCase("Log In"), [:], STOP_ON_FAILURE): Call Test Case 'Test Cases/Log In' successfully

2019-03-11 17:12:16 - [TEST_CASE][PASSED] - Test Cases/Log In: Test Cases/Log In

2019-03-11 17:12:16 - [TEST_STEP][PASSED] - delay(2): Delayed 2 second(s)

2019-03-11 17:12:18 - [MESSAGE][PASSED] - Delayed 2 second(s)

2019-03-11 17:12:18 - [TEST_STEP][PASSED] - setText(findTestObject("Object Repository/Log In/Page_PMRS Web Application/input_Username_mat-input-0"), "hughes.m@electronicscience.com"): Text 'hughes.m@electronicscience.com' is set on object 'Object Repository/Log In/Page_PMRS Web Application/input_Username_mat-input-0'

2019-03-11 17:12:19 - [MESSAGE][PASSED] - Text 'hughes.m@electronicscience.com' is set on object 'Object Repository/Log In/Page_PMRS Web Application/input_Username_mat-input-0'

2019-03-11 17:12:19 - [TEST_STEP][PASSED] - setEncryptedText(findTestObject("Object Repository/Log In/Page_PMRS Web Application/input_Username_mat-input-1"), "pvl9UeBNnak165xxUnzI6w=="): Text ****** has been set on object 'Object Repository/Log In/Page_PMRS Web Application/input_Username_mat-input-1'

2019-03-11 17:12:19 - [MESSAGE][PASSED] - Text ****** has been set on object 'Object Repository/Log In/Page_PMRS Web Application/input_Username_mat-input-1'

2019-03-11 17:12:19 - [TEST_STEP][PASSED] - click(findTestObject("Object Repository/Log In/Page_PMRS Web Application/button_Login")): Object: 'Object Repository/Log In/Page_PMRS Web Application/button_Login' is clicked on

2019-03-11 17:12:20 - [MESSAGE][PASSED] - Object: 'Object Repository/Log In/Page_PMRS Web Application/button_Login' is clicked on

2019-03-11 17:12:20 - [MESSAGE][PASSED] - Call Test Case 'Test Cases/Log In' successfully

2019-03-11 17:12:20 - [TEST_STEP][PASSED] - delay(2): Delayed 2 second(s)

2019-03-11 17:12:22 - [MESSAGE][PASSED] - Delayed 2 second(s)

2019-03-11 17:12:22 - [TEST_STEP][PASSED] - callTestCase(findTestCase("Change Doctors"), [:], STOP_ON_FAILURE): Call Test Case 'Test Cases/Change Doctors' successfully

2019-03-11 17:12:22 - [TEST_CASE][PASSED] - Test Cases/Change Doctors: Test Cases/Change Doctors

2019-03-11 17:12:22 - [TEST_STEP][PASSED] - click(findTestObject("Main/Page_PMRS Web Application/Landing Page/div_Dina  Tuto")): Object: 'Object Repository/Main/Page_PMRS Web Application/Landing Page/div_Dina  Tuto' is clicked on

2019-03-11 17:12:23 - [MESSAGE][PASSED] - Object: 'Object Repository/Main/Page_PMRS Web Application/Landing Page/div_Dina  Tuto' is clicked on

2019-03-11 17:12:23 - [TEST_STEP][PASSED] - delay(1): Delayed 1 second(s)

2019-03-11 17:12:24 - [MESSAGE][PASSED] - Delayed 1 second(s)

2019-03-11 17:12:24 - [TEST_STEP][PASSED] - click(findTestObject("Main/Page_PMRS Web Application/Landing Page/Doctor List Dropdown/mat-option_Gregor Di Matibag")): Object: 'Object Repository/Main/Page_PMRS Web Application/Landing Page/Doctor List Dropdown/mat-option_Gregor Di Matibag' is clicked on

2019-03-11 17:12:24 - [MESSAGE][PASSED] - Object: 'Object Repository/Main/Page_PMRS Web Application/Landing Page/Doctor List Dropdown/mat-option_Gregor Di Matibag' is clicked on

2019-03-11 17:12:24 - [MESSAGE][PASSED] - Call Test Case 'Test Cases/Change Doctors' successfully

2019-03-11 17:12:24 - [TEST_STEP][PASSED] - delay(2): Delayed 2 second(s)

2019-03-11 17:12:26 - [MESSAGE][PASSED] - Delayed 2 second(s)

2019-03-11 17:12:26 - [TEST_STEP][PASSED] - callTestCase(findTestCase("Add Appointment Button"), [:], STOP_ON_FAILURE): Call Test Case 'Test Cases/Add Appointment Button' successfully

2019-03-11 17:12:26 - [TEST_CASE][PASSED] - Test Cases/Add Appointment Button: Test Cases/Add Appointment Button

2019-03-11 17:12:26 - [TEST_STEP][PASSED] - verifyElementPresent(findTestObject("Main/Page_PMRS Web Application/Landing Page/Add Button"), 0): Object 'Object Repository/Main/Page_PMRS Web Application/Landing Page/Add Button' is present

2019-03-11 17:12:26 - [MESSAGE][WARNING] - Timeout '0' is invalid. Using default page load timeout: '30'

2019-03-11 17:12:26 - [MESSAGE][PASSED] - Object 'Object Repository/Main/Page_PMRS Web Application/Landing Page/Add Button' is present

2019-03-11 17:12:26 - [TEST_STEP][PASSED] - verifyElementVisible(findTestObject("Main/Page_PMRS Web Application/Landing Page/Add Button")): Object 'Object Repository/Main/Page_PMRS Web Application/Landing Page/Add Button' is visible

2019-03-11 17:12:26 - [MESSAGE][PASSED] - Object 'Object Repository/Main/Page_PMRS Web Application/Landing Page/Add Button' is visible

2019-03-11 17:12:26 - [TEST_STEP][PASSED] - click(findTestObject("Main/Page_PMRS Web Application/Landing Page/Add Button")): Object: 'Object Repository/Main/Page_PMRS Web Application/Landing Page/Add Button' is clicked on

2019-03-11 17:12:26 - [MESSAGE][PASSED] - Object: 'Object Repository/Main/Page_PMRS Web Application/Landing Page/Add Button' is clicked on

2019-03-11 17:12:26 - [MESSAGE][PASSED] - Call Test Case 'Test Cases/Add Appointment Button' successfully

2019-03-11 17:12:26 - [TEST_STEP][PASSED] - setText(findTestObject("Main/Page_PMRS Web Application/Dialog Elements/input_PATIENT_mat-input-2"), "12341][234P];\"): Text '12341][234P];\' is set on object 'Object Repository/Main/Page_PMRS Web Application/Dialog Elements/input_PATIENT_mat-input-2'

2019-03-11 17:12:27 - [MESSAGE][PASSED] - Text '12341][234P];\' is set on object 'Object Repository/Main/Page_PMRS Web Application/Dialog Elements/input_PATIENT_mat-input-2'

2019-03-11 17:12:27 - [TEST_STEP][PASSED] - setText(findTestObject("Main/Page_PMRS Web Application/Dialog Elements/input_NICKNAME_mat-input-3"), "2134][;34][1;"): Text '2134][;34][1;' is set on object 'Object Repository/Main/Page_PMRS Web Application/Dialog Elements/input_NICKNAME_mat-input-3'

2019-03-11 17:12:27 - [MESSAGE][PASSED] - Text '2134][;34][1;' is set on object 'Object Repository/Main/Page_PMRS Web Application/Dialog Elements/input_NICKNAME_mat-input-3'

2019-03-11 17:12:27 - [TEST_STEP][PASSED] - click(findTestObject("Main/Page_PMRS Web Application/Dialog Elements/button_CONFIRM")): Object: 'Object Repository/Main/Page_PMRS Web Application/Dialog Elements/button_CONFIRM' is clicked on

2019-03-11 17:12:27 - [MESSAGE][PASSED] - Object: 'Object Repository/Main/Page_PMRS Web Application/Dialog Elements/button_CONFIRM' is clicked on

2019-03-11 17:12:27 - [TEST_STEP][PASSED] - delay(1): Delayed 1 second(s)

2019-03-11 17:12:28 - [MESSAGE][PASSED] - Delayed 1 second(s)

2019-03-11 17:12:28 - [TEST_STEP][PASSED] - click(findTestObject("Main/Page_PMRS Web Application/Dialog Elements/button_CONFIRM")): Object: 'Object Repository/Main/Page_PMRS Web Application/Dialog Elements/button_CONFIRM' is clicked on

2019-03-11 17:12:29 - [MESSAGE][PASSED] - Object: 'Object Repository/Main/Page_PMRS Web Application/Dialog Elements/button_CONFIRM' is clicked on

2019-03-11 17:12:29 - [TEST_STEP][PASSED] - delay(2): Delayed 2 second(s)

2019-03-11 17:12:31 - [MESSAGE][PASSED] - Delayed 2 second(s)

2019-03-11 17:12:31 - [TEST_STEP][PASSED] - setText(findTestObject("Main/Page_PMRS Web Application/Dialog Elements/input_PATIENT_mat-input-2"), "TEST@gmail.com"): Text 'TEST@gmail.com' is set on object 'Object Repository/Main/Page_PMRS Web Application/Dialog Elements/input_PATIENT_mat-input-2'

2019-03-11 17:12:31 - [MESSAGE][PASSED] - Text 'TEST@gmail.com' is set on object 'Object Repository/Main/Page_PMRS Web Application/Dialog Elements/input_PATIENT_mat-input-2'

2019-03-11 17:12:31 - [TEST_STEP][PASSED] - setText(findTestObject("Main/Page_PMRS Web Application/Dialog Elements/input_NICKNAME_mat-input-3"), "testname"): Text 'testname' is set on object 'Object Repository/Main/Page_PMRS Web Application/Dialog Elements/input_NICKNAME_mat-input-3'

2019-03-11 17:12:31 - [MESSAGE][PASSED] - Text 'testname' is set on object 'Object Repository/Main/Page_PMRS Web Application/Dialog Elements/input_NICKNAME_mat-input-3'

2019-03-11 17:12:31 - [TEST_STEP][PASSED] - click(findTestObject("Main/Page_PMRS Web Application/Dialog Elements/button_CONFIRM")): Object: 'Object Repository/Main/Page_PMRS Web Application/Dialog Elements/button_CONFIRM' is clicked on

2019-03-11 17:12:31 - [MESSAGE][PASSED] - Object: 'Object Repository/Main/Page_PMRS Web Application/Dialog Elements/button_CONFIRM' is clicked on]]></system-out>
         <system-err><![CDATA[]]></system-err>
      </testcase>
      <testcase name="Test Cases/Queue Management/QM-014" classname="Test Cases/Queue Management/QM-014" status="PASSED">
         <system-out><![CDATA[2019-03-11 17:12:31 - [TEST_CASE][PASSED] - Test Cases/Queue Management/QM-014: Test Cases/Queue Management/QM-014

2019-03-11 17:12:32 - [TEST_STEP][PASSED] - openBrowser(""): Browser is opened with url: ''

2019-03-11 17:12:32 - [MESSAGE][WARNING] - A browser is already opened. Closing browser and opening a new one

2019-03-11 17:12:32 - [MESSAGE][INFO] - Starting 'Chrome' driver

2019-03-11 17:12:34 - [MESSAGE][PASSED] - Browser is opened with url: ''

2019-03-11 17:12:34 - [TEST_STEP][PASSED] - navigateToUrl("https://pmrsqa.eschost2.com/"): Navigate to 'https://pmrsqa.eschost2.com/' successfully

2019-03-11 17:12:49 - [MESSAGE][PASSED] - Navigate to 'https://pmrsqa.eschost2.com/' successfully

2019-03-11 17:12:49 - [TEST_STEP][PASSED] - callTestCase(findTestCase("Log In"), [:], STOP_ON_FAILURE): Call Test Case 'Test Cases/Log In' successfully

2019-03-11 17:12:49 - [TEST_CASE][PASSED] - Test Cases/Log In: Test Cases/Log In

2019-03-11 17:12:49 - [TEST_STEP][PASSED] - delay(2): Delayed 2 second(s)

2019-03-11 17:12:51 - [MESSAGE][PASSED] - Delayed 2 second(s)

2019-03-11 17:12:51 - [TEST_STEP][PASSED] - setText(findTestObject("Object Repository/Log In/Page_PMRS Web Application/input_Username_mat-input-0"), "hughes.m@electronicscience.com"): Text 'hughes.m@electronicscience.com' is set on object 'Object Repository/Log In/Page_PMRS Web Application/input_Username_mat-input-0'

2019-03-11 17:12:52 - [MESSAGE][PASSED] - Text 'hughes.m@electronicscience.com' is set on object 'Object Repository/Log In/Page_PMRS Web Application/input_Username_mat-input-0'

2019-03-11 17:12:52 - [TEST_STEP][PASSED] - setEncryptedText(findTestObject("Object Repository/Log In/Page_PMRS Web Application/input_Username_mat-input-1"), "pvl9UeBNnak165xxUnzI6w=="): Text ****** has been set on object 'Object Repository/Log In/Page_PMRS Web Application/input_Username_mat-input-1'

2019-03-11 17:12:52 - [MESSAGE][PASSED] - Text ****** has been set on object 'Object Repository/Log In/Page_PMRS Web Application/input_Username_mat-input-1'

2019-03-11 17:12:52 - [TEST_STEP][PASSED] - click(findTestObject("Object Repository/Log In/Page_PMRS Web Application/button_Login")): Object: 'Object Repository/Log In/Page_PMRS Web Application/button_Login' is clicked on

2019-03-11 17:12:52 - [MESSAGE][PASSED] - Object: 'Object Repository/Log In/Page_PMRS Web Application/button_Login' is clicked on

2019-03-11 17:12:52 - [MESSAGE][PASSED] - Call Test Case 'Test Cases/Log In' successfully

2019-03-11 17:12:52 - [TEST_STEP][PASSED] - delay(2): Delayed 2 second(s)

2019-03-11 17:12:54 - [MESSAGE][PASSED] - Delayed 2 second(s)

2019-03-11 17:12:54 - [TEST_STEP][PASSED] - callTestCase(findTestCase("Change Doctors"), [:], STOP_ON_FAILURE): Call Test Case 'Test Cases/Change Doctors' successfully

2019-03-11 17:12:55 - [TEST_CASE][PASSED] - Test Cases/Change Doctors: Test Cases/Change Doctors

2019-03-11 17:12:55 - [TEST_STEP][PASSED] - click(findTestObject("Main/Page_PMRS Web Application/Landing Page/div_Dina  Tuto")): Object: 'Object Repository/Main/Page_PMRS Web Application/Landing Page/div_Dina  Tuto' is clicked on

2019-03-11 17:12:55 - [MESSAGE][PASSED] - Object: 'Object Repository/Main/Page_PMRS Web Application/Landing Page/div_Dina  Tuto' is clicked on

2019-03-11 17:12:55 - [TEST_STEP][PASSED] - delay(1): Delayed 1 second(s)

2019-03-11 17:12:56 - [MESSAGE][PASSED] - Delayed 1 second(s)

2019-03-11 17:12:56 - [TEST_STEP][PASSED] - click(findTestObject("Main/Page_PMRS Web Application/Landing Page/Doctor List Dropdown/mat-option_Gregor Di Matibag")): Object: 'Object Repository/Main/Page_PMRS Web Application/Landing Page/Doctor List Dropdown/mat-option_Gregor Di Matibag' is clicked on

2019-03-11 17:12:56 - [MESSAGE][PASSED] - Object: 'Object Repository/Main/Page_PMRS Web Application/Landing Page/Doctor List Dropdown/mat-option_Gregor Di Matibag' is clicked on

2019-03-11 17:12:56 - [MESSAGE][PASSED] - Call Test Case 'Test Cases/Change Doctors' successfully

2019-03-11 17:12:56 - [TEST_STEP][PASSED] - delay(2): Delayed 2 second(s)

2019-03-11 17:12:58 - [MESSAGE][PASSED] - Delayed 2 second(s)

2019-03-11 17:12:58 - [TEST_STEP][PASSED] - callTestCase(findTestCase("Add Appointment Button"), [:], STOP_ON_FAILURE): Call Test Case 'Test Cases/Add Appointment Button' successfully

2019-03-11 17:12:58 - [TEST_CASE][PASSED] - Test Cases/Add Appointment Button: Test Cases/Add Appointment Button

2019-03-11 17:12:58 - [TEST_STEP][PASSED] - verifyElementPresent(findTestObject("Main/Page_PMRS Web Application/Landing Page/Add Button"), 0): Object 'Object Repository/Main/Page_PMRS Web Application/Landing Page/Add Button' is present

2019-03-11 17:12:58 - [MESSAGE][WARNING] - Timeout '0' is invalid. Using default page load timeout: '30'

2019-03-11 17:12:58 - [MESSAGE][PASSED] - Object 'Object Repository/Main/Page_PMRS Web Application/Landing Page/Add Button' is present

2019-03-11 17:12:58 - [TEST_STEP][PASSED] - verifyElementVisible(findTestObject("Main/Page_PMRS Web Application/Landing Page/Add Button")): Object 'Object Repository/Main/Page_PMRS Web Application/Landing Page/Add Button' is visible

2019-03-11 17:12:58 - [MESSAGE][PASSED] - Object 'Object Repository/Main/Page_PMRS Web Application/Landing Page/Add Button' is visible

2019-03-11 17:12:58 - [TEST_STEP][PASSED] - click(findTestObject("Main/Page_PMRS Web Application/Landing Page/Add Button")): Object: 'Object Repository/Main/Page_PMRS Web Application/Landing Page/Add Button' is clicked on

2019-03-11 17:12:58 - [MESSAGE][PASSED] - Object: 'Object Repository/Main/Page_PMRS Web Application/Landing Page/Add Button' is clicked on

2019-03-11 17:12:58 - [MESSAGE][PASSED] - Call Test Case 'Test Cases/Add Appointment Button' successfully

2019-03-11 17:12:58 - [TEST_STEP][PASSED] - setText(findTestObject("Main/Page_PMRS Web Application/Dialog Elements/input_PATIENT_mat-input-2"), "123]412'3]421'34]"): Text '123]412'3]421'34]' is set on object 'Object Repository/Main/Page_PMRS Web Application/Dialog Elements/input_PATIENT_mat-input-2'

2019-03-11 17:12:59 - [MESSAGE][PASSED] - Text '123]412'3]421'34]' is set on object 'Object Repository/Main/Page_PMRS Web Application/Dialog Elements/input_PATIENT_mat-input-2'

2019-03-11 17:12:59 - [TEST_STEP][PASSED] - click(findTestObject("Main/Page_PMRS Web Application/Dialog Elements/button_CONFIRM")): Object: 'Object Repository/Main/Page_PMRS Web Application/Dialog Elements/button_CONFIRM' is clicked on

2019-03-11 17:12:59 - [MESSAGE][PASSED] - Object: 'Object Repository/Main/Page_PMRS Web Application/Dialog Elements/button_CONFIRM' is clicked on

2019-03-11 17:12:59 - [TEST_STEP][PASSED] - delay(2): Delayed 2 second(s)

2019-03-11 17:13:01 - [MESSAGE][PASSED] - Delayed 2 second(s)

2019-03-11 17:13:01 - [TEST_STEP][PASSED] - verifyElementVisible(findTestObject("Main/Page_PMRS Web Application/Dialog Elements/Error Messages/div_Invalid Input"), STOP_ON_FAILURE): Object 'Object Repository/Main/Page_PMRS Web Application/Dialog Elements/Error Messages/div_Invalid Input' is visible

2019-03-11 17:13:01 - [MESSAGE][PASSED] - Object 'Object Repository/Main/Page_PMRS Web Application/Dialog Elements/Error Messages/div_Invalid Input' is visible]]></system-out>
         <system-err><![CDATA[]]></system-err>
      </testcase>
      <testcase name="Test Cases/Queue Management/QM-015" classname="Test Cases/Queue Management/QM-015" status="PASSED">
         <system-out><![CDATA[2019-03-11 17:13:01 - [TEST_CASE][PASSED] - Test Cases/Queue Management/QM-015: Test Cases/Queue Management/QM-015

2019-03-11 17:13:02 - [TEST_STEP][PASSED] - openBrowser(""): Browser is opened with url: ''

2019-03-11 17:13:02 - [MESSAGE][WARNING] - A browser is already opened. Closing browser and opening a new one

2019-03-11 17:13:02 - [MESSAGE][INFO] - Starting 'Chrome' driver

2019-03-11 17:13:04 - [MESSAGE][PASSED] - Browser is opened with url: ''

2019-03-11 17:13:04 - [TEST_STEP][PASSED] - navigateToUrl("https://pmrsqa.eschost2.com/"): Navigate to 'https://pmrsqa.eschost2.com/' successfully

2019-03-11 17:13:06 - [MESSAGE][PASSED] - Navigate to 'https://pmrsqa.eschost2.com/' successfully

2019-03-11 17:13:06 - [TEST_STEP][PASSED] - callTestCase(findTestCase("Log In"), [:], STOP_ON_FAILURE): Call Test Case 'Test Cases/Log In' successfully

2019-03-11 17:13:07 - [TEST_CASE][PASSED] - Test Cases/Log In: Test Cases/Log In

2019-03-11 17:13:07 - [TEST_STEP][PASSED] - delay(2): Delayed 2 second(s)

2019-03-11 17:13:09 - [MESSAGE][PASSED] - Delayed 2 second(s)

2019-03-11 17:13:09 - [TEST_STEP][PASSED] - setText(findTestObject("Object Repository/Log In/Page_PMRS Web Application/input_Username_mat-input-0"), "hughes.m@electronicscience.com"): Text 'hughes.m@electronicscience.com' is set on object 'Object Repository/Log In/Page_PMRS Web Application/input_Username_mat-input-0'

2019-03-11 17:13:09 - [MESSAGE][PASSED] - Text 'hughes.m@electronicscience.com' is set on object 'Object Repository/Log In/Page_PMRS Web Application/input_Username_mat-input-0'

2019-03-11 17:13:09 - [TEST_STEP][PASSED] - setEncryptedText(findTestObject("Object Repository/Log In/Page_PMRS Web Application/input_Username_mat-input-1"), "pvl9UeBNnak165xxUnzI6w=="): Text ****** has been set on object 'Object Repository/Log In/Page_PMRS Web Application/input_Username_mat-input-1'

2019-03-11 17:13:09 - [MESSAGE][PASSED] - Text ****** has been set on object 'Object Repository/Log In/Page_PMRS Web Application/input_Username_mat-input-1'

2019-03-11 17:13:09 - [TEST_STEP][PASSED] - click(findTestObject("Object Repository/Log In/Page_PMRS Web Application/button_Login")): Object: 'Object Repository/Log In/Page_PMRS Web Application/button_Login' is clicked on

2019-03-11 17:13:10 - [MESSAGE][PASSED] - Object: 'Object Repository/Log In/Page_PMRS Web Application/button_Login' is clicked on

2019-03-11 17:13:10 - [MESSAGE][PASSED] - Call Test Case 'Test Cases/Log In' successfully

2019-03-11 17:13:10 - [TEST_STEP][PASSED] - delay(0): Delayed 0 second(s)

2019-03-11 17:13:10 - [MESSAGE][PASSED] - Delayed 0 second(s)

2019-03-11 17:13:10 - [TEST_STEP][PASSED] - callTestCase(findTestCase("Change Doctors"), [:], STOP_ON_FAILURE): Call Test Case 'Test Cases/Change Doctors' successfully

2019-03-11 17:13:10 - [TEST_CASE][PASSED] - Test Cases/Change Doctors: Test Cases/Change Doctors

2019-03-11 17:13:10 - [TEST_STEP][PASSED] - click(findTestObject("Main/Page_PMRS Web Application/Landing Page/div_Dina  Tuto")): Object: 'Object Repository/Main/Page_PMRS Web Application/Landing Page/div_Dina  Tuto' is clicked on

2019-03-11 17:13:12 - [MESSAGE][PASSED] - Object: 'Object Repository/Main/Page_PMRS Web Application/Landing Page/div_Dina  Tuto' is clicked on

2019-03-11 17:13:12 - [TEST_STEP][PASSED] - delay(1): Delayed 1 second(s)

2019-03-11 17:13:13 - [MESSAGE][PASSED] - Delayed 1 second(s)

2019-03-11 17:13:13 - [TEST_STEP][PASSED] - click(findTestObject("Main/Page_PMRS Web Application/Landing Page/Doctor List Dropdown/mat-option_Gregor Di Matibag")): Object: 'Object Repository/Main/Page_PMRS Web Application/Landing Page/Doctor List Dropdown/mat-option_Gregor Di Matibag' is clicked on

2019-03-11 17:13:13 - [MESSAGE][PASSED] - Object: 'Object Repository/Main/Page_PMRS Web Application/Landing Page/Doctor List Dropdown/mat-option_Gregor Di Matibag' is clicked on

2019-03-11 17:13:13 - [MESSAGE][PASSED] - Call Test Case 'Test Cases/Change Doctors' successfully

2019-03-11 17:13:13 - [TEST_STEP][PASSED] - delay(0): Delayed 0 second(s)

2019-03-11 17:13:13 - [MESSAGE][PASSED] - Delayed 0 second(s)

2019-03-11 17:13:13 - [TEST_STEP][PASSED] - callTestCase(findTestCase("Add Appointment Button"), [:], STOP_ON_FAILURE): Call Test Case 'Test Cases/Add Appointment Button' successfully

2019-03-11 17:13:13 - [TEST_CASE][PASSED] - Test Cases/Add Appointment Button: Test Cases/Add Appointment Button

2019-03-11 17:13:13 - [TEST_STEP][PASSED] - verifyElementPresent(findTestObject("Main/Page_PMRS Web Application/Landing Page/Add Button"), 0): Object 'Object Repository/Main/Page_PMRS Web Application/Landing Page/Add Button' is present

2019-03-11 17:13:13 - [MESSAGE][WARNING] - Timeout '0' is invalid. Using default page load timeout: '30'

2019-03-11 17:13:14 - [MESSAGE][PASSED] - Object 'Object Repository/Main/Page_PMRS Web Application/Landing Page/Add Button' is present

2019-03-11 17:13:14 - [TEST_STEP][PASSED] - verifyElementVisible(findTestObject("Main/Page_PMRS Web Application/Landing Page/Add Button")): Object 'Object Repository/Main/Page_PMRS Web Application/Landing Page/Add Button' is visible

2019-03-11 17:13:14 - [MESSAGE][PASSED] - Object 'Object Repository/Main/Page_PMRS Web Application/Landing Page/Add Button' is visible

2019-03-11 17:13:14 - [TEST_STEP][PASSED] - click(findTestObject("Main/Page_PMRS Web Application/Landing Page/Add Button")): Object: 'Object Repository/Main/Page_PMRS Web Application/Landing Page/Add Button' is clicked on

2019-03-11 17:13:14 - [MESSAGE][PASSED] - Object: 'Object Repository/Main/Page_PMRS Web Application/Landing Page/Add Button' is clicked on

2019-03-11 17:13:14 - [MESSAGE][PASSED] - Call Test Case 'Test Cases/Add Appointment Button' successfully

2019-03-11 17:13:14 - [TEST_STEP][PASSED] - setText(findTestObject("Main/Page_PMRS Web Application/Dialog Elements/input_PATIENT_mat-input-2"), "test@gmail.com"): Text 'test@gmail.com' is set on object 'Object Repository/Main/Page_PMRS Web Application/Dialog Elements/input_PATIENT_mat-input-2'

2019-03-11 17:13:15 - [MESSAGE][PASSED] - Text 'test@gmail.com' is set on object 'Object Repository/Main/Page_PMRS Web Application/Dialog Elements/input_PATIENT_mat-input-2'

2019-03-11 17:13:15 - [TEST_STEP][PASSED] - click(findTestObject("Main/Page_PMRS Web Application/Dialog Elements/Labels, Titles/h1_Add Appointment")): Object: 'Object Repository/Main/Page_PMRS Web Application/Dialog Elements/Labels, Titles/h1_Add Appointment' is clicked on

2019-03-11 17:13:15 - [MESSAGE][PASSED] - Object: 'Object Repository/Main/Page_PMRS Web Application/Dialog Elements/Labels, Titles/h1_Add Appointment' is clicked on

2019-03-11 17:13:15 - [TEST_STEP][PASSED] - setText(findTestObject("Main/Page_PMRS Web Application/Dialog Elements/input_NICKNAME_mat-input-3"), "testname"): Text 'testname' is set on object 'Object Repository/Main/Page_PMRS Web Application/Dialog Elements/input_NICKNAME_mat-input-3'

2019-03-11 17:13:15 - [MESSAGE][PASSED] - Text 'testname' is set on object 'Object Repository/Main/Page_PMRS Web Application/Dialog Elements/input_NICKNAME_mat-input-3'

2019-03-11 17:13:15 - [TEST_STEP][PASSED] - click(findTestObject("Main/Page_PMRS Web Application/Dialog Elements/div_SELECT DATE  TIME_mat-select-arrow-wrapper")): Object: 'Object Repository/Main/Page_PMRS Web Application/Dialog Elements/div_SELECT DATE  TIME_mat-select-arrow-wrapper' is clicked on

2019-03-11 17:13:15 - [MESSAGE][PASSED] - Object: 'Object Repository/Main/Page_PMRS Web Application/Dialog Elements/div_SELECT DATE  TIME_mat-select-arrow-wrapper' is clicked on

2019-03-11 17:13:15 - [TEST_STEP][PASSED] - click(findTestObject("Main/Page_PMRS Web Application/Dialog Elements/div_    08")): Object: 'Object Repository/Main/Page_PMRS Web Application/Dialog Elements/div_    08' is clicked on

2019-03-11 17:13:16 - [MESSAGE][PASSED] - Object: 'Object Repository/Main/Page_PMRS Web Application/Dialog Elements/div_    08' is clicked on

2019-03-11 17:13:16 - [TEST_STEP][PASSED] - click(findTestObject("Main/Page_PMRS Web Application/Dialog Elements/button_CONFIRM")): Object: 'Object Repository/Main/Page_PMRS Web Application/Dialog Elements/button_CONFIRM' is clicked on

2019-03-11 17:13:16 - [MESSAGE][PASSED] - Object: 'Object Repository/Main/Page_PMRS Web Application/Dialog Elements/button_CONFIRM' is clicked on]]></system-out>
         <system-err><![CDATA[]]></system-err>
      </testcase>
      <testcase name="Test Cases/Queue Management/QM-016" classname="Test Cases/Queue Management/QM-016" status="FAILED">
         <failure type="FAILED" message="Test Cases/Queue Management/QM-016 FAILED.
Reason:
com.kms.katalon.core.exception.StepFailedException: Call Test Case 'Test Cases/Add Appointment Button' failed
	at com.kms.katalon.core.keyword.builtin.CallTestCaseKeyword$_callTestCase_closure1.doCall(CallTestCaseKeyword.groovy:63)
	at com.kms.katalon.core.keyword.builtin.CallTestCaseKeyword$_callTestCase_closure1.call(CallTestCaseKeyword.groovy)
	at com.kms.katalon.core.keyword.internal.KeywordMain.runKeyword(KeywordMain.groovy:66)
	at com.kms.katalon.core.keyword.builtin.CallTestCaseKeyword.callTestCase(CallTestCaseKeyword.groovy:81)
	at com.kms.katalon.core.keyword.builtin.CallTestCaseKeyword.execute(CallTestCaseKeyword.groovy:44)
	at com.kms.katalon.core.keyword.internal.KeywordExecutor.executeKeywordForPlatform(KeywordExecutor.groovy:56)
	at com.kms.katalon.core.keyword.BuiltinKeywords.callTestCase(BuiltinKeywords.groovy:334)
	at QM-016.run(QM-016:28)
	at com.kms.katalon.core.main.ScriptEngine.run(ScriptEngine.java:194)
	at com.kms.katalon.core.main.ScriptEngine.runScriptAsRawText(ScriptEngine.java:119)
	at com.kms.katalon.core.main.TestCaseExecutor.runScript(TestCaseExecutor.java:331)
	at com.kms.katalon.core.main.TestCaseExecutor.doExecute(TestCaseExecutor.java:322)
	at com.kms.katalon.core.main.TestCaseExecutor.processExecutionPhase(TestCaseExecutor.java:301)
	at com.kms.katalon.core.main.TestCaseExecutor.accessMainPhase(TestCaseExecutor.java:293)
	at com.kms.katalon.core.main.TestCaseExecutor.execute(TestCaseExecutor.java:227)
	at com.kms.katalon.core.main.TestSuiteExecutor.accessTestCaseMainPhase(TestSuiteExecutor.java:129)
	at com.kms.katalon.core.main.TestSuiteExecutor.accessTestSuiteMainPhase(TestSuiteExecutor.java:112)
	at com.kms.katalon.core.main.TestSuiteExecutor.execute(TestSuiteExecutor.java:81)
	at com.kms.katalon.core.main.TestCaseMain.startTestSuite(TestCaseMain.java:157)
	at com.kms.katalon.core.main.TestCaseMain$startTestSuite$0.call(Unknown Source)
	at TempTestSuite1552295464187.run(TempTestSuite1552295464187.groovy:35)
Caused by: com.kms.katalon.core.exception.StepFailedException: Unable to verify object 'Object Repository/Main/Page_PMRS Web Application/Landing Page/Add Button' is present
	at com.kms.katalon.core.keyword.internal.KeywordMain.stepFailed(KeywordMain.groovy:48)
	at com.kms.katalon.core.webui.keyword.internal.WebUIKeywordMain.stepFailed(WebUIKeywordMain.groovy:65)
	at com.kms.katalon.core.webui.keyword.internal.WebUIKeywordMain.runKeyword(WebUIKeywordMain.groovy:27)
	at com.kms.katalon.core.webui.keyword.builtin.VerifyElementPresentKeyword.verifyElementPresent(VerifyElementPresentKeyword.groovy:92)
	at com.kms.katalon.core.webui.keyword.builtin.VerifyElementPresentKeyword.execute(VerifyElementPresentKeyword.groovy:68)
	at com.kms.katalon.core.keyword.internal.KeywordExecutor.executeKeywordForPlatform(KeywordExecutor.groovy:56)
	at com.kms.katalon.core.webui.keyword.WebUiBuiltInKeywords.verifyElementPresent(WebUiBuiltInKeywords.groovy:1434)
	at com.kms.katalon.core.webui.keyword.WebUiBuiltInKeywords$verifyElementPresent$4.call(Unknown Source)
	at Add Appointment Button.run(Add Appointment Button:16)
	at com.kms.katalon.core.main.ScriptEngine.run(ScriptEngine.java:194)
	at com.kms.katalon.core.main.ScriptEngine.runScriptAsRawText(ScriptEngine.java:119)
	at com.kms.katalon.core.main.TestCaseExecutor.runScript(TestCaseExecutor.java:331)
	at com.kms.katalon.core.main.TestCaseExecutor.doExecute(TestCaseExecutor.java:322)
	at com.kms.katalon.core.main.TestCaseExecutor.processExecutionPhase(TestCaseExecutor.java:301)
	at com.kms.katalon.core.main.TestCaseExecutor.accessMainPhase(TestCaseExecutor.java:293)
	at com.kms.katalon.core.main.TestCaseExecutor.execute(TestCaseExecutor.java:227)
	at com.kms.katalon.core.main.TestCaseMain.runTestCase(TestCaseMain.java:114)
	at com.kms.katalon.core.keyword.builtin.CallTestCaseKeyword$_callTestCase_closure1.doCall(CallTestCaseKeyword.groovy:59)
	... 20 more
"/>
         <system-out><![CDATA[2019-03-11 17:13:16 - [TEST_CASE][FAILED] - Test Cases/Queue Management/QM-016: Test Cases/Queue Management/QM-016 FAILED.
Reason:
com.kms.katalon.core.exception.StepFailedException: Call Test Case 'Test Cases/Add Appointment Button' failed
	at com.kms.katalon.core.keyword.builtin.CallTestCaseKeyword$_callTestCase_closure1.doCall(CallTestCaseKeyword.groovy:63)
	at com.kms.katalon.core.keyword.builtin.CallTestCaseKeyword$_callTestCase_closure1.call(CallTestCaseKeyword.groovy)
	at com.kms.katalon.core.keyword.internal.KeywordMain.runKeyword(KeywordMain.groovy:66)
	at com.kms.katalon.core.keyword.builtin.CallTestCaseKeyword.callTestCase(CallTestCaseKeyword.groovy:81)
	at com.kms.katalon.core.keyword.builtin.CallTestCaseKeyword.execute(CallTestCaseKeyword.groovy:44)
	at com.kms.katalon.core.keyword.internal.KeywordExecutor.executeKeywordForPlatform(KeywordExecutor.groovy:56)
	at com.kms.katalon.core.keyword.BuiltinKeywords.callTestCase(BuiltinKeywords.groovy:334)
	at QM-016.run(QM-016:28)
	at com.kms.katalon.core.main.ScriptEngine.run(ScriptEngine.java:194)
	at com.kms.katalon.core.main.ScriptEngine.runScriptAsRawText(ScriptEngine.java:119)
	at com.kms.katalon.core.main.TestCaseExecutor.runScript(TestCaseExecutor.java:331)
	at com.kms.katalon.core.main.TestCaseExecutor.doExecute(TestCaseExecutor.java:322)
	at com.kms.katalon.core.main.TestCaseExecutor.processExecutionPhase(TestCaseExecutor.java:301)
	at com.kms.katalon.core.main.TestCaseExecutor.accessMainPhase(TestCaseExecutor.java:293)
	at com.kms.katalon.core.main.TestCaseExecutor.execute(TestCaseExecutor.java:227)
	at com.kms.katalon.core.main.TestSuiteExecutor.accessTestCaseMainPhase(TestSuiteExecutor.java:129)
	at com.kms.katalon.core.main.TestSuiteExecutor.accessTestSuiteMainPhase(TestSuiteExecutor.java:112)
	at com.kms.katalon.core.main.TestSuiteExecutor.execute(TestSuiteExecutor.java:81)
	at com.kms.katalon.core.main.TestCaseMain.startTestSuite(TestCaseMain.java:157)
	at com.kms.katalon.core.main.TestCaseMain$startTestSuite$0.call(Unknown Source)
	at TempTestSuite1552295464187.run(TempTestSuite1552295464187.groovy:35)
Caused by: com.kms.katalon.core.exception.StepFailedException: Unable to verify object 'Object Repository/Main/Page_PMRS Web Application/Landing Page/Add Button' is present
	at com.kms.katalon.core.keyword.internal.KeywordMain.stepFailed(KeywordMain.groovy:48)
	at com.kms.katalon.core.webui.keyword.internal.WebUIKeywordMain.stepFailed(WebUIKeywordMain.groovy:65)
	at com.kms.katalon.core.webui.keyword.internal.WebUIKeywordMain.runKeyword(WebUIKeywordMain.groovy:27)
	at com.kms.katalon.core.webui.keyword.builtin.VerifyElementPresentKeyword.verifyElementPresent(VerifyElementPresentKeyword.groovy:92)
	at com.kms.katalon.core.webui.keyword.builtin.VerifyElementPresentKeyword.execute(VerifyElementPresentKeyword.groovy:68)
	at com.kms.katalon.core.keyword.internal.KeywordExecutor.executeKeywordForPlatform(KeywordExecutor.groovy:56)
	at com.kms.katalon.core.webui.keyword.WebUiBuiltInKeywords.verifyElementPresent(WebUiBuiltInKeywords.groovy:1434)
	at com.kms.katalon.core.webui.keyword.WebUiBuiltInKeywords$verifyElementPresent$4.call(Unknown Source)
	at Add Appointment Button.run(Add Appointment Button:16)
	at com.kms.katalon.core.main.ScriptEngine.run(ScriptEngine.java:194)
	at com.kms.katalon.core.main.ScriptEngine.runScriptAsRawText(ScriptEngine.java:119)
	at com.kms.katalon.core.main.TestCaseExecutor.runScript(TestCaseExecutor.java:331)
	at com.kms.katalon.core.main.TestCaseExecutor.doExecute(TestCaseExecutor.java:322)
	at com.kms.katalon.core.main.TestCaseExecutor.processExecutionPhase(TestCaseExecutor.java:301)
	at com.kms.katalon.core.main.TestCaseExecutor.accessMainPhase(TestCaseExecutor.java:293)
	at com.kms.katalon.core.main.TestCaseExecutor.execute(TestCaseExecutor.java:227)
	at com.kms.katalon.core.main.TestCaseMain.runTestCase(TestCaseMain.java:114)
	at com.kms.katalon.core.keyword.builtin.CallTestCaseKeyword$_callTestCase_closure1.doCall(CallTestCaseKeyword.groovy:59)
	... 20 more


2019-03-11 17:13:16 - [TEST_STEP][PASSED] - openBrowser(""): Browser is opened with url: ''

2019-03-11 17:13:16 - [MESSAGE][WARNING] - A browser is already opened. Closing browser and opening a new one

2019-03-11 17:13:16 - [MESSAGE][INFO] - Starting 'Chrome' driver

2019-03-11 17:13:18 - [MESSAGE][PASSED] - Browser is opened with url: ''

2019-03-11 17:13:18 - [TEST_STEP][PASSED] - navigateToUrl("https://pmrsqa.eschost2.com/"): Navigate to 'https://pmrsqa.eschost2.com/' successfully

2019-03-11 17:13:29 - [MESSAGE][PASSED] - Navigate to 'https://pmrsqa.eschost2.com/' successfully

2019-03-11 17:13:29 - [TEST_STEP][PASSED] - callTestCase(findTestCase("Log In"), [:], STOP_ON_FAILURE): Call Test Case 'Test Cases/Log In' successfully

2019-03-11 17:13:29 - [TEST_CASE][PASSED] - Test Cases/Log In: Test Cases/Log In

2019-03-11 17:13:29 - [TEST_STEP][PASSED] - delay(2): Delayed 2 second(s)

2019-03-11 17:13:31 - [MESSAGE][PASSED] - Delayed 2 second(s)

2019-03-11 17:13:31 - [TEST_STEP][PASSED] - setText(findTestObject("Object Repository/Log In/Page_PMRS Web Application/input_Username_mat-input-0"), "hughes.m@electronicscience.com"): Text 'hughes.m@electronicscience.com' is set on object 'Object Repository/Log In/Page_PMRS Web Application/input_Username_mat-input-0'

2019-03-11 17:13:31 - [MESSAGE][PASSED] - Text 'hughes.m@electronicscience.com' is set on object 'Object Repository/Log In/Page_PMRS Web Application/input_Username_mat-input-0'

2019-03-11 17:13:31 - [TEST_STEP][PASSED] - setEncryptedText(findTestObject("Object Repository/Log In/Page_PMRS Web Application/input_Username_mat-input-1"), "pvl9UeBNnak165xxUnzI6w=="): Text ****** has been set on object 'Object Repository/Log In/Page_PMRS Web Application/input_Username_mat-input-1'

2019-03-11 17:13:32 - [MESSAGE][PASSED] - Text ****** has been set on object 'Object Repository/Log In/Page_PMRS Web Application/input_Username_mat-input-1'

2019-03-11 17:13:32 - [TEST_STEP][PASSED] - click(findTestObject("Object Repository/Log In/Page_PMRS Web Application/button_Login")): Object: 'Object Repository/Log In/Page_PMRS Web Application/button_Login' is clicked on

2019-03-11 17:13:32 - [MESSAGE][PASSED] - Object: 'Object Repository/Log In/Page_PMRS Web Application/button_Login' is clicked on

2019-03-11 17:13:32 - [MESSAGE][PASSED] - Call Test Case 'Test Cases/Log In' successfully

2019-03-11 17:13:32 - [TEST_STEP][PASSED] - delay(2): Delayed 2 second(s)

2019-03-11 17:13:34 - [MESSAGE][PASSED] - Delayed 2 second(s)

2019-03-11 17:13:34 - [TEST_STEP][PASSED] - callTestCase(findTestCase("Change Doctors"), [:], STOP_ON_FAILURE): Call Test Case 'Test Cases/Change Doctors' successfully

2019-03-11 17:13:34 - [TEST_CASE][PASSED] - Test Cases/Change Doctors: Test Cases/Change Doctors

2019-03-11 17:13:34 - [TEST_STEP][PASSED] - click(findTestObject("Main/Page_PMRS Web Application/Landing Page/div_Dina  Tuto")): Object: 'Object Repository/Main/Page_PMRS Web Application/Landing Page/div_Dina  Tuto' is clicked on

2019-03-11 17:13:35 - [MESSAGE][PASSED] - Object: 'Object Repository/Main/Page_PMRS Web Application/Landing Page/div_Dina  Tuto' is clicked on

2019-03-11 17:13:35 - [TEST_STEP][PASSED] - delay(1): Delayed 1 second(s)

2019-03-11 17:13:36 - [MESSAGE][PASSED] - Delayed 1 second(s)

2019-03-11 17:13:36 - [TEST_STEP][PASSED] - click(findTestObject("Main/Page_PMRS Web Application/Landing Page/Doctor List Dropdown/mat-option_Gregor Di Matibag")): Object: 'Object Repository/Main/Page_PMRS Web Application/Landing Page/Doctor List Dropdown/mat-option_Gregor Di Matibag' is clicked on

2019-03-11 17:13:36 - [MESSAGE][PASSED] - Object: 'Object Repository/Main/Page_PMRS Web Application/Landing Page/Doctor List Dropdown/mat-option_Gregor Di Matibag' is clicked on

2019-03-11 17:13:36 - [MESSAGE][PASSED] - Call Test Case 'Test Cases/Change Doctors' successfully

2019-03-11 17:13:36 - [TEST_STEP][PASSED] - delay(2): Delayed 2 second(s)

2019-03-11 17:13:38 - [MESSAGE][PASSED] - Delayed 2 second(s)

2019-03-11 17:13:38 - [TEST_STEP][FAILED] - callTestCase(findTestCase("Add Appointment Button"), [:], STOP_ON_FAILURE): callTestCase(findTestCase("Add Appointment Button"), [:], STOP_ON_FAILURE) FAILED.
Reason:
com.kms.katalon.core.exception.StepFailedException: Call Test Case 'Test Cases/Add Appointment Button' failed
	at com.kms.katalon.core.keyword.builtin.CallTestCaseKeyword$_callTestCase_closure1.doCall(CallTestCaseKeyword.groovy:63)
	at com.kms.katalon.core.keyword.builtin.CallTestCaseKeyword$_callTestCase_closure1.call(CallTestCaseKeyword.groovy)
	at com.kms.katalon.core.keyword.internal.KeywordMain.runKeyword(KeywordMain.groovy:66)
	at com.kms.katalon.core.keyword.builtin.CallTestCaseKeyword.callTestCase(CallTestCaseKeyword.groovy:81)
	at com.kms.katalon.core.keyword.builtin.CallTestCaseKeyword.execute(CallTestCaseKeyword.groovy:44)
	at com.kms.katalon.core.keyword.internal.KeywordExecutor.executeKeywordForPlatform(KeywordExecutor.groovy:56)
	at com.kms.katalon.core.keyword.BuiltinKeywords.callTestCase(BuiltinKeywords.groovy:334)
	at QM-016.run(QM-016:28)
	at com.kms.katalon.core.main.ScriptEngine.run(ScriptEngine.java:194)
	at com.kms.katalon.core.main.ScriptEngine.runScriptAsRawText(ScriptEngine.java:119)
	at com.kms.katalon.core.main.TestCaseExecutor.runScript(TestCaseExecutor.java:331)
	at com.kms.katalon.core.main.TestCaseExecutor.doExecute(TestCaseExecutor.java:322)
	at com.kms.katalon.core.main.TestCaseExecutor.processExecutionPhase(TestCaseExecutor.java:301)
	at com.kms.katalon.core.main.TestCaseExecutor.accessMainPhase(TestCaseExecutor.java:293)
	at com.kms.katalon.core.main.TestCaseExecutor.execute(TestCaseExecutor.java:227)
	at com.kms.katalon.core.main.TestSuiteExecutor.accessTestCaseMainPhase(TestSuiteExecutor.java:129)
	at com.kms.katalon.core.main.TestSuiteExecutor.accessTestSuiteMainPhase(TestSuiteExecutor.java:112)
	at com.kms.katalon.core.main.TestSuiteExecutor.execute(TestSuiteExecutor.java:81)
	at com.kms.katalon.core.main.TestCaseMain.startTestSuite(TestCaseMain.java:157)
	at com.kms.katalon.core.main.TestCaseMain$startTestSuite$0.call(Unknown Source)
	at TempTestSuite1552295464187.run(TempTestSuite1552295464187.groovy:35)
Caused by: com.kms.katalon.core.exception.StepFailedException: Unable to verify object 'Object Repository/Main/Page_PMRS Web Application/Landing Page/Add Button' is present
	at com.kms.katalon.core.keyword.internal.KeywordMain.stepFailed(KeywordMain.groovy:48)
	at com.kms.katalon.core.webui.keyword.internal.WebUIKeywordMain.stepFailed(WebUIKeywordMain.groovy:65)
	at com.kms.katalon.core.webui.keyword.internal.WebUIKeywordMain.runKeyword(WebUIKeywordMain.groovy:27)
	at com.kms.katalon.core.webui.keyword.builtin.VerifyElementPresentKeyword.verifyElementPresent(VerifyElementPresentKeyword.groovy:92)
	at com.kms.katalon.core.webui.keyword.builtin.VerifyElementPresentKeyword.execute(VerifyElementPresentKeyword.groovy:68)
	at com.kms.katalon.core.keyword.internal.KeywordExecutor.executeKeywordForPlatform(KeywordExecutor.groovy:56)
	at com.kms.katalon.core.webui.keyword.WebUiBuiltInKeywords.verifyElementPresent(WebUiBuiltInKeywords.groovy:1434)
	at com.kms.katalon.core.webui.keyword.WebUiBuiltInKeywords$verifyElementPresent$4.call(Unknown Source)
	at Add Appointment Button.run(Add Appointment Button:16)
	at com.kms.katalon.core.main.ScriptEngine.run(ScriptEngine.java:194)
	at com.kms.katalon.core.main.ScriptEngine.runScriptAsRawText(ScriptEngine.java:119)
	at com.kms.katalon.core.main.TestCaseExecutor.runScript(TestCaseExecutor.java:331)
	at com.kms.katalon.core.main.TestCaseExecutor.doExecute(TestCaseExecutor.java:322)
	at com.kms.katalon.core.main.TestCaseExecutor.processExecutionPhase(TestCaseExecutor.java:301)
	at com.kms.katalon.core.main.TestCaseExecutor.accessMainPhase(TestCaseExecutor.java:293)
	at com.kms.katalon.core.main.TestCaseExecutor.execute(TestCaseExecutor.java:227)
	at com.kms.katalon.core.main.TestCaseMain.runTestCase(TestCaseMain.java:114)
	at com.kms.katalon.core.keyword.builtin.CallTestCaseKeyword$_callTestCase_closure1.doCall(CallTestCaseKeyword.groovy:59)
	... 20 more


2019-03-11 17:13:38 - [TEST_CASE][FAILED] - Test Cases/Add Appointment Button: Test Cases/Add Appointment Button FAILED.
Reason:
com.kms.katalon.core.exception.StepFailedException: Unable to verify object 'Object Repository/Main/Page_PMRS Web Application/Landing Page/Add Button' is present
	at com.kms.katalon.core.keyword.internal.KeywordMain.stepFailed(KeywordMain.groovy:48)
	at com.kms.katalon.core.webui.keyword.internal.WebUIKeywordMain.stepFailed(WebUIKeywordMain.groovy:65)
	at com.kms.katalon.core.webui.keyword.internal.WebUIKeywordMain.runKeyword(WebUIKeywordMain.groovy:27)
	at com.kms.katalon.core.webui.keyword.builtin.VerifyElementPresentKeyword.verifyElementPresent(VerifyElementPresentKeyword.groovy:92)
	at com.kms.katalon.core.webui.keyword.builtin.VerifyElementPresentKeyword.execute(VerifyElementPresentKeyword.groovy:68)
	at com.kms.katalon.core.keyword.internal.KeywordExecutor.executeKeywordForPlatform(KeywordExecutor.groovy:56)
	at com.kms.katalon.core.webui.keyword.WebUiBuiltInKeywords.verifyElementPresent(WebUiBuiltInKeywords.groovy:1434)
	at com.kms.katalon.core.webui.keyword.WebUiBuiltInKeywords$verifyElementPresent$4.call(Unknown Source)
	at Add Appointment Button.run(Add Appointment Button:16)
	at com.kms.katalon.core.main.ScriptEngine.run(ScriptEngine.java:194)
	at com.kms.katalon.core.main.ScriptEngine.runScriptAsRawText(ScriptEngine.java:119)
	at com.kms.katalon.core.main.TestCaseExecutor.runScript(TestCaseExecutor.java:331)
	at com.kms.katalon.core.main.TestCaseExecutor.doExecute(TestCaseExecutor.java:322)
	at com.kms.katalon.core.main.TestCaseExecutor.processExecutionPhase(TestCaseExecutor.java:301)
	at com.kms.katalon.core.main.TestCaseExecutor.accessMainPhase(TestCaseExecutor.java:293)
	at com.kms.katalon.core.main.TestCaseExecutor.execute(TestCaseExecutor.java:227)
	at com.kms.katalon.core.main.TestCaseMain.runTestCase(TestCaseMain.java:114)
	at com.kms.katalon.core.keyword.builtin.CallTestCaseKeyword$_callTestCase_closure1.doCall(CallTestCaseKeyword.groovy:59)
	at com.kms.katalon.core.keyword.builtin.CallTestCaseKeyword$_callTestCase_closure1.call(CallTestCaseKeyword.groovy)
	at com.kms.katalon.core.keyword.internal.KeywordMain.runKeyword(KeywordMain.groovy:66)
	at com.kms.katalon.core.keyword.builtin.CallTestCaseKeyword.callTestCase(CallTestCaseKeyword.groovy:81)
	at com.kms.katalon.core.keyword.builtin.CallTestCaseKeyword.execute(CallTestCaseKeyword.groovy:44)
	at com.kms.katalon.core.keyword.internal.KeywordExecutor.executeKeywordForPlatform(KeywordExecutor.groovy:56)
	at com.kms.katalon.core.keyword.BuiltinKeywords.callTestCase(BuiltinKeywords.groovy:334)
	at QM-016.run(QM-016:28)
	at com.kms.katalon.core.main.ScriptEngine.run(ScriptEngine.java:194)
	at com.kms.katalon.core.main.ScriptEngine.runScriptAsRawText(ScriptEngine.java:119)
	at com.kms.katalon.core.main.TestCaseExecutor.runScript(TestCaseExecutor.java:331)
	at com.kms.katalon.core.main.TestCaseExecutor.doExecute(TestCaseExecutor.java:322)
	at com.kms.katalon.core.main.TestCaseExecutor.processExecutionPhase(TestCaseExecutor.java:301)
	at com.kms.katalon.core.main.TestCaseExecutor.accessMainPhase(TestCaseExecutor.java:293)
	at com.kms.katalon.core.main.TestCaseExecutor.execute(TestCaseExecutor.java:227)
	at com.kms.katalon.core.main.TestSuiteExecutor.accessTestCaseMainPhase(TestSuiteExecutor.java:129)
	at com.kms.katalon.core.main.TestSuiteExecutor.accessTestSuiteMainPhase(TestSuiteExecutor.java:112)
	at com.kms.katalon.core.main.TestSuiteExecutor.execute(TestSuiteExecutor.java:81)
	at com.kms.katalon.core.main.TestCaseMain.startTestSuite(TestCaseMain.java:157)
	at com.kms.katalon.core.main.TestCaseMain$startTestSuite$0.call(Unknown Source)
	at TempTestSuite1552295464187.run(TempTestSuite1552295464187.groovy:35)


2019-03-11 17:13:38 - [TEST_STEP][FAILED] - verifyElementPresent(findTestObject("Main/Page_PMRS Web Application/Landing Page/Add Button"), 0): verifyElementPresent(findTestObject("Main/Page_PMRS Web Application/Landing Page/Add Button"), 0) FAILED.
Reason:
com.kms.katalon.core.exception.StepFailedException: Unable to verify object 'Object Repository/Main/Page_PMRS Web Application/Landing Page/Add Button' is present
	at com.kms.katalon.core.keyword.internal.KeywordMain.stepFailed(KeywordMain.groovy:48)
	at com.kms.katalon.core.webui.keyword.internal.WebUIKeywordMain.stepFailed(WebUIKeywordMain.groovy:65)
	at com.kms.katalon.core.webui.keyword.internal.WebUIKeywordMain.runKeyword(WebUIKeywordMain.groovy:27)
	at com.kms.katalon.core.webui.keyword.builtin.VerifyElementPresentKeyword.verifyElementPresent(VerifyElementPresentKeyword.groovy:92)
	at com.kms.katalon.core.webui.keyword.builtin.VerifyElementPresentKeyword.execute(VerifyElementPresentKeyword.groovy:68)
	at com.kms.katalon.core.keyword.internal.KeywordExecutor.executeKeywordForPlatform(KeywordExecutor.groovy:56)
	at com.kms.katalon.core.webui.keyword.WebUiBuiltInKeywords.verifyElementPresent(WebUiBuiltInKeywords.groovy:1434)
	at com.kms.katalon.core.webui.keyword.WebUiBuiltInKeywords$verifyElementPresent$4.call(Unknown Source)
	at Add Appointment Button.run(Add Appointment Button:16)
	at com.kms.katalon.core.main.ScriptEngine.run(ScriptEngine.java:194)
	at com.kms.katalon.core.main.ScriptEngine.runScriptAsRawText(ScriptEngine.java:119)
	at com.kms.katalon.core.main.TestCaseExecutor.runScript(TestCaseExecutor.java:331)
	at com.kms.katalon.core.main.TestCaseExecutor.doExecute(TestCaseExecutor.java:322)
	at com.kms.katalon.core.main.TestCaseExecutor.processExecutionPhase(TestCaseExecutor.java:301)
	at com.kms.katalon.core.main.TestCaseExecutor.accessMainPhase(TestCaseExecutor.java:293)
	at com.kms.katalon.core.main.TestCaseExecutor.execute(TestCaseExecutor.java:227)
	at com.kms.katalon.core.main.TestCaseMain.runTestCase(TestCaseMain.java:114)
	at com.kms.katalon.core.keyword.builtin.CallTestCaseKeyword$_callTestCase_closure1.doCall(CallTestCaseKeyword.groovy:59)
	at com.kms.katalon.core.keyword.builtin.CallTestCaseKeyword$_callTestCase_closure1.call(CallTestCaseKeyword.groovy)
	at com.kms.katalon.core.keyword.internal.KeywordMain.runKeyword(KeywordMain.groovy:66)
	at com.kms.katalon.core.keyword.builtin.CallTestCaseKeyword.callTestCase(CallTestCaseKeyword.groovy:81)
	at com.kms.katalon.core.keyword.builtin.CallTestCaseKeyword.execute(CallTestCaseKeyword.groovy:44)
	at com.kms.katalon.core.keyword.internal.KeywordExecutor.executeKeywordForPlatform(KeywordExecutor.groovy:56)
	at com.kms.katalon.core.keyword.BuiltinKeywords.callTestCase(BuiltinKeywords.groovy:334)
	at QM-016.run(QM-016:28)
	at com.kms.katalon.core.main.ScriptEngine.run(ScriptEngine.java:194)
	at com.kms.katalon.core.main.ScriptEngine.runScriptAsRawText(ScriptEngine.java:119)
	at com.kms.katalon.core.main.TestCaseExecutor.runScript(TestCaseExecutor.java:331)
	at com.kms.katalon.core.main.TestCaseExecutor.doExecute(TestCaseExecutor.java:322)
	at com.kms.katalon.core.main.TestCaseExecutor.processExecutionPhase(TestCaseExecutor.java:301)
	at com.kms.katalon.core.main.TestCaseExecutor.accessMainPhase(TestCaseExecutor.java:293)
	at com.kms.katalon.core.main.TestCaseExecutor.execute(TestCaseExecutor.java:227)
	at com.kms.katalon.core.main.TestSuiteExecutor.accessTestCaseMainPhase(TestSuiteExecutor.java:129)
	at com.kms.katalon.core.main.TestSuiteExecutor.accessTestSuiteMainPhase(TestSuiteExecutor.java:112)
	at com.kms.katalon.core.main.TestSuiteExecutor.execute(TestSuiteExecutor.java:81)
	at com.kms.katalon.core.main.TestCaseMain.startTestSuite(TestCaseMain.java:157)
	at com.kms.katalon.core.main.TestCaseMain$startTestSuite$0.call(Unknown Source)
	at TempTestSuite1552295464187.run(TempTestSuite1552295464187.groovy:35)


2019-03-11 17:13:38 - [MESSAGE][WARNING] - Timeout '0' is invalid. Using default page load timeout: '30'

2019-03-11 17:14:09 - [MESSAGE][INFO] - Unable to find the element located by 'By.xpath: (.//*[normalize-space(text()) and normalize-space(.)='All(0)'])[1]/preceding::button[1]'. Please recheck the objects properties to make sure the desired element is located. 

2019-03-11 17:14:09 - [MESSAGE][FAILED] - com.kms.katalon.core.webui.exception.WebElementNotFoundException: Web element with id: 'Object Repository/Main/Page_PMRS Web Application/Landing Page/Add Button' located by 'By.xpath: (.//*[normalize-space(text()) and normalize-space(.)='All(0)'])[1]/preceding::button[1]' not found
[[ATTACHMENT|/Users/e-science/Desktop/git/QATS-PMRS/Reports/Test1/20190311_171104/1552295649366.png]]

2019-03-11 17:14:10 - [MESSAGE][FAILED] - Unable to verify object 'Object Repository/Main/Page_PMRS Web Application/Landing Page/Add Button' is present
[[ATTACHMENT|/Users/e-science/Desktop/git/QATS-PMRS/Reports/Test1/20190311_171104/1552295649750.png]]

2019-03-11 17:14:10 - [MESSAGE][FAILED] - verifyElementPresent(findTestObject("Main/Page_PMRS Web Application/Landing Page/Add Button"), 0) FAILED.
Reason:
com.kms.katalon.core.exception.StepFailedException: Unable to verify object 'Object Repository/Main/Page_PMRS Web Application/Landing Page/Add Button' is present
	at com.kms.katalon.core.keyword.internal.KeywordMain.stepFailed(KeywordMain.groovy:48)
	at com.kms.katalon.core.webui.keyword.internal.WebUIKeywordMain.stepFailed(WebUIKeywordMain.groovy:65)
	at com.kms.katalon.core.webui.keyword.internal.WebUIKeywordMain.runKeyword(WebUIKeywordMain.groovy:27)
	at com.kms.katalon.core.webui.keyword.builtin.VerifyElementPresentKeyword.verifyElementPresent(VerifyElementPresentKeyword.groovy:92)
	at com.kms.katalon.core.webui.keyword.builtin.VerifyElementPresentKeyword.execute(VerifyElementPresentKeyword.groovy:68)
	at com.kms.katalon.core.keyword.internal.KeywordExecutor.executeKeywordForPlatform(KeywordExecutor.groovy:56)
	at com.kms.katalon.core.webui.keyword.WebUiBuiltInKeywords.verifyElementPresent(WebUiBuiltInKeywords.groovy:1434)
	at com.kms.katalon.core.webui.keyword.WebUiBuiltInKeywords$verifyElementPresent$4.call(Unknown Source)
	at Add Appointment Button.run(Add Appointment Button:16)
	at com.kms.katalon.core.main.ScriptEngine.run(ScriptEngine.java:194)
	at com.kms.katalon.core.main.ScriptEngine.runScriptAsRawText(ScriptEngine.java:119)
	at com.kms.katalon.core.main.TestCaseExecutor.runScript(TestCaseExecutor.java:331)
	at com.kms.katalon.core.main.TestCaseExecutor.doExecute(TestCaseExecutor.java:322)
	at com.kms.katalon.core.main.TestCaseExecutor.processExecutionPhase(TestCaseExecutor.java:301)
	at com.kms.katalon.core.main.TestCaseExecutor.accessMainPhase(TestCaseExecutor.java:293)
	at com.kms.katalon.core.main.TestCaseExecutor.execute(TestCaseExecutor.java:227)
	at com.kms.katalon.core.main.TestCaseMain.runTestCase(TestCaseMain.java:114)
	at com.kms.katalon.core.keyword.builtin.CallTestCaseKeyword$_callTestCase_closure1.doCall(CallTestCaseKeyword.groovy:59)
	at com.kms.katalon.core.keyword.builtin.CallTestCaseKeyword$_callTestCase_closure1.call(CallTestCaseKeyword.groovy)
	at com.kms.katalon.core.keyword.internal.KeywordMain.runKeyword(KeywordMain.groovy:66)
	at com.kms.katalon.core.keyword.builtin.CallTestCaseKeyword.callTestCase(CallTestCaseKeyword.groovy:81)
	at com.kms.katalon.core.keyword.builtin.CallTestCaseKeyword.execute(CallTestCaseKeyword.groovy:44)
	at com.kms.katalon.core.keyword.internal.KeywordExecutor.executeKeywordForPlatform(KeywordExecutor.groovy:56)
	at com.kms.katalon.core.keyword.BuiltinKeywords.callTestCase(BuiltinKeywords.groovy:334)
	at QM-016.run(QM-016:28)
	at com.kms.katalon.core.main.ScriptEngine.run(ScriptEngine.java:194)
	at com.kms.katalon.core.main.ScriptEngine.runScriptAsRawText(ScriptEngine.java:119)
	at com.kms.katalon.core.main.TestCaseExecutor.runScript(TestCaseExecutor.java:331)
	at com.kms.katalon.core.main.TestCaseExecutor.doExecute(TestCaseExecutor.java:322)
	at com.kms.katalon.core.main.TestCaseExecutor.processExecutionPhase(TestCaseExecutor.java:301)
	at com.kms.katalon.core.main.TestCaseExecutor.accessMainPhase(TestCaseExecutor.java:293)
	at com.kms.katalon.core.main.TestCaseExecutor.execute(TestCaseExecutor.java:227)
	at com.kms.katalon.core.main.TestSuiteExecutor.accessTestCaseMainPhase(TestSuiteExecutor.java:129)
	at com.kms.katalon.core.main.TestSuiteExecutor.accessTestSuiteMainPhase(TestSuiteExecutor.java:112)
	at com.kms.katalon.core.main.TestSuiteExecutor.execute(TestSuiteExecutor.java:81)
	at com.kms.katalon.core.main.TestCaseMain.startTestSuite(TestCaseMain.java:157)
	at com.kms.katalon.core.main.TestCaseMain$startTestSuite$0.call(Unknown Source)
	at TempTestSuite1552295464187.run(TempTestSuite1552295464187.groovy:35)


2019-03-11 17:14:10 - [MESSAGE][FAILED] - Unable to call Test Case 'Test Cases/Add Appointment Button' (Root cause: com.kms.katalon.core.exception.StepFailedException: Call Test Case 'Test Cases/Add Appointment Button' failed
	at com.kms.katalon.core.keyword.builtin.CallTestCaseKeyword$_callTestCase_closure1.doCall(CallTestCaseKeyword.groovy:63)
	at com.kms.katalon.core.keyword.builtin.CallTestCaseKeyword$_callTestCase_closure1.call(CallTestCaseKeyword.groovy)
	at com.kms.katalon.core.keyword.internal.KeywordMain.runKeyword(KeywordMain.groovy:66)
	at com.kms.katalon.core.keyword.builtin.CallTestCaseKeyword.callTestCase(CallTestCaseKeyword.groovy:81)
	at com.kms.katalon.core.keyword.builtin.CallTestCaseKeyword.execute(CallTestCaseKeyword.groovy:44)
	at com.kms.katalon.core.keyword.internal.KeywordExecutor.executeKeywordForPlatform(KeywordExecutor.groovy:56)
	at com.kms.katalon.core.keyword.BuiltinKeywords.callTestCase(BuiltinKeywords.groovy:334)
	at QM-016.run(QM-016:28)
	at com.kms.katalon.core.main.ScriptEngine.run(ScriptEngine.java:194)
	at com.kms.katalon.core.main.ScriptEngine.runScriptAsRawText(ScriptEngine.java:119)
	at com.kms.katalon.core.main.TestCaseExecutor.runScript(TestCaseExecutor.java:331)
	at com.kms.katalon.core.main.TestCaseExecutor.doExecute(TestCaseExecutor.java:322)
	at com.kms.katalon.core.main.TestCaseExecutor.processExecutionPhase(TestCaseExecutor.java:301)
	at com.kms.katalon.core.main.TestCaseExecutor.accessMainPhase(TestCaseExecutor.java:293)
	at com.kms.katalon.core.main.TestCaseExecutor.execute(TestCaseExecutor.java:227)
	at com.kms.katalon.core.main.TestSuiteExecutor.accessTestCaseMainPhase(TestSuiteExecutor.java:129)
	at com.kms.katalon.core.main.TestSuiteExecutor.accessTestSuiteMainPhase(TestSuiteExecutor.java:112)
	at com.kms.katalon.core.main.TestSuiteExecutor.execute(TestSuiteExecutor.java:81)
	at com.kms.katalon.core.main.TestCaseMain.startTestSuite(TestCaseMain.java:157)
	at com.kms.katalon.core.main.TestCaseMain$startTestSuite$0.call(Unknown Source)
	at TempTestSuite1552295464187.run(TempTestSuite1552295464187.groovy:35)
Caused by: com.kms.katalon.core.exception.StepFailedException: Unable to verify object 'Object Repository/Main/Page_PMRS Web Application/Landing Page/Add Button' is present
	at com.kms.katalon.core.keyword.internal.KeywordMain.stepFailed(KeywordMain.groovy:48)
	at com.kms.katalon.core.webui.keyword.internal.WebUIKeywordMain.stepFailed(WebUIKeywordMain.groovy:65)
	at com.kms.katalon.core.webui.keyword.internal.WebUIKeywordMain.runKeyword(WebUIKeywordMain.groovy:27)
	at com.kms.katalon.core.webui.keyword.builtin.VerifyElementPresentKeyword.verifyElementPresent(VerifyElementPresentKeyword.groovy:92)
	at com.kms.katalon.core.webui.keyword.builtin.VerifyElementPresentKeyword.execute(VerifyElementPresentKeyword.groovy:68)
	at com.kms.katalon.core.keyword.internal.KeywordExecutor.executeKeywordForPlatform(KeywordExecutor.groovy:56)
	at com.kms.katalon.core.webui.keyword.WebUiBuiltInKeywords.verifyElementPresent(WebUiBuiltInKeywords.groovy:1434)
	at com.kms.katalon.core.webui.keyword.WebUiBuiltInKeywords$verifyElementPresent$4.call(Unknown Source)
	at Add Appointment Button.run(Add Appointment Button:16)
	at com.kms.katalon.core.main.ScriptEngine.run(ScriptEngine.java:194)
	at com.kms.katalon.core.main.ScriptEngine.runScriptAsRawText(ScriptEngine.java:119)
	at com.kms.katalon.core.main.TestCaseExecutor.runScript(TestCaseExecutor.java:331)
	at com.kms.katalon.core.main.TestCaseExecutor.doExecute(TestCaseExecutor.java:322)
	at com.kms.katalon.core.main.TestCaseExecutor.processExecutionPhase(TestCaseExecutor.java:301)
	at com.kms.katalon.core.main.TestCaseExecutor.accessMainPhase(TestCaseExecutor.java:293)
	at com.kms.katalon.core.main.TestCaseExecutor.execute(TestCaseExecutor.java:227)
	at com.kms.katalon.core.main.TestCaseMain.runTestCase(TestCaseMain.java:114)
	at com.kms.katalon.core.keyword.builtin.CallTestCaseKeyword$_callTestCase_closure1.doCall(CallTestCaseKeyword.groovy:59)
	... 20 more
)

2019-03-11 17:14:10 - [MESSAGE][FAILED] - callTestCase(findTestCase("Add Appointment Button"), [:], STOP_ON_FAILURE) FAILED.
Reason:
com.kms.katalon.core.exception.StepFailedException: Call Test Case 'Test Cases/Add Appointment Button' failed
	at com.kms.katalon.core.keyword.builtin.CallTestCaseKeyword$_callTestCase_closure1.doCall(CallTestCaseKeyword.groovy:63)
	at com.kms.katalon.core.keyword.builtin.CallTestCaseKeyword$_callTestCase_closure1.call(CallTestCaseKeyword.groovy)
	at com.kms.katalon.core.keyword.internal.KeywordMain.runKeyword(KeywordMain.groovy:66)
	at com.kms.katalon.core.keyword.builtin.CallTestCaseKeyword.callTestCase(CallTestCaseKeyword.groovy:81)
	at com.kms.katalon.core.keyword.builtin.CallTestCaseKeyword.execute(CallTestCaseKeyword.groovy:44)
	at com.kms.katalon.core.keyword.internal.KeywordExecutor.executeKeywordForPlatform(KeywordExecutor.groovy:56)
	at com.kms.katalon.core.keyword.BuiltinKeywords.callTestCase(BuiltinKeywords.groovy:334)
	at QM-016.run(QM-016:28)
	at com.kms.katalon.core.main.ScriptEngine.run(ScriptEngine.java:194)
	at com.kms.katalon.core.main.ScriptEngine.runScriptAsRawText(ScriptEngine.java:119)
	at com.kms.katalon.core.main.TestCaseExecutor.runScript(TestCaseExecutor.java:331)
	at com.kms.katalon.core.main.TestCaseExecutor.doExecute(TestCaseExecutor.java:322)
	at com.kms.katalon.core.main.TestCaseExecutor.processExecutionPhase(TestCaseExecutor.java:301)
	at com.kms.katalon.core.main.TestCaseExecutor.accessMainPhase(TestCaseExecutor.java:293)
	at com.kms.katalon.core.main.TestCaseExecutor.execute(TestCaseExecutor.java:227)
	at com.kms.katalon.core.main.TestSuiteExecutor.accessTestCaseMainPhase(TestSuiteExecutor.java:129)
	at com.kms.katalon.core.main.TestSuiteExecutor.accessTestSuiteMainPhase(TestSuiteExecutor.java:112)
	at com.kms.katalon.core.main.TestSuiteExecutor.execute(TestSuiteExecutor.java:81)
	at com.kms.katalon.core.main.TestCaseMain.startTestSuite(TestCaseMain.java:157)
	at com.kms.katalon.core.main.TestCaseMain$startTestSuite$0.call(Unknown Source)
	at TempTestSuite1552295464187.run(TempTestSuite1552295464187.groovy:35)
Caused by: com.kms.katalon.core.exception.StepFailedException: Unable to verify object 'Object Repository/Main/Page_PMRS Web Application/Landing Page/Add Button' is present
	at com.kms.katalon.core.keyword.internal.KeywordMain.stepFailed(KeywordMain.groovy:48)
	at com.kms.katalon.core.webui.keyword.internal.WebUIKeywordMain.stepFailed(WebUIKeywordMain.groovy:65)
	at com.kms.katalon.core.webui.keyword.internal.WebUIKeywordMain.runKeyword(WebUIKeywordMain.groovy:27)
	at com.kms.katalon.core.webui.keyword.builtin.VerifyElementPresentKeyword.verifyElementPresent(VerifyElementPresentKeyword.groovy:92)
	at com.kms.katalon.core.webui.keyword.builtin.VerifyElementPresentKeyword.execute(VerifyElementPresentKeyword.groovy:68)
	at com.kms.katalon.core.keyword.internal.KeywordExecutor.executeKeywordForPlatform(KeywordExecutor.groovy:56)
	at com.kms.katalon.core.webui.keyword.WebUiBuiltInKeywords.verifyElementPresent(WebUiBuiltInKeywords.groovy:1434)
	at com.kms.katalon.core.webui.keyword.WebUiBuiltInKeywords$verifyElementPresent$4.call(Unknown Source)
	at Add Appointment Button.run(Add Appointment Button:16)
	at com.kms.katalon.core.main.ScriptEngine.run(ScriptEngine.java:194)
	at com.kms.katalon.core.main.ScriptEngine.runScriptAsRawText(ScriptEngine.java:119)
	at com.kms.katalon.core.main.TestCaseExecutor.runScript(TestCaseExecutor.java:331)
	at com.kms.katalon.core.main.TestCaseExecutor.doExecute(TestCaseExecutor.java:322)
	at com.kms.katalon.core.main.TestCaseExecutor.processExecutionPhase(TestCaseExecutor.java:301)
	at com.kms.katalon.core.main.TestCaseExecutor.accessMainPhase(TestCaseExecutor.java:293)
	at com.kms.katalon.core.main.TestCaseExecutor.execute(TestCaseExecutor.java:227)
	at com.kms.katalon.core.main.TestCaseMain.runTestCase(TestCaseMain.java:114)
	at com.kms.katalon.core.keyword.builtin.CallTestCaseKeyword$_callTestCase_closure1.doCall(CallTestCaseKeyword.groovy:59)
	... 20 more]]></system-out>
         <system-err><![CDATA[2019-03-11 17:13:16 - [TEST_CASE][FAILED] - Test Cases/Queue Management/QM-016: Test Cases/Queue Management/QM-016 FAILED.
Reason:
com.kms.katalon.core.exception.StepFailedException: Call Test Case 'Test Cases/Add Appointment Button' failed
	at com.kms.katalon.core.keyword.builtin.CallTestCaseKeyword$_callTestCase_closure1.doCall(CallTestCaseKeyword.groovy:63)
	at com.kms.katalon.core.keyword.builtin.CallTestCaseKeyword$_callTestCase_closure1.call(CallTestCaseKeyword.groovy)
	at com.kms.katalon.core.keyword.internal.KeywordMain.runKeyword(KeywordMain.groovy:66)
	at com.kms.katalon.core.keyword.builtin.CallTestCaseKeyword.callTestCase(CallTestCaseKeyword.groovy:81)
	at com.kms.katalon.core.keyword.builtin.CallTestCaseKeyword.execute(CallTestCaseKeyword.groovy:44)
	at com.kms.katalon.core.keyword.internal.KeywordExecutor.executeKeywordForPlatform(KeywordExecutor.groovy:56)
	at com.kms.katalon.core.keyword.BuiltinKeywords.callTestCase(BuiltinKeywords.groovy:334)
	at QM-016.run(QM-016:28)
	at com.kms.katalon.core.main.ScriptEngine.run(ScriptEngine.java:194)
	at com.kms.katalon.core.main.ScriptEngine.runScriptAsRawText(ScriptEngine.java:119)
	at com.kms.katalon.core.main.TestCaseExecutor.runScript(TestCaseExecutor.java:331)
	at com.kms.katalon.core.main.TestCaseExecutor.doExecute(TestCaseExecutor.java:322)
	at com.kms.katalon.core.main.TestCaseExecutor.processExecutionPhase(TestCaseExecutor.java:301)
	at com.kms.katalon.core.main.TestCaseExecutor.accessMainPhase(TestCaseExecutor.java:293)
	at com.kms.katalon.core.main.TestCaseExecutor.execute(TestCaseExecutor.java:227)
	at com.kms.katalon.core.main.TestSuiteExecutor.accessTestCaseMainPhase(TestSuiteExecutor.java:129)
	at com.kms.katalon.core.main.TestSuiteExecutor.accessTestSuiteMainPhase(TestSuiteExecutor.java:112)
	at com.kms.katalon.core.main.TestSuiteExecutor.execute(TestSuiteExecutor.java:81)
	at com.kms.katalon.core.main.TestCaseMain.startTestSuite(TestCaseMain.java:157)
	at com.kms.katalon.core.main.TestCaseMain$startTestSuite$0.call(Unknown Source)
	at TempTestSuite1552295464187.run(TempTestSuite1552295464187.groovy:35)
Caused by: com.kms.katalon.core.exception.StepFailedException: Unable to verify object 'Object Repository/Main/Page_PMRS Web Application/Landing Page/Add Button' is present
	at com.kms.katalon.core.keyword.internal.KeywordMain.stepFailed(KeywordMain.groovy:48)
	at com.kms.katalon.core.webui.keyword.internal.WebUIKeywordMain.stepFailed(WebUIKeywordMain.groovy:65)
	at com.kms.katalon.core.webui.keyword.internal.WebUIKeywordMain.runKeyword(WebUIKeywordMain.groovy:27)
	at com.kms.katalon.core.webui.keyword.builtin.VerifyElementPresentKeyword.verifyElementPresent(VerifyElementPresentKeyword.groovy:92)
	at com.kms.katalon.core.webui.keyword.builtin.VerifyElementPresentKeyword.execute(VerifyElementPresentKeyword.groovy:68)
	at com.kms.katalon.core.keyword.internal.KeywordExecutor.executeKeywordForPlatform(KeywordExecutor.groovy:56)
	at com.kms.katalon.core.webui.keyword.WebUiBuiltInKeywords.verifyElementPresent(WebUiBuiltInKeywords.groovy:1434)
	at com.kms.katalon.core.webui.keyword.WebUiBuiltInKeywords$verifyElementPresent$4.call(Unknown Source)
	at Add Appointment Button.run(Add Appointment Button:16)
	at com.kms.katalon.core.main.ScriptEngine.run(ScriptEngine.java:194)
	at com.kms.katalon.core.main.ScriptEngine.runScriptAsRawText(ScriptEngine.java:119)
	at com.kms.katalon.core.main.TestCaseExecutor.runScript(TestCaseExecutor.java:331)
	at com.kms.katalon.core.main.TestCaseExecutor.doExecute(TestCaseExecutor.java:322)
	at com.kms.katalon.core.main.TestCaseExecutor.processExecutionPhase(TestCaseExecutor.java:301)
	at com.kms.katalon.core.main.TestCaseExecutor.accessMainPhase(TestCaseExecutor.java:293)
	at com.kms.katalon.core.main.TestCaseExecutor.execute(TestCaseExecutor.java:227)
	at com.kms.katalon.core.main.TestCaseMain.runTestCase(TestCaseMain.java:114)
	at com.kms.katalon.core.keyword.builtin.CallTestCaseKeyword$_callTestCase_closure1.doCall(CallTestCaseKeyword.groovy:59)
	... 20 more]]></system-err>
      </testcase>
      <testcase name="Test Cases/Queue Management/QM-017" classname="Test Cases/Queue Management/QM-017" status="PASSED">
         <system-out><![CDATA[2019-03-11 17:14:10 - [TEST_CASE][PASSED] - Test Cases/Queue Management/QM-017: Test Cases/Queue Management/QM-017

2019-03-11 17:14:10 - [TEST_STEP][PASSED] - openBrowser(""): Browser is opened with url: ''

2019-03-11 17:14:10 - [MESSAGE][WARNING] - A browser is already opened. Closing browser and opening a new one

2019-03-11 17:14:10 - [MESSAGE][INFO] - Starting 'Chrome' driver

2019-03-11 17:14:12 - [MESSAGE][PASSED] - Browser is opened with url: ''

2019-03-11 17:14:12 - [TEST_STEP][PASSED] - navigateToUrl("pmrsqa.eschost2.com"): Navigate to 'http://pmrsqa.eschost2.com' successfully

2019-03-11 17:14:18 - [MESSAGE][PASSED] - Navigate to 'http://pmrsqa.eschost2.com' successfully

2019-03-11 17:14:18 - [TEST_STEP][PASSED] - callTestCase(findTestCase("Log In"), [:], STOP_ON_FAILURE): Call Test Case 'Test Cases/Log In' successfully

2019-03-11 17:14:18 - [TEST_CASE][PASSED] - Test Cases/Log In: Test Cases/Log In

2019-03-11 17:14:18 - [TEST_STEP][PASSED] - delay(2): Delayed 2 second(s)

2019-03-11 17:14:20 - [MESSAGE][PASSED] - Delayed 2 second(s)

2019-03-11 17:14:20 - [TEST_STEP][PASSED] - setText(findTestObject("Object Repository/Log In/Page_PMRS Web Application/input_Username_mat-input-0"), "hughes.m@electronicscience.com"): Text 'hughes.m@electronicscience.com' is set on object 'Object Repository/Log In/Page_PMRS Web Application/input_Username_mat-input-0'

2019-03-11 17:14:21 - [MESSAGE][PASSED] - Text 'hughes.m@electronicscience.com' is set on object 'Object Repository/Log In/Page_PMRS Web Application/input_Username_mat-input-0'

2019-03-11 17:14:21 - [TEST_STEP][PASSED] - setEncryptedText(findTestObject("Object Repository/Log In/Page_PMRS Web Application/input_Username_mat-input-1"), "pvl9UeBNnak165xxUnzI6w=="): Text ****** has been set on object 'Object Repository/Log In/Page_PMRS Web Application/input_Username_mat-input-1'

2019-03-11 17:14:21 - [MESSAGE][PASSED] - Text ****** has been set on object 'Object Repository/Log In/Page_PMRS Web Application/input_Username_mat-input-1'

2019-03-11 17:14:21 - [TEST_STEP][PASSED] - click(findTestObject("Object Repository/Log In/Page_PMRS Web Application/button_Login")): Object: 'Object Repository/Log In/Page_PMRS Web Application/button_Login' is clicked on

2019-03-11 17:14:21 - [MESSAGE][PASSED] - Object: 'Object Repository/Log In/Page_PMRS Web Application/button_Login' is clicked on

2019-03-11 17:14:21 - [MESSAGE][PASSED] - Call Test Case 'Test Cases/Log In' successfully

2019-03-11 17:14:21 - [TEST_STEP][PASSED] - delay(2): Delayed 2 second(s)

2019-03-11 17:14:23 - [MESSAGE][PASSED] - Delayed 2 second(s)

2019-03-11 17:14:23 - [TEST_STEP][PASSED] - callTestCase(findTestCase("Change Doctors"), [:], STOP_ON_FAILURE): Call Test Case 'Test Cases/Change Doctors' successfully

2019-03-11 17:14:23 - [TEST_CASE][PASSED] - Test Cases/Change Doctors: Test Cases/Change Doctors

2019-03-11 17:14:24 - [TEST_STEP][PASSED] - click(findTestObject("Main/Page_PMRS Web Application/Landing Page/div_Dina  Tuto")): Object: 'Object Repository/Main/Page_PMRS Web Application/Landing Page/div_Dina  Tuto' is clicked on

2019-03-11 17:14:24 - [MESSAGE][PASSED] - Object: 'Object Repository/Main/Page_PMRS Web Application/Landing Page/div_Dina  Tuto' is clicked on

2019-03-11 17:14:24 - [TEST_STEP][PASSED] - delay(1): Delayed 1 second(s)

2019-03-11 17:14:25 - [MESSAGE][PASSED] - Delayed 1 second(s)

2019-03-11 17:14:25 - [TEST_STEP][PASSED] - click(findTestObject("Main/Page_PMRS Web Application/Landing Page/Doctor List Dropdown/mat-option_Gregor Di Matibag")): Object: 'Object Repository/Main/Page_PMRS Web Application/Landing Page/Doctor List Dropdown/mat-option_Gregor Di Matibag' is clicked on

2019-03-11 17:14:25 - [MESSAGE][PASSED] - Object: 'Object Repository/Main/Page_PMRS Web Application/Landing Page/Doctor List Dropdown/mat-option_Gregor Di Matibag' is clicked on

2019-03-11 17:14:25 - [MESSAGE][PASSED] - Call Test Case 'Test Cases/Change Doctors' successfully

2019-03-11 17:14:25 - [TEST_STEP][PASSED] - delay(2): Delayed 2 second(s)

2019-03-11 17:14:27 - [MESSAGE][PASSED] - Delayed 2 second(s)

2019-03-11 17:14:27 - [TEST_STEP][PASSED] - callTestCase(findTestCase("Add Appointment Button"), [:], STOP_ON_FAILURE): Call Test Case 'Test Cases/Add Appointment Button' successfully

2019-03-11 17:14:27 - [TEST_CASE][PASSED] - Test Cases/Add Appointment Button: Test Cases/Add Appointment Button

2019-03-11 17:14:27 - [TEST_STEP][PASSED] - verifyElementPresent(findTestObject("Main/Page_PMRS Web Application/Landing Page/Add Button"), 0): Object 'Object Repository/Main/Page_PMRS Web Application/Landing Page/Add Button' is present

2019-03-11 17:14:27 - [MESSAGE][WARNING] - Timeout '0' is invalid. Using default page load timeout: '30'

2019-03-11 17:14:33 - [MESSAGE][PASSED] - Object 'Object Repository/Main/Page_PMRS Web Application/Landing Page/Add Button' is present

2019-03-11 17:14:33 - [TEST_STEP][PASSED] - verifyElementVisible(findTestObject("Main/Page_PMRS Web Application/Landing Page/Add Button")): Object 'Object Repository/Main/Page_PMRS Web Application/Landing Page/Add Button' is visible

2019-03-11 17:14:33 - [MESSAGE][PASSED] - Object 'Object Repository/Main/Page_PMRS Web Application/Landing Page/Add Button' is visible

2019-03-11 17:14:33 - [TEST_STEP][PASSED] - click(findTestObject("Main/Page_PMRS Web Application/Landing Page/Add Button")): Object: 'Object Repository/Main/Page_PMRS Web Application/Landing Page/Add Button' is clicked on

2019-03-11 17:14:33 - [MESSAGE][PASSED] - Object: 'Object Repository/Main/Page_PMRS Web Application/Landing Page/Add Button' is clicked on

2019-03-11 17:14:33 - [MESSAGE][PASSED] - Call Test Case 'Test Cases/Add Appointment Button' successfully

2019-03-11 17:14:33 - [TEST_STEP][PASSED] - setText(findTestObject("Main/Page_PMRS Web Application/Dialog Elements/input_PATIENT_mat-input-2"), "test@gmail.com"): Text 'test@gmail.com' is set on object 'Object Repository/Main/Page_PMRS Web Application/Dialog Elements/input_PATIENT_mat-input-2'

2019-03-11 17:14:34 - [MESSAGE][PASSED] - Text 'test@gmail.com' is set on object 'Object Repository/Main/Page_PMRS Web Application/Dialog Elements/input_PATIENT_mat-input-2'

2019-03-11 17:14:34 - [TEST_STEP][PASSED] - click(findTestObject("Main/Page_PMRS Web Application/Dialog Elements/Labels, Titles/h1_Add Appointment")): Object: 'Object Repository/Main/Page_PMRS Web Application/Dialog Elements/Labels, Titles/h1_Add Appointment' is clicked on

2019-03-11 17:14:34 - [MESSAGE][PASSED] - Object: 'Object Repository/Main/Page_PMRS Web Application/Dialog Elements/Labels, Titles/h1_Add Appointment' is clicked on

2019-03-11 17:14:34 - [TEST_STEP][PASSED] - setText(findTestObject("Main/Page_PMRS Web Application/Dialog Elements/input_NICKNAME_mat-input-3"), "12][3;12]312]3["): Text '12][3;12]312]3[' is set on object 'Object Repository/Main/Page_PMRS Web Application/Dialog Elements/input_NICKNAME_mat-input-3'

2019-03-11 17:14:35 - [MESSAGE][PASSED] - Text '12][3;12]312]3[' is set on object 'Object Repository/Main/Page_PMRS Web Application/Dialog Elements/input_NICKNAME_mat-input-3'

2019-03-11 17:14:35 - [TEST_STEP][PASSED] - click(findTestObject("Main/Page_PMRS Web Application/Dialog Elements/button_CONFIRM")): Object: 'Object Repository/Main/Page_PMRS Web Application/Dialog Elements/button_CONFIRM' is clicked on

2019-03-11 17:14:35 - [MESSAGE][PASSED] - Object: 'Object Repository/Main/Page_PMRS Web Application/Dialog Elements/button_CONFIRM' is clicked on

2019-03-11 17:14:35 - [TEST_STEP][PASSED] - delay(1): Delayed 1 second(s)

2019-03-11 17:14:36 - [MESSAGE][PASSED] - Delayed 1 second(s)

2019-03-11 17:14:36 - [TEST_STEP][PASSED] - click(findTestObject("Main/Page_PMRS Web Application/Dialog Elements/button_CONFIRM")): Object: 'Object Repository/Main/Page_PMRS Web Application/Dialog Elements/button_CONFIRM' is clicked on

2019-03-11 17:14:36 - [MESSAGE][PASSED] - Object: 'Object Repository/Main/Page_PMRS Web Application/Dialog Elements/button_CONFIRM' is clicked on

2019-03-11 17:14:36 - [TEST_STEP][PASSED] - delay(1): Delayed 1 second(s)

2019-03-11 17:14:37 - [MESSAGE][PASSED] - Delayed 1 second(s)

2019-03-11 17:14:37 - [TEST_STEP][PASSED] - setText(findTestObject("Main/Page_PMRS Web Application/Dialog Elements/input_NICKNAME_mat-input-3"), "testname"): Text 'testname' is set on object 'Object Repository/Main/Page_PMRS Web Application/Dialog Elements/input_NICKNAME_mat-input-3'

2019-03-11 17:14:37 - [MESSAGE][PASSED] - Text 'testname' is set on object 'Object Repository/Main/Page_PMRS Web Application/Dialog Elements/input_NICKNAME_mat-input-3'

2019-03-11 17:14:37 - [TEST_STEP][PASSED] - click(findTestObject("Main/Page_PMRS Web Application/Dialog Elements/button_CONFIRM")): Object: 'Object Repository/Main/Page_PMRS Web Application/Dialog Elements/button_CONFIRM' is clicked on

2019-03-11 17:14:37 - [MESSAGE][PASSED] - Object: 'Object Repository/Main/Page_PMRS Web Application/Dialog Elements/button_CONFIRM' is clicked on]]></system-out>
         <system-err><![CDATA[]]></system-err>
      </testcase>
      <testcase name="Test Cases/Queue Management/QM-018" classname="Test Cases/Queue Management/QM-018" status="FAILED">
         <failure type="FAILED" message="Test Cases/Queue Management/QM-018 FAILED.
Reason:
com.kms.katalon.core.exception.StepFailedException: Call Test Case 'Test Cases/Add Appointment Button' failed
	at com.kms.katalon.core.keyword.builtin.CallTestCaseKeyword$_callTestCase_closure1.doCall(CallTestCaseKeyword.groovy:63)
	at com.kms.katalon.core.keyword.builtin.CallTestCaseKeyword$_callTestCase_closure1.call(CallTestCaseKeyword.groovy)
	at com.kms.katalon.core.keyword.internal.KeywordMain.runKeyword(KeywordMain.groovy:66)
	at com.kms.katalon.core.keyword.builtin.CallTestCaseKeyword.callTestCase(CallTestCaseKeyword.groovy:81)
	at com.kms.katalon.core.keyword.builtin.CallTestCaseKeyword.execute(CallTestCaseKeyword.groovy:44)
	at com.kms.katalon.core.keyword.internal.KeywordExecutor.executeKeywordForPlatform(KeywordExecutor.groovy:56)
	at com.kms.katalon.core.keyword.BuiltinKeywords.callTestCase(BuiltinKeywords.groovy:334)
	at QM-018.run(QM-018:28)
	at com.kms.katalon.core.main.ScriptEngine.run(ScriptEngine.java:194)
	at com.kms.katalon.core.main.ScriptEngine.runScriptAsRawText(ScriptEngine.java:119)
	at com.kms.katalon.core.main.TestCaseExecutor.runScript(TestCaseExecutor.java:331)
	at com.kms.katalon.core.main.TestCaseExecutor.doExecute(TestCaseExecutor.java:322)
	at com.kms.katalon.core.main.TestCaseExecutor.processExecutionPhase(TestCaseExecutor.java:301)
	at com.kms.katalon.core.main.TestCaseExecutor.accessMainPhase(TestCaseExecutor.java:293)
	at com.kms.katalon.core.main.TestCaseExecutor.execute(TestCaseExecutor.java:227)
	at com.kms.katalon.core.main.TestSuiteExecutor.accessTestCaseMainPhase(TestSuiteExecutor.java:129)
	at com.kms.katalon.core.main.TestSuiteExecutor.accessTestSuiteMainPhase(TestSuiteExecutor.java:112)
	at com.kms.katalon.core.main.TestSuiteExecutor.execute(TestSuiteExecutor.java:81)
	at com.kms.katalon.core.main.TestCaseMain.startTestSuite(TestCaseMain.java:157)
	at com.kms.katalon.core.main.TestCaseMain$startTestSuite$0.call(Unknown Source)
	at TempTestSuite1552295464187.run(TempTestSuite1552295464187.groovy:35)
Caused by: com.kms.katalon.core.exception.StepFailedException: Unable to verify object 'Object Repository/Main/Page_PMRS Web Application/Landing Page/Add Button' is present
	at com.kms.katalon.core.keyword.internal.KeywordMain.stepFailed(KeywordMain.groovy:48)
	at com.kms.katalon.core.webui.keyword.internal.WebUIKeywordMain.stepFailed(WebUIKeywordMain.groovy:65)
	at com.kms.katalon.core.webui.keyword.internal.WebUIKeywordMain.runKeyword(WebUIKeywordMain.groovy:27)
	at com.kms.katalon.core.webui.keyword.builtin.VerifyElementPresentKeyword.verifyElementPresent(VerifyElementPresentKeyword.groovy:92)
	at com.kms.katalon.core.webui.keyword.builtin.VerifyElementPresentKeyword.execute(VerifyElementPresentKeyword.groovy:68)
	at com.kms.katalon.core.keyword.internal.KeywordExecutor.executeKeywordForPlatform(KeywordExecutor.groovy:56)
	at com.kms.katalon.core.webui.keyword.WebUiBuiltInKeywords.verifyElementPresent(WebUiBuiltInKeywords.groovy:1434)
	at com.kms.katalon.core.webui.keyword.WebUiBuiltInKeywords$verifyElementPresent$4.call(Unknown Source)
	at Add Appointment Button.run(Add Appointment Button:16)
	at com.kms.katalon.core.main.ScriptEngine.run(ScriptEngine.java:194)
	at com.kms.katalon.core.main.ScriptEngine.runScriptAsRawText(ScriptEngine.java:119)
	at com.kms.katalon.core.main.TestCaseExecutor.runScript(TestCaseExecutor.java:331)
	at com.kms.katalon.core.main.TestCaseExecutor.doExecute(TestCaseExecutor.java:322)
	at com.kms.katalon.core.main.TestCaseExecutor.processExecutionPhase(TestCaseExecutor.java:301)
	at com.kms.katalon.core.main.TestCaseExecutor.accessMainPhase(TestCaseExecutor.java:293)
	at com.kms.katalon.core.main.TestCaseExecutor.execute(TestCaseExecutor.java:227)
	at com.kms.katalon.core.main.TestCaseMain.runTestCase(TestCaseMain.java:114)
	at com.kms.katalon.core.keyword.builtin.CallTestCaseKeyword$_callTestCase_closure1.doCall(CallTestCaseKeyword.groovy:59)
	... 20 more
"/>
         <system-out><![CDATA[2019-03-11 17:14:37 - [TEST_CASE][FAILED] - Test Cases/Queue Management/QM-018: Test Cases/Queue Management/QM-018 FAILED.
Reason:
com.kms.katalon.core.exception.StepFailedException: Call Test Case 'Test Cases/Add Appointment Button' failed
	at com.kms.katalon.core.keyword.builtin.CallTestCaseKeyword$_callTestCase_closure1.doCall(CallTestCaseKeyword.groovy:63)
	at com.kms.katalon.core.keyword.builtin.CallTestCaseKeyword$_callTestCase_closure1.call(CallTestCaseKeyword.groovy)
	at com.kms.katalon.core.keyword.internal.KeywordMain.runKeyword(KeywordMain.groovy:66)
	at com.kms.katalon.core.keyword.builtin.CallTestCaseKeyword.callTestCase(CallTestCaseKeyword.groovy:81)
	at com.kms.katalon.core.keyword.builtin.CallTestCaseKeyword.execute(CallTestCaseKeyword.groovy:44)
	at com.kms.katalon.core.keyword.internal.KeywordExecutor.executeKeywordForPlatform(KeywordExecutor.groovy:56)
	at com.kms.katalon.core.keyword.BuiltinKeywords.callTestCase(BuiltinKeywords.groovy:334)
	at QM-018.run(QM-018:28)
	at com.kms.katalon.core.main.ScriptEngine.run(ScriptEngine.java:194)
	at com.kms.katalon.core.main.ScriptEngine.runScriptAsRawText(ScriptEngine.java:119)
	at com.kms.katalon.core.main.TestCaseExecutor.runScript(TestCaseExecutor.java:331)
	at com.kms.katalon.core.main.TestCaseExecutor.doExecute(TestCaseExecutor.java:322)
	at com.kms.katalon.core.main.TestCaseExecutor.processExecutionPhase(TestCaseExecutor.java:301)
	at com.kms.katalon.core.main.TestCaseExecutor.accessMainPhase(TestCaseExecutor.java:293)
	at com.kms.katalon.core.main.TestCaseExecutor.execute(TestCaseExecutor.java:227)
	at com.kms.katalon.core.main.TestSuiteExecutor.accessTestCaseMainPhase(TestSuiteExecutor.java:129)
	at com.kms.katalon.core.main.TestSuiteExecutor.accessTestSuiteMainPhase(TestSuiteExecutor.java:112)
	at com.kms.katalon.core.main.TestSuiteExecutor.execute(TestSuiteExecutor.java:81)
	at com.kms.katalon.core.main.TestCaseMain.startTestSuite(TestCaseMain.java:157)
	at com.kms.katalon.core.main.TestCaseMain$startTestSuite$0.call(Unknown Source)
	at TempTestSuite1552295464187.run(TempTestSuite1552295464187.groovy:35)
Caused by: com.kms.katalon.core.exception.StepFailedException: Unable to verify object 'Object Repository/Main/Page_PMRS Web Application/Landing Page/Add Button' is present
	at com.kms.katalon.core.keyword.internal.KeywordMain.stepFailed(KeywordMain.groovy:48)
	at com.kms.katalon.core.webui.keyword.internal.WebUIKeywordMain.stepFailed(WebUIKeywordMain.groovy:65)
	at com.kms.katalon.core.webui.keyword.internal.WebUIKeywordMain.runKeyword(WebUIKeywordMain.groovy:27)
	at com.kms.katalon.core.webui.keyword.builtin.VerifyElementPresentKeyword.verifyElementPresent(VerifyElementPresentKeyword.groovy:92)
	at com.kms.katalon.core.webui.keyword.builtin.VerifyElementPresentKeyword.execute(VerifyElementPresentKeyword.groovy:68)
	at com.kms.katalon.core.keyword.internal.KeywordExecutor.executeKeywordForPlatform(KeywordExecutor.groovy:56)
	at com.kms.katalon.core.webui.keyword.WebUiBuiltInKeywords.verifyElementPresent(WebUiBuiltInKeywords.groovy:1434)
	at com.kms.katalon.core.webui.keyword.WebUiBuiltInKeywords$verifyElementPresent$4.call(Unknown Source)
	at Add Appointment Button.run(Add Appointment Button:16)
	at com.kms.katalon.core.main.ScriptEngine.run(ScriptEngine.java:194)
	at com.kms.katalon.core.main.ScriptEngine.runScriptAsRawText(ScriptEngine.java:119)
	at com.kms.katalon.core.main.TestCaseExecutor.runScript(TestCaseExecutor.java:331)
	at com.kms.katalon.core.main.TestCaseExecutor.doExecute(TestCaseExecutor.java:322)
	at com.kms.katalon.core.main.TestCaseExecutor.processExecutionPhase(TestCaseExecutor.java:301)
	at com.kms.katalon.core.main.TestCaseExecutor.accessMainPhase(TestCaseExecutor.java:293)
	at com.kms.katalon.core.main.TestCaseExecutor.execute(TestCaseExecutor.java:227)
	at com.kms.katalon.core.main.TestCaseMain.runTestCase(TestCaseMain.java:114)
	at com.kms.katalon.core.keyword.builtin.CallTestCaseKeyword$_callTestCase_closure1.doCall(CallTestCaseKeyword.groovy:59)
	... 20 more


2019-03-11 17:14:38 - [TEST_STEP][PASSED] - openBrowser(""): Browser is opened with url: ''

2019-03-11 17:14:38 - [MESSAGE][WARNING] - A browser is already opened. Closing browser and opening a new one

2019-03-11 17:14:38 - [MESSAGE][INFO] - Starting 'Chrome' driver

2019-03-11 17:14:39 - [MESSAGE][PASSED] - Browser is opened with url: ''

2019-03-11 17:14:39 - [TEST_STEP][PASSED] - navigateToUrl("https://pmrsqa.eschost2.com/"): Navigate to 'https://pmrsqa.eschost2.com/' successfully

2019-03-11 17:14:45 - [MESSAGE][PASSED] - Navigate to 'https://pmrsqa.eschost2.com/' successfully

2019-03-11 17:14:45 - [TEST_STEP][PASSED] - callTestCase(findTestCase("Log In"), [:], STOP_ON_FAILURE): Call Test Case 'Test Cases/Log In' successfully

2019-03-11 17:14:45 - [TEST_CASE][PASSED] - Test Cases/Log In: Test Cases/Log In

2019-03-11 17:14:45 - [TEST_STEP][PASSED] - delay(2): Delayed 2 second(s)

2019-03-11 17:14:47 - [MESSAGE][PASSED] - Delayed 2 second(s)

2019-03-11 17:14:47 - [TEST_STEP][PASSED] - setText(findTestObject("Object Repository/Log In/Page_PMRS Web Application/input_Username_mat-input-0"), "hughes.m@electronicscience.com"): Text 'hughes.m@electronicscience.com' is set on object 'Object Repository/Log In/Page_PMRS Web Application/input_Username_mat-input-0'

2019-03-11 17:14:48 - [MESSAGE][PASSED] - Text 'hughes.m@electronicscience.com' is set on object 'Object Repository/Log In/Page_PMRS Web Application/input_Username_mat-input-0'

2019-03-11 17:14:48 - [TEST_STEP][PASSED] - setEncryptedText(findTestObject("Object Repository/Log In/Page_PMRS Web Application/input_Username_mat-input-1"), "pvl9UeBNnak165xxUnzI6w=="): Text ****** has been set on object 'Object Repository/Log In/Page_PMRS Web Application/input_Username_mat-input-1'

2019-03-11 17:14:48 - [MESSAGE][PASSED] - Text ****** has been set on object 'Object Repository/Log In/Page_PMRS Web Application/input_Username_mat-input-1'

2019-03-11 17:14:48 - [TEST_STEP][PASSED] - click(findTestObject("Object Repository/Log In/Page_PMRS Web Application/button_Login")): Object: 'Object Repository/Log In/Page_PMRS Web Application/button_Login' is clicked on

2019-03-11 17:14:48 - [MESSAGE][PASSED] - Object: 'Object Repository/Log In/Page_PMRS Web Application/button_Login' is clicked on

2019-03-11 17:14:48 - [MESSAGE][PASSED] - Call Test Case 'Test Cases/Log In' successfully

2019-03-11 17:14:48 - [TEST_STEP][PASSED] - delay(2): Delayed 2 second(s)

2019-03-11 17:14:50 - [MESSAGE][PASSED] - Delayed 2 second(s)

2019-03-11 17:14:50 - [TEST_STEP][PASSED] - callTestCase(findTestCase("Change Doctors"), [:], STOP_ON_FAILURE): Call Test Case 'Test Cases/Change Doctors' successfully

2019-03-11 17:14:51 - [TEST_CASE][PASSED] - Test Cases/Change Doctors: Test Cases/Change Doctors

2019-03-11 17:14:51 - [TEST_STEP][PASSED] - click(findTestObject("Main/Page_PMRS Web Application/Landing Page/div_Dina  Tuto")): Object: 'Object Repository/Main/Page_PMRS Web Application/Landing Page/div_Dina  Tuto' is clicked on

2019-03-11 17:14:51 - [MESSAGE][PASSED] - Object: 'Object Repository/Main/Page_PMRS Web Application/Landing Page/div_Dina  Tuto' is clicked on

2019-03-11 17:14:51 - [TEST_STEP][PASSED] - delay(1): Delayed 1 second(s)

2019-03-11 17:14:52 - [MESSAGE][PASSED] - Delayed 1 second(s)

2019-03-11 17:14:52 - [TEST_STEP][PASSED] - click(findTestObject("Main/Page_PMRS Web Application/Landing Page/Doctor List Dropdown/mat-option_Gregor Di Matibag")): Object: 'Object Repository/Main/Page_PMRS Web Application/Landing Page/Doctor List Dropdown/mat-option_Gregor Di Matibag' is clicked on

2019-03-11 17:14:52 - [MESSAGE][PASSED] - Object: 'Object Repository/Main/Page_PMRS Web Application/Landing Page/Doctor List Dropdown/mat-option_Gregor Di Matibag' is clicked on

2019-03-11 17:14:52 - [MESSAGE][PASSED] - Call Test Case 'Test Cases/Change Doctors' successfully

2019-03-11 17:14:52 - [TEST_STEP][PASSED] - delay(2): Delayed 2 second(s)

2019-03-11 17:14:54 - [MESSAGE][PASSED] - Delayed 2 second(s)

2019-03-11 17:14:54 - [TEST_STEP][FAILED] - callTestCase(findTestCase("Add Appointment Button"), [:], STOP_ON_FAILURE): callTestCase(findTestCase("Add Appointment Button"), [:], STOP_ON_FAILURE) FAILED.
Reason:
com.kms.katalon.core.exception.StepFailedException: Call Test Case 'Test Cases/Add Appointment Button' failed
	at com.kms.katalon.core.keyword.builtin.CallTestCaseKeyword$_callTestCase_closure1.doCall(CallTestCaseKeyword.groovy:63)
	at com.kms.katalon.core.keyword.builtin.CallTestCaseKeyword$_callTestCase_closure1.call(CallTestCaseKeyword.groovy)
	at com.kms.katalon.core.keyword.internal.KeywordMain.runKeyword(KeywordMain.groovy:66)
	at com.kms.katalon.core.keyword.builtin.CallTestCaseKeyword.callTestCase(CallTestCaseKeyword.groovy:81)
	at com.kms.katalon.core.keyword.builtin.CallTestCaseKeyword.execute(CallTestCaseKeyword.groovy:44)
	at com.kms.katalon.core.keyword.internal.KeywordExecutor.executeKeywordForPlatform(KeywordExecutor.groovy:56)
	at com.kms.katalon.core.keyword.BuiltinKeywords.callTestCase(BuiltinKeywords.groovy:334)
	at QM-018.run(QM-018:28)
	at com.kms.katalon.core.main.ScriptEngine.run(ScriptEngine.java:194)
	at com.kms.katalon.core.main.ScriptEngine.runScriptAsRawText(ScriptEngine.java:119)
	at com.kms.katalon.core.main.TestCaseExecutor.runScript(TestCaseExecutor.java:331)
	at com.kms.katalon.core.main.TestCaseExecutor.doExecute(TestCaseExecutor.java:322)
	at com.kms.katalon.core.main.TestCaseExecutor.processExecutionPhase(TestCaseExecutor.java:301)
	at com.kms.katalon.core.main.TestCaseExecutor.accessMainPhase(TestCaseExecutor.java:293)
	at com.kms.katalon.core.main.TestCaseExecutor.execute(TestCaseExecutor.java:227)
	at com.kms.katalon.core.main.TestSuiteExecutor.accessTestCaseMainPhase(TestSuiteExecutor.java:129)
	at com.kms.katalon.core.main.TestSuiteExecutor.accessTestSuiteMainPhase(TestSuiteExecutor.java:112)
	at com.kms.katalon.core.main.TestSuiteExecutor.execute(TestSuiteExecutor.java:81)
	at com.kms.katalon.core.main.TestCaseMain.startTestSuite(TestCaseMain.java:157)
	at com.kms.katalon.core.main.TestCaseMain$startTestSuite$0.call(Unknown Source)
	at TempTestSuite1552295464187.run(TempTestSuite1552295464187.groovy:35)
Caused by: com.kms.katalon.core.exception.StepFailedException: Unable to verify object 'Object Repository/Main/Page_PMRS Web Application/Landing Page/Add Button' is present
	at com.kms.katalon.core.keyword.internal.KeywordMain.stepFailed(KeywordMain.groovy:48)
	at com.kms.katalon.core.webui.keyword.internal.WebUIKeywordMain.stepFailed(WebUIKeywordMain.groovy:65)
	at com.kms.katalon.core.webui.keyword.internal.WebUIKeywordMain.runKeyword(WebUIKeywordMain.groovy:27)
	at com.kms.katalon.core.webui.keyword.builtin.VerifyElementPresentKeyword.verifyElementPresent(VerifyElementPresentKeyword.groovy:92)
	at com.kms.katalon.core.webui.keyword.builtin.VerifyElementPresentKeyword.execute(VerifyElementPresentKeyword.groovy:68)
	at com.kms.katalon.core.keyword.internal.KeywordExecutor.executeKeywordForPlatform(KeywordExecutor.groovy:56)
	at com.kms.katalon.core.webui.keyword.WebUiBuiltInKeywords.verifyElementPresent(WebUiBuiltInKeywords.groovy:1434)
	at com.kms.katalon.core.webui.keyword.WebUiBuiltInKeywords$verifyElementPresent$4.call(Unknown Source)
	at Add Appointment Button.run(Add Appointment Button:16)
	at com.kms.katalon.core.main.ScriptEngine.run(ScriptEngine.java:194)
	at com.kms.katalon.core.main.ScriptEngine.runScriptAsRawText(ScriptEngine.java:119)
	at com.kms.katalon.core.main.TestCaseExecutor.runScript(TestCaseExecutor.java:331)
	at com.kms.katalon.core.main.TestCaseExecutor.doExecute(TestCaseExecutor.java:322)
	at com.kms.katalon.core.main.TestCaseExecutor.processExecutionPhase(TestCaseExecutor.java:301)
	at com.kms.katalon.core.main.TestCaseExecutor.accessMainPhase(TestCaseExecutor.java:293)
	at com.kms.katalon.core.main.TestCaseExecutor.execute(TestCaseExecutor.java:227)
	at com.kms.katalon.core.main.TestCaseMain.runTestCase(TestCaseMain.java:114)
	at com.kms.katalon.core.keyword.builtin.CallTestCaseKeyword$_callTestCase_closure1.doCall(CallTestCaseKeyword.groovy:59)
	... 20 more


2019-03-11 17:14:54 - [TEST_CASE][FAILED] - Test Cases/Add Appointment Button: Test Cases/Add Appointment Button FAILED.
Reason:
com.kms.katalon.core.exception.StepFailedException: Unable to verify object 'Object Repository/Main/Page_PMRS Web Application/Landing Page/Add Button' is present
	at com.kms.katalon.core.keyword.internal.KeywordMain.stepFailed(KeywordMain.groovy:48)
	at com.kms.katalon.core.webui.keyword.internal.WebUIKeywordMain.stepFailed(WebUIKeywordMain.groovy:65)
	at com.kms.katalon.core.webui.keyword.internal.WebUIKeywordMain.runKeyword(WebUIKeywordMain.groovy:27)
	at com.kms.katalon.core.webui.keyword.builtin.VerifyElementPresentKeyword.verifyElementPresent(VerifyElementPresentKeyword.groovy:92)
	at com.kms.katalon.core.webui.keyword.builtin.VerifyElementPresentKeyword.execute(VerifyElementPresentKeyword.groovy:68)
	at com.kms.katalon.core.keyword.internal.KeywordExecutor.executeKeywordForPlatform(KeywordExecutor.groovy:56)
	at com.kms.katalon.core.webui.keyword.WebUiBuiltInKeywords.verifyElementPresent(WebUiBuiltInKeywords.groovy:1434)
	at com.kms.katalon.core.webui.keyword.WebUiBuiltInKeywords$verifyElementPresent$4.call(Unknown Source)
	at Add Appointment Button.run(Add Appointment Button:16)
	at com.kms.katalon.core.main.ScriptEngine.run(ScriptEngine.java:194)
	at com.kms.katalon.core.main.ScriptEngine.runScriptAsRawText(ScriptEngine.java:119)
	at com.kms.katalon.core.main.TestCaseExecutor.runScript(TestCaseExecutor.java:331)
	at com.kms.katalon.core.main.TestCaseExecutor.doExecute(TestCaseExecutor.java:322)
	at com.kms.katalon.core.main.TestCaseExecutor.processExecutionPhase(TestCaseExecutor.java:301)
	at com.kms.katalon.core.main.TestCaseExecutor.accessMainPhase(TestCaseExecutor.java:293)
	at com.kms.katalon.core.main.TestCaseExecutor.execute(TestCaseExecutor.java:227)
	at com.kms.katalon.core.main.TestCaseMain.runTestCase(TestCaseMain.java:114)
	at com.kms.katalon.core.keyword.builtin.CallTestCaseKeyword$_callTestCase_closure1.doCall(CallTestCaseKeyword.groovy:59)
	at com.kms.katalon.core.keyword.builtin.CallTestCaseKeyword$_callTestCase_closure1.call(CallTestCaseKeyword.groovy)
	at com.kms.katalon.core.keyword.internal.KeywordMain.runKeyword(KeywordMain.groovy:66)
	at com.kms.katalon.core.keyword.builtin.CallTestCaseKeyword.callTestCase(CallTestCaseKeyword.groovy:81)
	at com.kms.katalon.core.keyword.builtin.CallTestCaseKeyword.execute(CallTestCaseKeyword.groovy:44)
	at com.kms.katalon.core.keyword.internal.KeywordExecutor.executeKeywordForPlatform(KeywordExecutor.groovy:56)
	at com.kms.katalon.core.keyword.BuiltinKeywords.callTestCase(BuiltinKeywords.groovy:334)
	at QM-018.run(QM-018:28)
	at com.kms.katalon.core.main.ScriptEngine.run(ScriptEngine.java:194)
	at com.kms.katalon.core.main.ScriptEngine.runScriptAsRawText(ScriptEngine.java:119)
	at com.kms.katalon.core.main.TestCaseExecutor.runScript(TestCaseExecutor.java:331)
	at com.kms.katalon.core.main.TestCaseExecutor.doExecute(TestCaseExecutor.java:322)
	at com.kms.katalon.core.main.TestCaseExecutor.processExecutionPhase(TestCaseExecutor.java:301)
	at com.kms.katalon.core.main.TestCaseExecutor.accessMainPhase(TestCaseExecutor.java:293)
	at com.kms.katalon.core.main.TestCaseExecutor.execute(TestCaseExecutor.java:227)
	at com.kms.katalon.core.main.TestSuiteExecutor.accessTestCaseMainPhase(TestSuiteExecutor.java:129)
	at com.kms.katalon.core.main.TestSuiteExecutor.accessTestSuiteMainPhase(TestSuiteExecutor.java:112)
	at com.kms.katalon.core.main.TestSuiteExecutor.execute(TestSuiteExecutor.java:81)
	at com.kms.katalon.core.main.TestCaseMain.startTestSuite(TestCaseMain.java:157)
	at com.kms.katalon.core.main.TestCaseMain$startTestSuite$0.call(Unknown Source)
	at TempTestSuite1552295464187.run(TempTestSuite1552295464187.groovy:35)


2019-03-11 17:14:54 - [TEST_STEP][FAILED] - verifyElementPresent(findTestObject("Main/Page_PMRS Web Application/Landing Page/Add Button"), 0): verifyElementPresent(findTestObject("Main/Page_PMRS Web Application/Landing Page/Add Button"), 0) FAILED.
Reason:
com.kms.katalon.core.exception.StepFailedException: Unable to verify object 'Object Repository/Main/Page_PMRS Web Application/Landing Page/Add Button' is present
	at com.kms.katalon.core.keyword.internal.KeywordMain.stepFailed(KeywordMain.groovy:48)
	at com.kms.katalon.core.webui.keyword.internal.WebUIKeywordMain.stepFailed(WebUIKeywordMain.groovy:65)
	at com.kms.katalon.core.webui.keyword.internal.WebUIKeywordMain.runKeyword(WebUIKeywordMain.groovy:27)
	at com.kms.katalon.core.webui.keyword.builtin.VerifyElementPresentKeyword.verifyElementPresent(VerifyElementPresentKeyword.groovy:92)
	at com.kms.katalon.core.webui.keyword.builtin.VerifyElementPresentKeyword.execute(VerifyElementPresentKeyword.groovy:68)
	at com.kms.katalon.core.keyword.internal.KeywordExecutor.executeKeywordForPlatform(KeywordExecutor.groovy:56)
	at com.kms.katalon.core.webui.keyword.WebUiBuiltInKeywords.verifyElementPresent(WebUiBuiltInKeywords.groovy:1434)
	at com.kms.katalon.core.webui.keyword.WebUiBuiltInKeywords$verifyElementPresent$4.call(Unknown Source)
	at Add Appointment Button.run(Add Appointment Button:16)
	at com.kms.katalon.core.main.ScriptEngine.run(ScriptEngine.java:194)
	at com.kms.katalon.core.main.ScriptEngine.runScriptAsRawText(ScriptEngine.java:119)
	at com.kms.katalon.core.main.TestCaseExecutor.runScript(TestCaseExecutor.java:331)
	at com.kms.katalon.core.main.TestCaseExecutor.doExecute(TestCaseExecutor.java:322)
	at com.kms.katalon.core.main.TestCaseExecutor.processExecutionPhase(TestCaseExecutor.java:301)
	at com.kms.katalon.core.main.TestCaseExecutor.accessMainPhase(TestCaseExecutor.java:293)
	at com.kms.katalon.core.main.TestCaseExecutor.execute(TestCaseExecutor.java:227)
	at com.kms.katalon.core.main.TestCaseMain.runTestCase(TestCaseMain.java:114)
	at com.kms.katalon.core.keyword.builtin.CallTestCaseKeyword$_callTestCase_closure1.doCall(CallTestCaseKeyword.groovy:59)
	at com.kms.katalon.core.keyword.builtin.CallTestCaseKeyword$_callTestCase_closure1.call(CallTestCaseKeyword.groovy)
	at com.kms.katalon.core.keyword.internal.KeywordMain.runKeyword(KeywordMain.groovy:66)
	at com.kms.katalon.core.keyword.builtin.CallTestCaseKeyword.callTestCase(CallTestCaseKeyword.groovy:81)
	at com.kms.katalon.core.keyword.builtin.CallTestCaseKeyword.execute(CallTestCaseKeyword.groovy:44)
	at com.kms.katalon.core.keyword.internal.KeywordExecutor.executeKeywordForPlatform(KeywordExecutor.groovy:56)
	at com.kms.katalon.core.keyword.BuiltinKeywords.callTestCase(BuiltinKeywords.groovy:334)
	at QM-018.run(QM-018:28)
	at com.kms.katalon.core.main.ScriptEngine.run(ScriptEngine.java:194)
	at com.kms.katalon.core.main.ScriptEngine.runScriptAsRawText(ScriptEngine.java:119)
	at com.kms.katalon.core.main.TestCaseExecutor.runScript(TestCaseExecutor.java:331)
	at com.kms.katalon.core.main.TestCaseExecutor.doExecute(TestCaseExecutor.java:322)
	at com.kms.katalon.core.main.TestCaseExecutor.processExecutionPhase(TestCaseExecutor.java:301)
	at com.kms.katalon.core.main.TestCaseExecutor.accessMainPhase(TestCaseExecutor.java:293)
	at com.kms.katalon.core.main.TestCaseExecutor.execute(TestCaseExecutor.java:227)
	at com.kms.katalon.core.main.TestSuiteExecutor.accessTestCaseMainPhase(TestSuiteExecutor.java:129)
	at com.kms.katalon.core.main.TestSuiteExecutor.accessTestSuiteMainPhase(TestSuiteExecutor.java:112)
	at com.kms.katalon.core.main.TestSuiteExecutor.execute(TestSuiteExecutor.java:81)
	at com.kms.katalon.core.main.TestCaseMain.startTestSuite(TestCaseMain.java:157)
	at com.kms.katalon.core.main.TestCaseMain$startTestSuite$0.call(Unknown Source)
	at TempTestSuite1552295464187.run(TempTestSuite1552295464187.groovy:35)


2019-03-11 17:14:54 - [MESSAGE][WARNING] - Timeout '0' is invalid. Using default page load timeout: '30'

2019-03-11 17:15:25 - [MESSAGE][INFO] - Unable to find the element located by 'By.xpath: (.//*[normalize-space(text()) and normalize-space(.)='All(0)'])[1]/preceding::button[1]'. Please recheck the objects properties to make sure the desired element is located. 

2019-03-11 17:15:26 - [MESSAGE][FAILED] - com.kms.katalon.core.webui.exception.WebElementNotFoundException: Web element with id: 'Object Repository/Main/Page_PMRS Web Application/Landing Page/Add Button' located by 'By.xpath: (.//*[normalize-space(text()) and normalize-space(.)='All(0)'])[1]/preceding::button[1]' not found
[[ATTACHMENT|/Users/e-science/Desktop/git/QATS-PMRS/Reports/Test1/20190311_171104/1552295725765.png]]

2019-03-11 17:15:26 - [MESSAGE][FAILED] - Unable to verify object 'Object Repository/Main/Page_PMRS Web Application/Landing Page/Add Button' is present
[[ATTACHMENT|/Users/e-science/Desktop/git/QATS-PMRS/Reports/Test1/20190311_171104/1552295726056.png]]

2019-03-11 17:15:26 - [MESSAGE][FAILED] - verifyElementPresent(findTestObject("Main/Page_PMRS Web Application/Landing Page/Add Button"), 0) FAILED.
Reason:
com.kms.katalon.core.exception.StepFailedException: Unable to verify object 'Object Repository/Main/Page_PMRS Web Application/Landing Page/Add Button' is present
	at com.kms.katalon.core.keyword.internal.KeywordMain.stepFailed(KeywordMain.groovy:48)
	at com.kms.katalon.core.webui.keyword.internal.WebUIKeywordMain.stepFailed(WebUIKeywordMain.groovy:65)
	at com.kms.katalon.core.webui.keyword.internal.WebUIKeywordMain.runKeyword(WebUIKeywordMain.groovy:27)
	at com.kms.katalon.core.webui.keyword.builtin.VerifyElementPresentKeyword.verifyElementPresent(VerifyElementPresentKeyword.groovy:92)
	at com.kms.katalon.core.webui.keyword.builtin.VerifyElementPresentKeyword.execute(VerifyElementPresentKeyword.groovy:68)
	at com.kms.katalon.core.keyword.internal.KeywordExecutor.executeKeywordForPlatform(KeywordExecutor.groovy:56)
	at com.kms.katalon.core.webui.keyword.WebUiBuiltInKeywords.verifyElementPresent(WebUiBuiltInKeywords.groovy:1434)
	at com.kms.katalon.core.webui.keyword.WebUiBuiltInKeywords$verifyElementPresent$4.call(Unknown Source)
	at Add Appointment Button.run(Add Appointment Button:16)
	at com.kms.katalon.core.main.ScriptEngine.run(ScriptEngine.java:194)
	at com.kms.katalon.core.main.ScriptEngine.runScriptAsRawText(ScriptEngine.java:119)
	at com.kms.katalon.core.main.TestCaseExecutor.runScript(TestCaseExecutor.java:331)
	at com.kms.katalon.core.main.TestCaseExecutor.doExecute(TestCaseExecutor.java:322)
	at com.kms.katalon.core.main.TestCaseExecutor.processExecutionPhase(TestCaseExecutor.java:301)
	at com.kms.katalon.core.main.TestCaseExecutor.accessMainPhase(TestCaseExecutor.java:293)
	at com.kms.katalon.core.main.TestCaseExecutor.execute(TestCaseExecutor.java:227)
	at com.kms.katalon.core.main.TestCaseMain.runTestCase(TestCaseMain.java:114)
	at com.kms.katalon.core.keyword.builtin.CallTestCaseKeyword$_callTestCase_closure1.doCall(CallTestCaseKeyword.groovy:59)
	at com.kms.katalon.core.keyword.builtin.CallTestCaseKeyword$_callTestCase_closure1.call(CallTestCaseKeyword.groovy)
	at com.kms.katalon.core.keyword.internal.KeywordMain.runKeyword(KeywordMain.groovy:66)
	at com.kms.katalon.core.keyword.builtin.CallTestCaseKeyword.callTestCase(CallTestCaseKeyword.groovy:81)
	at com.kms.katalon.core.keyword.builtin.CallTestCaseKeyword.execute(CallTestCaseKeyword.groovy:44)
	at com.kms.katalon.core.keyword.internal.KeywordExecutor.executeKeywordForPlatform(KeywordExecutor.groovy:56)
	at com.kms.katalon.core.keyword.BuiltinKeywords.callTestCase(BuiltinKeywords.groovy:334)
	at QM-018.run(QM-018:28)
	at com.kms.katalon.core.main.ScriptEngine.run(ScriptEngine.java:194)
	at com.kms.katalon.core.main.ScriptEngine.runScriptAsRawText(ScriptEngine.java:119)
	at com.kms.katalon.core.main.TestCaseExecutor.runScript(TestCaseExecutor.java:331)
	at com.kms.katalon.core.main.TestCaseExecutor.doExecute(TestCaseExecutor.java:322)
	at com.kms.katalon.core.main.TestCaseExecutor.processExecutionPhase(TestCaseExecutor.java:301)
	at com.kms.katalon.core.main.TestCaseExecutor.accessMainPhase(TestCaseExecutor.java:293)
	at com.kms.katalon.core.main.TestCaseExecutor.execute(TestCaseExecutor.java:227)
	at com.kms.katalon.core.main.TestSuiteExecutor.accessTestCaseMainPhase(TestSuiteExecutor.java:129)
	at com.kms.katalon.core.main.TestSuiteExecutor.accessTestSuiteMainPhase(TestSuiteExecutor.java:112)
	at com.kms.katalon.core.main.TestSuiteExecutor.execute(TestSuiteExecutor.java:81)
	at com.kms.katalon.core.main.TestCaseMain.startTestSuite(TestCaseMain.java:157)
	at com.kms.katalon.core.main.TestCaseMain$startTestSuite$0.call(Unknown Source)
	at TempTestSuite1552295464187.run(TempTestSuite1552295464187.groovy:35)


2019-03-11 17:15:26 - [MESSAGE][FAILED] - Unable to call Test Case 'Test Cases/Add Appointment Button' (Root cause: com.kms.katalon.core.exception.StepFailedException: Call Test Case 'Test Cases/Add Appointment Button' failed
	at com.kms.katalon.core.keyword.builtin.CallTestCaseKeyword$_callTestCase_closure1.doCall(CallTestCaseKeyword.groovy:63)
	at com.kms.katalon.core.keyword.builtin.CallTestCaseKeyword$_callTestCase_closure1.call(CallTestCaseKeyword.groovy)
	at com.kms.katalon.core.keyword.internal.KeywordMain.runKeyword(KeywordMain.groovy:66)
	at com.kms.katalon.core.keyword.builtin.CallTestCaseKeyword.callTestCase(CallTestCaseKeyword.groovy:81)
	at com.kms.katalon.core.keyword.builtin.CallTestCaseKeyword.execute(CallTestCaseKeyword.groovy:44)
	at com.kms.katalon.core.keyword.internal.KeywordExecutor.executeKeywordForPlatform(KeywordExecutor.groovy:56)
	at com.kms.katalon.core.keyword.BuiltinKeywords.callTestCase(BuiltinKeywords.groovy:334)
	at QM-018.run(QM-018:28)
	at com.kms.katalon.core.main.ScriptEngine.run(ScriptEngine.java:194)
	at com.kms.katalon.core.main.ScriptEngine.runScriptAsRawText(ScriptEngine.java:119)
	at com.kms.katalon.core.main.TestCaseExecutor.runScript(TestCaseExecutor.java:331)
	at com.kms.katalon.core.main.TestCaseExecutor.doExecute(TestCaseExecutor.java:322)
	at com.kms.katalon.core.main.TestCaseExecutor.processExecutionPhase(TestCaseExecutor.java:301)
	at com.kms.katalon.core.main.TestCaseExecutor.accessMainPhase(TestCaseExecutor.java:293)
	at com.kms.katalon.core.main.TestCaseExecutor.execute(TestCaseExecutor.java:227)
	at com.kms.katalon.core.main.TestSuiteExecutor.accessTestCaseMainPhase(TestSuiteExecutor.java:129)
	at com.kms.katalon.core.main.TestSuiteExecutor.accessTestSuiteMainPhase(TestSuiteExecutor.java:112)
	at com.kms.katalon.core.main.TestSuiteExecutor.execute(TestSuiteExecutor.java:81)
	at com.kms.katalon.core.main.TestCaseMain.startTestSuite(TestCaseMain.java:157)
	at com.kms.katalon.core.main.TestCaseMain$startTestSuite$0.call(Unknown Source)
	at TempTestSuite1552295464187.run(TempTestSuite1552295464187.groovy:35)
Caused by: com.kms.katalon.core.exception.StepFailedException: Unable to verify object 'Object Repository/Main/Page_PMRS Web Application/Landing Page/Add Button' is present
	at com.kms.katalon.core.keyword.internal.KeywordMain.stepFailed(KeywordMain.groovy:48)
	at com.kms.katalon.core.webui.keyword.internal.WebUIKeywordMain.stepFailed(WebUIKeywordMain.groovy:65)
	at com.kms.katalon.core.webui.keyword.internal.WebUIKeywordMain.runKeyword(WebUIKeywordMain.groovy:27)
	at com.kms.katalon.core.webui.keyword.builtin.VerifyElementPresentKeyword.verifyElementPresent(VerifyElementPresentKeyword.groovy:92)
	at com.kms.katalon.core.webui.keyword.builtin.VerifyElementPresentKeyword.execute(VerifyElementPresentKeyword.groovy:68)
	at com.kms.katalon.core.keyword.internal.KeywordExecutor.executeKeywordForPlatform(KeywordExecutor.groovy:56)
	at com.kms.katalon.core.webui.keyword.WebUiBuiltInKeywords.verifyElementPresent(WebUiBuiltInKeywords.groovy:1434)
	at com.kms.katalon.core.webui.keyword.WebUiBuiltInKeywords$verifyElementPresent$4.call(Unknown Source)
	at Add Appointment Button.run(Add Appointment Button:16)
	at com.kms.katalon.core.main.ScriptEngine.run(ScriptEngine.java:194)
	at com.kms.katalon.core.main.ScriptEngine.runScriptAsRawText(ScriptEngine.java:119)
	at com.kms.katalon.core.main.TestCaseExecutor.runScript(TestCaseExecutor.java:331)
	at com.kms.katalon.core.main.TestCaseExecutor.doExecute(TestCaseExecutor.java:322)
	at com.kms.katalon.core.main.TestCaseExecutor.processExecutionPhase(TestCaseExecutor.java:301)
	at com.kms.katalon.core.main.TestCaseExecutor.accessMainPhase(TestCaseExecutor.java:293)
	at com.kms.katalon.core.main.TestCaseExecutor.execute(TestCaseExecutor.java:227)
	at com.kms.katalon.core.main.TestCaseMain.runTestCase(TestCaseMain.java:114)
	at com.kms.katalon.core.keyword.builtin.CallTestCaseKeyword$_callTestCase_closure1.doCall(CallTestCaseKeyword.groovy:59)
	... 20 more
)

2019-03-11 17:15:26 - [MESSAGE][FAILED] - callTestCase(findTestCase("Add Appointment Button"), [:], STOP_ON_FAILURE) FAILED.
Reason:
com.kms.katalon.core.exception.StepFailedException: Call Test Case 'Test Cases/Add Appointment Button' failed
	at com.kms.katalon.core.keyword.builtin.CallTestCaseKeyword$_callTestCase_closure1.doCall(CallTestCaseKeyword.groovy:63)
	at com.kms.katalon.core.keyword.builtin.CallTestCaseKeyword$_callTestCase_closure1.call(CallTestCaseKeyword.groovy)
	at com.kms.katalon.core.keyword.internal.KeywordMain.runKeyword(KeywordMain.groovy:66)
	at com.kms.katalon.core.keyword.builtin.CallTestCaseKeyword.callTestCase(CallTestCaseKeyword.groovy:81)
	at com.kms.katalon.core.keyword.builtin.CallTestCaseKeyword.execute(CallTestCaseKeyword.groovy:44)
	at com.kms.katalon.core.keyword.internal.KeywordExecutor.executeKeywordForPlatform(KeywordExecutor.groovy:56)
	at com.kms.katalon.core.keyword.BuiltinKeywords.callTestCase(BuiltinKeywords.groovy:334)
	at QM-018.run(QM-018:28)
	at com.kms.katalon.core.main.ScriptEngine.run(ScriptEngine.java:194)
	at com.kms.katalon.core.main.ScriptEngine.runScriptAsRawText(ScriptEngine.java:119)
	at com.kms.katalon.core.main.TestCaseExecutor.runScript(TestCaseExecutor.java:331)
	at com.kms.katalon.core.main.TestCaseExecutor.doExecute(TestCaseExecutor.java:322)
	at com.kms.katalon.core.main.TestCaseExecutor.processExecutionPhase(TestCaseExecutor.java:301)
	at com.kms.katalon.core.main.TestCaseExecutor.accessMainPhase(TestCaseExecutor.java:293)
	at com.kms.katalon.core.main.TestCaseExecutor.execute(TestCaseExecutor.java:227)
	at com.kms.katalon.core.main.TestSuiteExecutor.accessTestCaseMainPhase(TestSuiteExecutor.java:129)
	at com.kms.katalon.core.main.TestSuiteExecutor.accessTestSuiteMainPhase(TestSuiteExecutor.java:112)
	at com.kms.katalon.core.main.TestSuiteExecutor.execute(TestSuiteExecutor.java:81)
	at com.kms.katalon.core.main.TestCaseMain.startTestSuite(TestCaseMain.java:157)
	at com.kms.katalon.core.main.TestCaseMain$startTestSuite$0.call(Unknown Source)
	at TempTestSuite1552295464187.run(TempTestSuite1552295464187.groovy:35)
Caused by: com.kms.katalon.core.exception.StepFailedException: Unable to verify object 'Object Repository/Main/Page_PMRS Web Application/Landing Page/Add Button' is present
	at com.kms.katalon.core.keyword.internal.KeywordMain.stepFailed(KeywordMain.groovy:48)
	at com.kms.katalon.core.webui.keyword.internal.WebUIKeywordMain.stepFailed(WebUIKeywordMain.groovy:65)
	at com.kms.katalon.core.webui.keyword.internal.WebUIKeywordMain.runKeyword(WebUIKeywordMain.groovy:27)
	at com.kms.katalon.core.webui.keyword.builtin.VerifyElementPresentKeyword.verifyElementPresent(VerifyElementPresentKeyword.groovy:92)
	at com.kms.katalon.core.webui.keyword.builtin.VerifyElementPresentKeyword.execute(VerifyElementPresentKeyword.groovy:68)
	at com.kms.katalon.core.keyword.internal.KeywordExecutor.executeKeywordForPlatform(KeywordExecutor.groovy:56)
	at com.kms.katalon.core.webui.keyword.WebUiBuiltInKeywords.verifyElementPresent(WebUiBuiltInKeywords.groovy:1434)
	at com.kms.katalon.core.webui.keyword.WebUiBuiltInKeywords$verifyElementPresent$4.call(Unknown Source)
	at Add Appointment Button.run(Add Appointment Button:16)
	at com.kms.katalon.core.main.ScriptEngine.run(ScriptEngine.java:194)
	at com.kms.katalon.core.main.ScriptEngine.runScriptAsRawText(ScriptEngine.java:119)
	at com.kms.katalon.core.main.TestCaseExecutor.runScript(TestCaseExecutor.java:331)
	at com.kms.katalon.core.main.TestCaseExecutor.doExecute(TestCaseExecutor.java:322)
	at com.kms.katalon.core.main.TestCaseExecutor.processExecutionPhase(TestCaseExecutor.java:301)
	at com.kms.katalon.core.main.TestCaseExecutor.accessMainPhase(TestCaseExecutor.java:293)
	at com.kms.katalon.core.main.TestCaseExecutor.execute(TestCaseExecutor.java:227)
	at com.kms.katalon.core.main.TestCaseMain.runTestCase(TestCaseMain.java:114)
	at com.kms.katalon.core.keyword.builtin.CallTestCaseKeyword$_callTestCase_closure1.doCall(CallTestCaseKeyword.groovy:59)
	... 20 more]]></system-out>
         <system-err><![CDATA[2019-03-11 17:14:37 - [TEST_CASE][FAILED] - Test Cases/Queue Management/QM-018: Test Cases/Queue Management/QM-018 FAILED.
Reason:
com.kms.katalon.core.exception.StepFailedException: Call Test Case 'Test Cases/Add Appointment Button' failed
	at com.kms.katalon.core.keyword.builtin.CallTestCaseKeyword$_callTestCase_closure1.doCall(CallTestCaseKeyword.groovy:63)
	at com.kms.katalon.core.keyword.builtin.CallTestCaseKeyword$_callTestCase_closure1.call(CallTestCaseKeyword.groovy)
	at com.kms.katalon.core.keyword.internal.KeywordMain.runKeyword(KeywordMain.groovy:66)
	at com.kms.katalon.core.keyword.builtin.CallTestCaseKeyword.callTestCase(CallTestCaseKeyword.groovy:81)
	at com.kms.katalon.core.keyword.builtin.CallTestCaseKeyword.execute(CallTestCaseKeyword.groovy:44)
	at com.kms.katalon.core.keyword.internal.KeywordExecutor.executeKeywordForPlatform(KeywordExecutor.groovy:56)
	at com.kms.katalon.core.keyword.BuiltinKeywords.callTestCase(BuiltinKeywords.groovy:334)
	at QM-018.run(QM-018:28)
	at com.kms.katalon.core.main.ScriptEngine.run(ScriptEngine.java:194)
	at com.kms.katalon.core.main.ScriptEngine.runScriptAsRawText(ScriptEngine.java:119)
	at com.kms.katalon.core.main.TestCaseExecutor.runScript(TestCaseExecutor.java:331)
	at com.kms.katalon.core.main.TestCaseExecutor.doExecute(TestCaseExecutor.java:322)
	at com.kms.katalon.core.main.TestCaseExecutor.processExecutionPhase(TestCaseExecutor.java:301)
	at com.kms.katalon.core.main.TestCaseExecutor.accessMainPhase(TestCaseExecutor.java:293)
	at com.kms.katalon.core.main.TestCaseExecutor.execute(TestCaseExecutor.java:227)
	at com.kms.katalon.core.main.TestSuiteExecutor.accessTestCaseMainPhase(TestSuiteExecutor.java:129)
	at com.kms.katalon.core.main.TestSuiteExecutor.accessTestSuiteMainPhase(TestSuiteExecutor.java:112)
	at com.kms.katalon.core.main.TestSuiteExecutor.execute(TestSuiteExecutor.java:81)
	at com.kms.katalon.core.main.TestCaseMain.startTestSuite(TestCaseMain.java:157)
	at com.kms.katalon.core.main.TestCaseMain$startTestSuite$0.call(Unknown Source)
	at TempTestSuite1552295464187.run(TempTestSuite1552295464187.groovy:35)
Caused by: com.kms.katalon.core.exception.StepFailedException: Unable to verify object 'Object Repository/Main/Page_PMRS Web Application/Landing Page/Add Button' is present
	at com.kms.katalon.core.keyword.internal.KeywordMain.stepFailed(KeywordMain.groovy:48)
	at com.kms.katalon.core.webui.keyword.internal.WebUIKeywordMain.stepFailed(WebUIKeywordMain.groovy:65)
	at com.kms.katalon.core.webui.keyword.internal.WebUIKeywordMain.runKeyword(WebUIKeywordMain.groovy:27)
	at com.kms.katalon.core.webui.keyword.builtin.VerifyElementPresentKeyword.verifyElementPresent(VerifyElementPresentKeyword.groovy:92)
	at com.kms.katalon.core.webui.keyword.builtin.VerifyElementPresentKeyword.execute(VerifyElementPresentKeyword.groovy:68)
	at com.kms.katalon.core.keyword.internal.KeywordExecutor.executeKeywordForPlatform(KeywordExecutor.groovy:56)
	at com.kms.katalon.core.webui.keyword.WebUiBuiltInKeywords.verifyElementPresent(WebUiBuiltInKeywords.groovy:1434)
	at com.kms.katalon.core.webui.keyword.WebUiBuiltInKeywords$verifyElementPresent$4.call(Unknown Source)
	at Add Appointment Button.run(Add Appointment Button:16)
	at com.kms.katalon.core.main.ScriptEngine.run(ScriptEngine.java:194)
	at com.kms.katalon.core.main.ScriptEngine.runScriptAsRawText(ScriptEngine.java:119)
	at com.kms.katalon.core.main.TestCaseExecutor.runScript(TestCaseExecutor.java:331)
	at com.kms.katalon.core.main.TestCaseExecutor.doExecute(TestCaseExecutor.java:322)
	at com.kms.katalon.core.main.TestCaseExecutor.processExecutionPhase(TestCaseExecutor.java:301)
	at com.kms.katalon.core.main.TestCaseExecutor.accessMainPhase(TestCaseExecutor.java:293)
	at com.kms.katalon.core.main.TestCaseExecutor.execute(TestCaseExecutor.java:227)
	at com.kms.katalon.core.main.TestCaseMain.runTestCase(TestCaseMain.java:114)
	at com.kms.katalon.core.keyword.builtin.CallTestCaseKeyword$_callTestCase_closure1.doCall(CallTestCaseKeyword.groovy:59)
	... 20 more]]></system-err>
      </testcase>
      <testcase name="Test Cases/Queue Management/QM-019" classname="Test Cases/Queue Management/QM-019" status="FAILED">
         <failure type="FAILED" message="Test Cases/Queue Management/QM-019 FAILED.
Reason:
com.kms.katalon.core.exception.StepFailedException: Call Test Case 'Test Cases/Add Appointment Button' failed
	at com.kms.katalon.core.keyword.builtin.CallTestCaseKeyword$_callTestCase_closure1.doCall(CallTestCaseKeyword.groovy:63)
	at com.kms.katalon.core.keyword.builtin.CallTestCaseKeyword$_callTestCase_closure1.call(CallTestCaseKeyword.groovy)
	at com.kms.katalon.core.keyword.internal.KeywordMain.runKeyword(KeywordMain.groovy:66)
	at com.kms.katalon.core.keyword.builtin.CallTestCaseKeyword.callTestCase(CallTestCaseKeyword.groovy:81)
	at com.kms.katalon.core.keyword.builtin.CallTestCaseKeyword.execute(CallTestCaseKeyword.groovy:44)
	at com.kms.katalon.core.keyword.internal.KeywordExecutor.executeKeywordForPlatform(KeywordExecutor.groovy:56)
	at com.kms.katalon.core.keyword.BuiltinKeywords.callTestCase(BuiltinKeywords.groovy:334)
	at QM-019.run(QM-019:28)
	at com.kms.katalon.core.main.ScriptEngine.run(ScriptEngine.java:194)
	at com.kms.katalon.core.main.ScriptEngine.runScriptAsRawText(ScriptEngine.java:119)
	at com.kms.katalon.core.main.TestCaseExecutor.runScript(TestCaseExecutor.java:331)
	at com.kms.katalon.core.main.TestCaseExecutor.doExecute(TestCaseExecutor.java:322)
	at com.kms.katalon.core.main.TestCaseExecutor.processExecutionPhase(TestCaseExecutor.java:301)
	at com.kms.katalon.core.main.TestCaseExecutor.accessMainPhase(TestCaseExecutor.java:293)
	at com.kms.katalon.core.main.TestCaseExecutor.execute(TestCaseExecutor.java:227)
	at com.kms.katalon.core.main.TestSuiteExecutor.accessTestCaseMainPhase(TestSuiteExecutor.java:129)
	at com.kms.katalon.core.main.TestSuiteExecutor.accessTestSuiteMainPhase(TestSuiteExecutor.java:112)
	at com.kms.katalon.core.main.TestSuiteExecutor.execute(TestSuiteExecutor.java:81)
	at com.kms.katalon.core.main.TestCaseMain.startTestSuite(TestCaseMain.java:157)
	at com.kms.katalon.core.main.TestCaseMain$startTestSuite$0.call(Unknown Source)
	at TempTestSuite1552295464187.run(TempTestSuite1552295464187.groovy:35)
Caused by: com.kms.katalon.core.exception.StepFailedException: Unable to verify object 'Object Repository/Main/Page_PMRS Web Application/Landing Page/Add Button' is present
	at com.kms.katalon.core.keyword.internal.KeywordMain.stepFailed(KeywordMain.groovy:48)
	at com.kms.katalon.core.webui.keyword.internal.WebUIKeywordMain.stepFailed(WebUIKeywordMain.groovy:65)
	at com.kms.katalon.core.webui.keyword.internal.WebUIKeywordMain.runKeyword(WebUIKeywordMain.groovy:27)
	at com.kms.katalon.core.webui.keyword.builtin.VerifyElementPresentKeyword.verifyElementPresent(VerifyElementPresentKeyword.groovy:92)
	at com.kms.katalon.core.webui.keyword.builtin.VerifyElementPresentKeyword.execute(VerifyElementPresentKeyword.groovy:68)
	at com.kms.katalon.core.keyword.internal.KeywordExecutor.executeKeywordForPlatform(KeywordExecutor.groovy:56)
	at com.kms.katalon.core.webui.keyword.WebUiBuiltInKeywords.verifyElementPresent(WebUiBuiltInKeywords.groovy:1434)
	at com.kms.katalon.core.webui.keyword.WebUiBuiltInKeywords$verifyElementPresent$4.call(Unknown Source)
	at Add Appointment Button.run(Add Appointment Button:16)
	at com.kms.katalon.core.main.ScriptEngine.run(ScriptEngine.java:194)
	at com.kms.katalon.core.main.ScriptEngine.runScriptAsRawText(ScriptEngine.java:119)
	at com.kms.katalon.core.main.TestCaseExecutor.runScript(TestCaseExecutor.java:331)
	at com.kms.katalon.core.main.TestCaseExecutor.doExecute(TestCaseExecutor.java:322)
	at com.kms.katalon.core.main.TestCaseExecutor.processExecutionPhase(TestCaseExecutor.java:301)
	at com.kms.katalon.core.main.TestCaseExecutor.accessMainPhase(TestCaseExecutor.java:293)
	at com.kms.katalon.core.main.TestCaseExecutor.execute(TestCaseExecutor.java:227)
	at com.kms.katalon.core.main.TestCaseMain.runTestCase(TestCaseMain.java:114)
	at com.kms.katalon.core.keyword.builtin.CallTestCaseKeyword$_callTestCase_closure1.doCall(CallTestCaseKeyword.groovy:59)
	... 20 more
"/>
         <system-out><![CDATA[2019-03-11 17:15:26 - [TEST_CASE][FAILED] - Test Cases/Queue Management/QM-019: Test Cases/Queue Management/QM-019 FAILED.
Reason:
com.kms.katalon.core.exception.StepFailedException: Call Test Case 'Test Cases/Add Appointment Button' failed
	at com.kms.katalon.core.keyword.builtin.CallTestCaseKeyword$_callTestCase_closure1.doCall(CallTestCaseKeyword.groovy:63)
	at com.kms.katalon.core.keyword.builtin.CallTestCaseKeyword$_callTestCase_closure1.call(CallTestCaseKeyword.groovy)
	at com.kms.katalon.core.keyword.internal.KeywordMain.runKeyword(KeywordMain.groovy:66)
	at com.kms.katalon.core.keyword.builtin.CallTestCaseKeyword.callTestCase(CallTestCaseKeyword.groovy:81)
	at com.kms.katalon.core.keyword.builtin.CallTestCaseKeyword.execute(CallTestCaseKeyword.groovy:44)
	at com.kms.katalon.core.keyword.internal.KeywordExecutor.executeKeywordForPlatform(KeywordExecutor.groovy:56)
	at com.kms.katalon.core.keyword.BuiltinKeywords.callTestCase(BuiltinKeywords.groovy:334)
	at QM-019.run(QM-019:28)
	at com.kms.katalon.core.main.ScriptEngine.run(ScriptEngine.java:194)
	at com.kms.katalon.core.main.ScriptEngine.runScriptAsRawText(ScriptEngine.java:119)
	at com.kms.katalon.core.main.TestCaseExecutor.runScript(TestCaseExecutor.java:331)
	at com.kms.katalon.core.main.TestCaseExecutor.doExecute(TestCaseExecutor.java:322)
	at com.kms.katalon.core.main.TestCaseExecutor.processExecutionPhase(TestCaseExecutor.java:301)
	at com.kms.katalon.core.main.TestCaseExecutor.accessMainPhase(TestCaseExecutor.java:293)
	at com.kms.katalon.core.main.TestCaseExecutor.execute(TestCaseExecutor.java:227)
	at com.kms.katalon.core.main.TestSuiteExecutor.accessTestCaseMainPhase(TestSuiteExecutor.java:129)
	at com.kms.katalon.core.main.TestSuiteExecutor.accessTestSuiteMainPhase(TestSuiteExecutor.java:112)
	at com.kms.katalon.core.main.TestSuiteExecutor.execute(TestSuiteExecutor.java:81)
	at com.kms.katalon.core.main.TestCaseMain.startTestSuite(TestCaseMain.java:157)
	at com.kms.katalon.core.main.TestCaseMain$startTestSuite$0.call(Unknown Source)
	at TempTestSuite1552295464187.run(TempTestSuite1552295464187.groovy:35)
Caused by: com.kms.katalon.core.exception.StepFailedException: Unable to verify object 'Object Repository/Main/Page_PMRS Web Application/Landing Page/Add Button' is present
	at com.kms.katalon.core.keyword.internal.KeywordMain.stepFailed(KeywordMain.groovy:48)
	at com.kms.katalon.core.webui.keyword.internal.WebUIKeywordMain.stepFailed(WebUIKeywordMain.groovy:65)
	at com.kms.katalon.core.webui.keyword.internal.WebUIKeywordMain.runKeyword(WebUIKeywordMain.groovy:27)
	at com.kms.katalon.core.webui.keyword.builtin.VerifyElementPresentKeyword.verifyElementPresent(VerifyElementPresentKeyword.groovy:92)
	at com.kms.katalon.core.webui.keyword.builtin.VerifyElementPresentKeyword.execute(VerifyElementPresentKeyword.groovy:68)
	at com.kms.katalon.core.keyword.internal.KeywordExecutor.executeKeywordForPlatform(KeywordExecutor.groovy:56)
	at com.kms.katalon.core.webui.keyword.WebUiBuiltInKeywords.verifyElementPresent(WebUiBuiltInKeywords.groovy:1434)
	at com.kms.katalon.core.webui.keyword.WebUiBuiltInKeywords$verifyElementPresent$4.call(Unknown Source)
	at Add Appointment Button.run(Add Appointment Button:16)
	at com.kms.katalon.core.main.ScriptEngine.run(ScriptEngine.java:194)
	at com.kms.katalon.core.main.ScriptEngine.runScriptAsRawText(ScriptEngine.java:119)
	at com.kms.katalon.core.main.TestCaseExecutor.runScript(TestCaseExecutor.java:331)
	at com.kms.katalon.core.main.TestCaseExecutor.doExecute(TestCaseExecutor.java:322)
	at com.kms.katalon.core.main.TestCaseExecutor.processExecutionPhase(TestCaseExecutor.java:301)
	at com.kms.katalon.core.main.TestCaseExecutor.accessMainPhase(TestCaseExecutor.java:293)
	at com.kms.katalon.core.main.TestCaseExecutor.execute(TestCaseExecutor.java:227)
	at com.kms.katalon.core.main.TestCaseMain.runTestCase(TestCaseMain.java:114)
	at com.kms.katalon.core.keyword.builtin.CallTestCaseKeyword$_callTestCase_closure1.doCall(CallTestCaseKeyword.groovy:59)
	... 20 more


2019-03-11 17:15:26 - [TEST_STEP][PASSED] - openBrowser(""): Browser is opened with url: ''

2019-03-11 17:15:26 - [MESSAGE][WARNING] - A browser is already opened. Closing browser and opening a new one

2019-03-11 17:15:26 - [MESSAGE][INFO] - Starting 'Chrome' driver

2019-03-11 17:15:28 - [MESSAGE][PASSED] - Browser is opened with url: ''

2019-03-11 17:15:28 - [TEST_STEP][PASSED] - navigateToUrl("https://pmrsqa.eschost2.com/"): Navigate to 'https://pmrsqa.eschost2.com/' successfully

2019-03-11 17:15:38 - [MESSAGE][PASSED] - Navigate to 'https://pmrsqa.eschost2.com/' successfully

2019-03-11 17:15:38 - [TEST_STEP][PASSED] - callTestCase(findTestCase("Log In"), [:], STOP_ON_FAILURE): Call Test Case 'Test Cases/Log In' successfully

2019-03-11 17:15:38 - [TEST_CASE][PASSED] - Test Cases/Log In: Test Cases/Log In

2019-03-11 17:15:38 - [TEST_STEP][PASSED] - delay(2): Delayed 2 second(s)

2019-03-11 17:15:40 - [MESSAGE][PASSED] - Delayed 2 second(s)

2019-03-11 17:15:40 - [TEST_STEP][PASSED] - setText(findTestObject("Object Repository/Log In/Page_PMRS Web Application/input_Username_mat-input-0"), "hughes.m@electronicscience.com"): Text 'hughes.m@electronicscience.com' is set on object 'Object Repository/Log In/Page_PMRS Web Application/input_Username_mat-input-0'

2019-03-11 17:15:41 - [MESSAGE][PASSED] - Text 'hughes.m@electronicscience.com' is set on object 'Object Repository/Log In/Page_PMRS Web Application/input_Username_mat-input-0'

2019-03-11 17:15:41 - [TEST_STEP][PASSED] - setEncryptedText(findTestObject("Object Repository/Log In/Page_PMRS Web Application/input_Username_mat-input-1"), "pvl9UeBNnak165xxUnzI6w=="): Text ****** has been set on object 'Object Repository/Log In/Page_PMRS Web Application/input_Username_mat-input-1'

2019-03-11 17:15:41 - [MESSAGE][PASSED] - Text ****** has been set on object 'Object Repository/Log In/Page_PMRS Web Application/input_Username_mat-input-1'

2019-03-11 17:15:41 - [TEST_STEP][PASSED] - click(findTestObject("Object Repository/Log In/Page_PMRS Web Application/button_Login")): Object: 'Object Repository/Log In/Page_PMRS Web Application/button_Login' is clicked on

2019-03-11 17:15:41 - [MESSAGE][PASSED] - Object: 'Object Repository/Log In/Page_PMRS Web Application/button_Login' is clicked on

2019-03-11 17:15:41 - [MESSAGE][PASSED] - Call Test Case 'Test Cases/Log In' successfully

2019-03-11 17:15:41 - [TEST_STEP][PASSED] - delay(2): Delayed 2 second(s)

2019-03-11 17:15:43 - [MESSAGE][PASSED] - Delayed 2 second(s)

2019-03-11 17:15:43 - [TEST_STEP][PASSED] - callTestCase(findTestCase("Change Doctors"), [:], STOP_ON_FAILURE): Call Test Case 'Test Cases/Change Doctors' successfully

2019-03-11 17:15:43 - [TEST_CASE][PASSED] - Test Cases/Change Doctors: Test Cases/Change Doctors

2019-03-11 17:15:43 - [TEST_STEP][PASSED] - click(findTestObject("Main/Page_PMRS Web Application/Landing Page/div_Dina  Tuto")): Object: 'Object Repository/Main/Page_PMRS Web Application/Landing Page/div_Dina  Tuto' is clicked on

2019-03-11 17:15:44 - [MESSAGE][PASSED] - Object: 'Object Repository/Main/Page_PMRS Web Application/Landing Page/div_Dina  Tuto' is clicked on

2019-03-11 17:15:44 - [TEST_STEP][PASSED] - delay(1): Delayed 1 second(s)

2019-03-11 17:15:45 - [MESSAGE][PASSED] - Delayed 1 second(s)

2019-03-11 17:15:45 - [TEST_STEP][PASSED] - click(findTestObject("Main/Page_PMRS Web Application/Landing Page/Doctor List Dropdown/mat-option_Gregor Di Matibag")): Object: 'Object Repository/Main/Page_PMRS Web Application/Landing Page/Doctor List Dropdown/mat-option_Gregor Di Matibag' is clicked on

2019-03-11 17:15:45 - [MESSAGE][PASSED] - Object: 'Object Repository/Main/Page_PMRS Web Application/Landing Page/Doctor List Dropdown/mat-option_Gregor Di Matibag' is clicked on

2019-03-11 17:15:45 - [MESSAGE][PASSED] - Call Test Case 'Test Cases/Change Doctors' successfully

2019-03-11 17:15:45 - [TEST_STEP][PASSED] - delay(2): Delayed 2 second(s)

2019-03-11 17:15:47 - [MESSAGE][PASSED] - Delayed 2 second(s)

2019-03-11 17:15:47 - [TEST_STEP][FAILED] - callTestCase(findTestCase("Add Appointment Button"), [:], STOP_ON_FAILURE): callTestCase(findTestCase("Add Appointment Button"), [:], STOP_ON_FAILURE) FAILED.
Reason:
com.kms.katalon.core.exception.StepFailedException: Call Test Case 'Test Cases/Add Appointment Button' failed
	at com.kms.katalon.core.keyword.builtin.CallTestCaseKeyword$_callTestCase_closure1.doCall(CallTestCaseKeyword.groovy:63)
	at com.kms.katalon.core.keyword.builtin.CallTestCaseKeyword$_callTestCase_closure1.call(CallTestCaseKeyword.groovy)
	at com.kms.katalon.core.keyword.internal.KeywordMain.runKeyword(KeywordMain.groovy:66)
	at com.kms.katalon.core.keyword.builtin.CallTestCaseKeyword.callTestCase(CallTestCaseKeyword.groovy:81)
	at com.kms.katalon.core.keyword.builtin.CallTestCaseKeyword.execute(CallTestCaseKeyword.groovy:44)
	at com.kms.katalon.core.keyword.internal.KeywordExecutor.executeKeywordForPlatform(KeywordExecutor.groovy:56)
	at com.kms.katalon.core.keyword.BuiltinKeywords.callTestCase(BuiltinKeywords.groovy:334)
	at QM-019.run(QM-019:28)
	at com.kms.katalon.core.main.ScriptEngine.run(ScriptEngine.java:194)
	at com.kms.katalon.core.main.ScriptEngine.runScriptAsRawText(ScriptEngine.java:119)
	at com.kms.katalon.core.main.TestCaseExecutor.runScript(TestCaseExecutor.java:331)
	at com.kms.katalon.core.main.TestCaseExecutor.doExecute(TestCaseExecutor.java:322)
	at com.kms.katalon.core.main.TestCaseExecutor.processExecutionPhase(TestCaseExecutor.java:301)
	at com.kms.katalon.core.main.TestCaseExecutor.accessMainPhase(TestCaseExecutor.java:293)
	at com.kms.katalon.core.main.TestCaseExecutor.execute(TestCaseExecutor.java:227)
	at com.kms.katalon.core.main.TestSuiteExecutor.accessTestCaseMainPhase(TestSuiteExecutor.java:129)
	at com.kms.katalon.core.main.TestSuiteExecutor.accessTestSuiteMainPhase(TestSuiteExecutor.java:112)
	at com.kms.katalon.core.main.TestSuiteExecutor.execute(TestSuiteExecutor.java:81)
	at com.kms.katalon.core.main.TestCaseMain.startTestSuite(TestCaseMain.java:157)
	at com.kms.katalon.core.main.TestCaseMain$startTestSuite$0.call(Unknown Source)
	at TempTestSuite1552295464187.run(TempTestSuite1552295464187.groovy:35)
Caused by: com.kms.katalon.core.exception.StepFailedException: Unable to verify object 'Object Repository/Main/Page_PMRS Web Application/Landing Page/Add Button' is present
	at com.kms.katalon.core.keyword.internal.KeywordMain.stepFailed(KeywordMain.groovy:48)
	at com.kms.katalon.core.webui.keyword.internal.WebUIKeywordMain.stepFailed(WebUIKeywordMain.groovy:65)
	at com.kms.katalon.core.webui.keyword.internal.WebUIKeywordMain.runKeyword(WebUIKeywordMain.groovy:27)
	at com.kms.katalon.core.webui.keyword.builtin.VerifyElementPresentKeyword.verifyElementPresent(VerifyElementPresentKeyword.groovy:92)
	at com.kms.katalon.core.webui.keyword.builtin.VerifyElementPresentKeyword.execute(VerifyElementPresentKeyword.groovy:68)
	at com.kms.katalon.core.keyword.internal.KeywordExecutor.executeKeywordForPlatform(KeywordExecutor.groovy:56)
	at com.kms.katalon.core.webui.keyword.WebUiBuiltInKeywords.verifyElementPresent(WebUiBuiltInKeywords.groovy:1434)
	at com.kms.katalon.core.webui.keyword.WebUiBuiltInKeywords$verifyElementPresent$4.call(Unknown Source)
	at Add Appointment Button.run(Add Appointment Button:16)
	at com.kms.katalon.core.main.ScriptEngine.run(ScriptEngine.java:194)
	at com.kms.katalon.core.main.ScriptEngine.runScriptAsRawText(ScriptEngine.java:119)
	at com.kms.katalon.core.main.TestCaseExecutor.runScript(TestCaseExecutor.java:331)
	at com.kms.katalon.core.main.TestCaseExecutor.doExecute(TestCaseExecutor.java:322)
	at com.kms.katalon.core.main.TestCaseExecutor.processExecutionPhase(TestCaseExecutor.java:301)
	at com.kms.katalon.core.main.TestCaseExecutor.accessMainPhase(TestCaseExecutor.java:293)
	at com.kms.katalon.core.main.TestCaseExecutor.execute(TestCaseExecutor.java:227)
	at com.kms.katalon.core.main.TestCaseMain.runTestCase(TestCaseMain.java:114)
	at com.kms.katalon.core.keyword.builtin.CallTestCaseKeyword$_callTestCase_closure1.doCall(CallTestCaseKeyword.groovy:59)
	... 20 more


2019-03-11 17:15:47 - [TEST_CASE][FAILED] - Test Cases/Add Appointment Button: Test Cases/Add Appointment Button FAILED.
Reason:
com.kms.katalon.core.exception.StepFailedException: Unable to verify object 'Object Repository/Main/Page_PMRS Web Application/Landing Page/Add Button' is present
	at com.kms.katalon.core.keyword.internal.KeywordMain.stepFailed(KeywordMain.groovy:48)
	at com.kms.katalon.core.webui.keyword.internal.WebUIKeywordMain.stepFailed(WebUIKeywordMain.groovy:65)
	at com.kms.katalon.core.webui.keyword.internal.WebUIKeywordMain.runKeyword(WebUIKeywordMain.groovy:27)
	at com.kms.katalon.core.webui.keyword.builtin.VerifyElementPresentKeyword.verifyElementPresent(VerifyElementPresentKeyword.groovy:92)
	at com.kms.katalon.core.webui.keyword.builtin.VerifyElementPresentKeyword.execute(VerifyElementPresentKeyword.groovy:68)
	at com.kms.katalon.core.keyword.internal.KeywordExecutor.executeKeywordForPlatform(KeywordExecutor.groovy:56)
	at com.kms.katalon.core.webui.keyword.WebUiBuiltInKeywords.verifyElementPresent(WebUiBuiltInKeywords.groovy:1434)
	at com.kms.katalon.core.webui.keyword.WebUiBuiltInKeywords$verifyElementPresent$4.call(Unknown Source)
	at Add Appointment Button.run(Add Appointment Button:16)
	at com.kms.katalon.core.main.ScriptEngine.run(ScriptEngine.java:194)
	at com.kms.katalon.core.main.ScriptEngine.runScriptAsRawText(ScriptEngine.java:119)
	at com.kms.katalon.core.main.TestCaseExecutor.runScript(TestCaseExecutor.java:331)
	at com.kms.katalon.core.main.TestCaseExecutor.doExecute(TestCaseExecutor.java:322)
	at com.kms.katalon.core.main.TestCaseExecutor.processExecutionPhase(TestCaseExecutor.java:301)
	at com.kms.katalon.core.main.TestCaseExecutor.accessMainPhase(TestCaseExecutor.java:293)
	at com.kms.katalon.core.main.TestCaseExecutor.execute(TestCaseExecutor.java:227)
	at com.kms.katalon.core.main.TestCaseMain.runTestCase(TestCaseMain.java:114)
	at com.kms.katalon.core.keyword.builtin.CallTestCaseKeyword$_callTestCase_closure1.doCall(CallTestCaseKeyword.groovy:59)
	at com.kms.katalon.core.keyword.builtin.CallTestCaseKeyword$_callTestCase_closure1.call(CallTestCaseKeyword.groovy)
	at com.kms.katalon.core.keyword.internal.KeywordMain.runKeyword(KeywordMain.groovy:66)
	at com.kms.katalon.core.keyword.builtin.CallTestCaseKeyword.callTestCase(CallTestCaseKeyword.groovy:81)
	at com.kms.katalon.core.keyword.builtin.CallTestCaseKeyword.execute(CallTestCaseKeyword.groovy:44)
	at com.kms.katalon.core.keyword.internal.KeywordExecutor.executeKeywordForPlatform(KeywordExecutor.groovy:56)
	at com.kms.katalon.core.keyword.BuiltinKeywords.callTestCase(BuiltinKeywords.groovy:334)
	at QM-019.run(QM-019:28)
	at com.kms.katalon.core.main.ScriptEngine.run(ScriptEngine.java:194)
	at com.kms.katalon.core.main.ScriptEngine.runScriptAsRawText(ScriptEngine.java:119)
	at com.kms.katalon.core.main.TestCaseExecutor.runScript(TestCaseExecutor.java:331)
	at com.kms.katalon.core.main.TestCaseExecutor.doExecute(TestCaseExecutor.java:322)
	at com.kms.katalon.core.main.TestCaseExecutor.processExecutionPhase(TestCaseExecutor.java:301)
	at com.kms.katalon.core.main.TestCaseExecutor.accessMainPhase(TestCaseExecutor.java:293)
	at com.kms.katalon.core.main.TestCaseExecutor.execute(TestCaseExecutor.java:227)
	at com.kms.katalon.core.main.TestSuiteExecutor.accessTestCaseMainPhase(TestSuiteExecutor.java:129)
	at com.kms.katalon.core.main.TestSuiteExecutor.accessTestSuiteMainPhase(TestSuiteExecutor.java:112)
	at com.kms.katalon.core.main.TestSuiteExecutor.execute(TestSuiteExecutor.java:81)
	at com.kms.katalon.core.main.TestCaseMain.startTestSuite(TestCaseMain.java:157)
	at com.kms.katalon.core.main.TestCaseMain$startTestSuite$0.call(Unknown Source)
	at TempTestSuite1552295464187.run(TempTestSuite1552295464187.groovy:35)


2019-03-11 17:15:47 - [TEST_STEP][FAILED] - verifyElementPresent(findTestObject("Main/Page_PMRS Web Application/Landing Page/Add Button"), 0): verifyElementPresent(findTestObject("Main/Page_PMRS Web Application/Landing Page/Add Button"), 0) FAILED.
Reason:
com.kms.katalon.core.exception.StepFailedException: Unable to verify object 'Object Repository/Main/Page_PMRS Web Application/Landing Page/Add Button' is present
	at com.kms.katalon.core.keyword.internal.KeywordMain.stepFailed(KeywordMain.groovy:48)
	at com.kms.katalon.core.webui.keyword.internal.WebUIKeywordMain.stepFailed(WebUIKeywordMain.groovy:65)
	at com.kms.katalon.core.webui.keyword.internal.WebUIKeywordMain.runKeyword(WebUIKeywordMain.groovy:27)
	at com.kms.katalon.core.webui.keyword.builtin.VerifyElementPresentKeyword.verifyElementPresent(VerifyElementPresentKeyword.groovy:92)
	at com.kms.katalon.core.webui.keyword.builtin.VerifyElementPresentKeyword.execute(VerifyElementPresentKeyword.groovy:68)
	at com.kms.katalon.core.keyword.internal.KeywordExecutor.executeKeywordForPlatform(KeywordExecutor.groovy:56)
	at com.kms.katalon.core.webui.keyword.WebUiBuiltInKeywords.verifyElementPresent(WebUiBuiltInKeywords.groovy:1434)
	at com.kms.katalon.core.webui.keyword.WebUiBuiltInKeywords$verifyElementPresent$4.call(Unknown Source)
	at Add Appointment Button.run(Add Appointment Button:16)
	at com.kms.katalon.core.main.ScriptEngine.run(ScriptEngine.java:194)
	at com.kms.katalon.core.main.ScriptEngine.runScriptAsRawText(ScriptEngine.java:119)
	at com.kms.katalon.core.main.TestCaseExecutor.runScript(TestCaseExecutor.java:331)
	at com.kms.katalon.core.main.TestCaseExecutor.doExecute(TestCaseExecutor.java:322)
	at com.kms.katalon.core.main.TestCaseExecutor.processExecutionPhase(TestCaseExecutor.java:301)
	at com.kms.katalon.core.main.TestCaseExecutor.accessMainPhase(TestCaseExecutor.java:293)
	at com.kms.katalon.core.main.TestCaseExecutor.execute(TestCaseExecutor.java:227)
	at com.kms.katalon.core.main.TestCaseMain.runTestCase(TestCaseMain.java:114)
	at com.kms.katalon.core.keyword.builtin.CallTestCaseKeyword$_callTestCase_closure1.doCall(CallTestCaseKeyword.groovy:59)
	at com.kms.katalon.core.keyword.builtin.CallTestCaseKeyword$_callTestCase_closure1.call(CallTestCaseKeyword.groovy)
	at com.kms.katalon.core.keyword.internal.KeywordMain.runKeyword(KeywordMain.groovy:66)
	at com.kms.katalon.core.keyword.builtin.CallTestCaseKeyword.callTestCase(CallTestCaseKeyword.groovy:81)
	at com.kms.katalon.core.keyword.builtin.CallTestCaseKeyword.execute(CallTestCaseKeyword.groovy:44)
	at com.kms.katalon.core.keyword.internal.KeywordExecutor.executeKeywordForPlatform(KeywordExecutor.groovy:56)
	at com.kms.katalon.core.keyword.BuiltinKeywords.callTestCase(BuiltinKeywords.groovy:334)
	at QM-019.run(QM-019:28)
	at com.kms.katalon.core.main.ScriptEngine.run(ScriptEngine.java:194)
	at com.kms.katalon.core.main.ScriptEngine.runScriptAsRawText(ScriptEngine.java:119)
	at com.kms.katalon.core.main.TestCaseExecutor.runScript(TestCaseExecutor.java:331)
	at com.kms.katalon.core.main.TestCaseExecutor.doExecute(TestCaseExecutor.java:322)
	at com.kms.katalon.core.main.TestCaseExecutor.processExecutionPhase(TestCaseExecutor.java:301)
	at com.kms.katalon.core.main.TestCaseExecutor.accessMainPhase(TestCaseExecutor.java:293)
	at com.kms.katalon.core.main.TestCaseExecutor.execute(TestCaseExecutor.java:227)
	at com.kms.katalon.core.main.TestSuiteExecutor.accessTestCaseMainPhase(TestSuiteExecutor.java:129)
	at com.kms.katalon.core.main.TestSuiteExecutor.accessTestSuiteMainPhase(TestSuiteExecutor.java:112)
	at com.kms.katalon.core.main.TestSuiteExecutor.execute(TestSuiteExecutor.java:81)
	at com.kms.katalon.core.main.TestCaseMain.startTestSuite(TestCaseMain.java:157)
	at com.kms.katalon.core.main.TestCaseMain$startTestSuite$0.call(Unknown Source)
	at TempTestSuite1552295464187.run(TempTestSuite1552295464187.groovy:35)


2019-03-11 17:15:47 - [MESSAGE][WARNING] - Timeout '0' is invalid. Using default page load timeout: '30'

2019-03-11 17:16:18 - [MESSAGE][INFO] - Unable to find the element located by 'By.xpath: (.//*[normalize-space(text()) and normalize-space(.)='All(0)'])[1]/preceding::button[1]'. Please recheck the objects properties to make sure the desired element is located. 

2019-03-11 17:16:18 - [MESSAGE][FAILED] - com.kms.katalon.core.webui.exception.WebElementNotFoundException: Web element with id: 'Object Repository/Main/Page_PMRS Web Application/Landing Page/Add Button' located by 'By.xpath: (.//*[normalize-space(text()) and normalize-space(.)='All(0)'])[1]/preceding::button[1]' not found
[[ATTACHMENT|/Users/e-science/Desktop/git/QATS-PMRS/Reports/Test1/20190311_171104/1552295778351.png]]

2019-03-11 17:16:18 - [MESSAGE][FAILED] - Unable to verify object 'Object Repository/Main/Page_PMRS Web Application/Landing Page/Add Button' is present
[[ATTACHMENT|/Users/e-science/Desktop/git/QATS-PMRS/Reports/Test1/20190311_171104/1552295778658.png]]

2019-03-11 17:16:18 - [MESSAGE][FAILED] - verifyElementPresent(findTestObject("Main/Page_PMRS Web Application/Landing Page/Add Button"), 0) FAILED.
Reason:
com.kms.katalon.core.exception.StepFailedException: Unable to verify object 'Object Repository/Main/Page_PMRS Web Application/Landing Page/Add Button' is present
	at com.kms.katalon.core.keyword.internal.KeywordMain.stepFailed(KeywordMain.groovy:48)
	at com.kms.katalon.core.webui.keyword.internal.WebUIKeywordMain.stepFailed(WebUIKeywordMain.groovy:65)
	at com.kms.katalon.core.webui.keyword.internal.WebUIKeywordMain.runKeyword(WebUIKeywordMain.groovy:27)
	at com.kms.katalon.core.webui.keyword.builtin.VerifyElementPresentKeyword.verifyElementPresent(VerifyElementPresentKeyword.groovy:92)
	at com.kms.katalon.core.webui.keyword.builtin.VerifyElementPresentKeyword.execute(VerifyElementPresentKeyword.groovy:68)
	at com.kms.katalon.core.keyword.internal.KeywordExecutor.executeKeywordForPlatform(KeywordExecutor.groovy:56)
	at com.kms.katalon.core.webui.keyword.WebUiBuiltInKeywords.verifyElementPresent(WebUiBuiltInKeywords.groovy:1434)
	at com.kms.katalon.core.webui.keyword.WebUiBuiltInKeywords$verifyElementPresent$4.call(Unknown Source)
	at Add Appointment Button.run(Add Appointment Button:16)
	at com.kms.katalon.core.main.ScriptEngine.run(ScriptEngine.java:194)
	at com.kms.katalon.core.main.ScriptEngine.runScriptAsRawText(ScriptEngine.java:119)
	at com.kms.katalon.core.main.TestCaseExecutor.runScript(TestCaseExecutor.java:331)
	at com.kms.katalon.core.main.TestCaseExecutor.doExecute(TestCaseExecutor.java:322)
	at com.kms.katalon.core.main.TestCaseExecutor.processExecutionPhase(TestCaseExecutor.java:301)
	at com.kms.katalon.core.main.TestCaseExecutor.accessMainPhase(TestCaseExecutor.java:293)
	at com.kms.katalon.core.main.TestCaseExecutor.execute(TestCaseExecutor.java:227)
	at com.kms.katalon.core.main.TestCaseMain.runTestCase(TestCaseMain.java:114)
	at com.kms.katalon.core.keyword.builtin.CallTestCaseKeyword$_callTestCase_closure1.doCall(CallTestCaseKeyword.groovy:59)
	at com.kms.katalon.core.keyword.builtin.CallTestCaseKeyword$_callTestCase_closure1.call(CallTestCaseKeyword.groovy)
	at com.kms.katalon.core.keyword.internal.KeywordMain.runKeyword(KeywordMain.groovy:66)
	at com.kms.katalon.core.keyword.builtin.CallTestCaseKeyword.callTestCase(CallTestCaseKeyword.groovy:81)
	at com.kms.katalon.core.keyword.builtin.CallTestCaseKeyword.execute(CallTestCaseKeyword.groovy:44)
	at com.kms.katalon.core.keyword.internal.KeywordExecutor.executeKeywordForPlatform(KeywordExecutor.groovy:56)
	at com.kms.katalon.core.keyword.BuiltinKeywords.callTestCase(BuiltinKeywords.groovy:334)
	at QM-019.run(QM-019:28)
	at com.kms.katalon.core.main.ScriptEngine.run(ScriptEngine.java:194)
	at com.kms.katalon.core.main.ScriptEngine.runScriptAsRawText(ScriptEngine.java:119)
	at com.kms.katalon.core.main.TestCaseExecutor.runScript(TestCaseExecutor.java:331)
	at com.kms.katalon.core.main.TestCaseExecutor.doExecute(TestCaseExecutor.java:322)
	at com.kms.katalon.core.main.TestCaseExecutor.processExecutionPhase(TestCaseExecutor.java:301)
	at com.kms.katalon.core.main.TestCaseExecutor.accessMainPhase(TestCaseExecutor.java:293)
	at com.kms.katalon.core.main.TestCaseExecutor.execute(TestCaseExecutor.java:227)
	at com.kms.katalon.core.main.TestSuiteExecutor.accessTestCaseMainPhase(TestSuiteExecutor.java:129)
	at com.kms.katalon.core.main.TestSuiteExecutor.accessTestSuiteMainPhase(TestSuiteExecutor.java:112)
	at com.kms.katalon.core.main.TestSuiteExecutor.execute(TestSuiteExecutor.java:81)
	at com.kms.katalon.core.main.TestCaseMain.startTestSuite(TestCaseMain.java:157)
	at com.kms.katalon.core.main.TestCaseMain$startTestSuite$0.call(Unknown Source)
	at TempTestSuite1552295464187.run(TempTestSuite1552295464187.groovy:35)


2019-03-11 17:16:18 - [MESSAGE][FAILED] - Unable to call Test Case 'Test Cases/Add Appointment Button' (Root cause: com.kms.katalon.core.exception.StepFailedException: Call Test Case 'Test Cases/Add Appointment Button' failed
	at com.kms.katalon.core.keyword.builtin.CallTestCaseKeyword$_callTestCase_closure1.doCall(CallTestCaseKeyword.groovy:63)
	at com.kms.katalon.core.keyword.builtin.CallTestCaseKeyword$_callTestCase_closure1.call(CallTestCaseKeyword.groovy)
	at com.kms.katalon.core.keyword.internal.KeywordMain.runKeyword(KeywordMain.groovy:66)
	at com.kms.katalon.core.keyword.builtin.CallTestCaseKeyword.callTestCase(CallTestCaseKeyword.groovy:81)
	at com.kms.katalon.core.keyword.builtin.CallTestCaseKeyword.execute(CallTestCaseKeyword.groovy:44)
	at com.kms.katalon.core.keyword.internal.KeywordExecutor.executeKeywordForPlatform(KeywordExecutor.groovy:56)
	at com.kms.katalon.core.keyword.BuiltinKeywords.callTestCase(BuiltinKeywords.groovy:334)
	at QM-019.run(QM-019:28)
	at com.kms.katalon.core.main.ScriptEngine.run(ScriptEngine.java:194)
	at com.kms.katalon.core.main.ScriptEngine.runScriptAsRawText(ScriptEngine.java:119)
	at com.kms.katalon.core.main.TestCaseExecutor.runScript(TestCaseExecutor.java:331)
	at com.kms.katalon.core.main.TestCaseExecutor.doExecute(TestCaseExecutor.java:322)
	at com.kms.katalon.core.main.TestCaseExecutor.processExecutionPhase(TestCaseExecutor.java:301)
	at com.kms.katalon.core.main.TestCaseExecutor.accessMainPhase(TestCaseExecutor.java:293)
	at com.kms.katalon.core.main.TestCaseExecutor.execute(TestCaseExecutor.java:227)
	at com.kms.katalon.core.main.TestSuiteExecutor.accessTestCaseMainPhase(TestSuiteExecutor.java:129)
	at com.kms.katalon.core.main.TestSuiteExecutor.accessTestSuiteMainPhase(TestSuiteExecutor.java:112)
	at com.kms.katalon.core.main.TestSuiteExecutor.execute(TestSuiteExecutor.java:81)
	at com.kms.katalon.core.main.TestCaseMain.startTestSuite(TestCaseMain.java:157)
	at com.kms.katalon.core.main.TestCaseMain$startTestSuite$0.call(Unknown Source)
	at TempTestSuite1552295464187.run(TempTestSuite1552295464187.groovy:35)
Caused by: com.kms.katalon.core.exception.StepFailedException: Unable to verify object 'Object Repository/Main/Page_PMRS Web Application/Landing Page/Add Button' is present
	at com.kms.katalon.core.keyword.internal.KeywordMain.stepFailed(KeywordMain.groovy:48)
	at com.kms.katalon.core.webui.keyword.internal.WebUIKeywordMain.stepFailed(WebUIKeywordMain.groovy:65)
	at com.kms.katalon.core.webui.keyword.internal.WebUIKeywordMain.runKeyword(WebUIKeywordMain.groovy:27)
	at com.kms.katalon.core.webui.keyword.builtin.VerifyElementPresentKeyword.verifyElementPresent(VerifyElementPresentKeyword.groovy:92)
	at com.kms.katalon.core.webui.keyword.builtin.VerifyElementPresentKeyword.execute(VerifyElementPresentKeyword.groovy:68)
	at com.kms.katalon.core.keyword.internal.KeywordExecutor.executeKeywordForPlatform(KeywordExecutor.groovy:56)
	at com.kms.katalon.core.webui.keyword.WebUiBuiltInKeywords.verifyElementPresent(WebUiBuiltInKeywords.groovy:1434)
	at com.kms.katalon.core.webui.keyword.WebUiBuiltInKeywords$verifyElementPresent$4.call(Unknown Source)
	at Add Appointment Button.run(Add Appointment Button:16)
	at com.kms.katalon.core.main.ScriptEngine.run(ScriptEngine.java:194)
	at com.kms.katalon.core.main.ScriptEngine.runScriptAsRawText(ScriptEngine.java:119)
	at com.kms.katalon.core.main.TestCaseExecutor.runScript(TestCaseExecutor.java:331)
	at com.kms.katalon.core.main.TestCaseExecutor.doExecute(TestCaseExecutor.java:322)
	at com.kms.katalon.core.main.TestCaseExecutor.processExecutionPhase(TestCaseExecutor.java:301)
	at com.kms.katalon.core.main.TestCaseExecutor.accessMainPhase(TestCaseExecutor.java:293)
	at com.kms.katalon.core.main.TestCaseExecutor.execute(TestCaseExecutor.java:227)
	at com.kms.katalon.core.main.TestCaseMain.runTestCase(TestCaseMain.java:114)
	at com.kms.katalon.core.keyword.builtin.CallTestCaseKeyword$_callTestCase_closure1.doCall(CallTestCaseKeyword.groovy:59)
	... 20 more
)

2019-03-11 17:16:18 - [MESSAGE][FAILED] - callTestCase(findTestCase("Add Appointment Button"), [:], STOP_ON_FAILURE) FAILED.
Reason:
com.kms.katalon.core.exception.StepFailedException: Call Test Case 'Test Cases/Add Appointment Button' failed
	at com.kms.katalon.core.keyword.builtin.CallTestCaseKeyword$_callTestCase_closure1.doCall(CallTestCaseKeyword.groovy:63)
	at com.kms.katalon.core.keyword.builtin.CallTestCaseKeyword$_callTestCase_closure1.call(CallTestCaseKeyword.groovy)
	at com.kms.katalon.core.keyword.internal.KeywordMain.runKeyword(KeywordMain.groovy:66)
	at com.kms.katalon.core.keyword.builtin.CallTestCaseKeyword.callTestCase(CallTestCaseKeyword.groovy:81)
	at com.kms.katalon.core.keyword.builtin.CallTestCaseKeyword.execute(CallTestCaseKeyword.groovy:44)
	at com.kms.katalon.core.keyword.internal.KeywordExecutor.executeKeywordForPlatform(KeywordExecutor.groovy:56)
	at com.kms.katalon.core.keyword.BuiltinKeywords.callTestCase(BuiltinKeywords.groovy:334)
	at QM-019.run(QM-019:28)
	at com.kms.katalon.core.main.ScriptEngine.run(ScriptEngine.java:194)
	at com.kms.katalon.core.main.ScriptEngine.runScriptAsRawText(ScriptEngine.java:119)
	at com.kms.katalon.core.main.TestCaseExecutor.runScript(TestCaseExecutor.java:331)
	at com.kms.katalon.core.main.TestCaseExecutor.doExecute(TestCaseExecutor.java:322)
	at com.kms.katalon.core.main.TestCaseExecutor.processExecutionPhase(TestCaseExecutor.java:301)
	at com.kms.katalon.core.main.TestCaseExecutor.accessMainPhase(TestCaseExecutor.java:293)
	at com.kms.katalon.core.main.TestCaseExecutor.execute(TestCaseExecutor.java:227)
	at com.kms.katalon.core.main.TestSuiteExecutor.accessTestCaseMainPhase(TestSuiteExecutor.java:129)
	at com.kms.katalon.core.main.TestSuiteExecutor.accessTestSuiteMainPhase(TestSuiteExecutor.java:112)
	at com.kms.katalon.core.main.TestSuiteExecutor.execute(TestSuiteExecutor.java:81)
	at com.kms.katalon.core.main.TestCaseMain.startTestSuite(TestCaseMain.java:157)
	at com.kms.katalon.core.main.TestCaseMain$startTestSuite$0.call(Unknown Source)
	at TempTestSuite1552295464187.run(TempTestSuite1552295464187.groovy:35)
Caused by: com.kms.katalon.core.exception.StepFailedException: Unable to verify object 'Object Repository/Main/Page_PMRS Web Application/Landing Page/Add Button' is present
	at com.kms.katalon.core.keyword.internal.KeywordMain.stepFailed(KeywordMain.groovy:48)
	at com.kms.katalon.core.webui.keyword.internal.WebUIKeywordMain.stepFailed(WebUIKeywordMain.groovy:65)
	at com.kms.katalon.core.webui.keyword.internal.WebUIKeywordMain.runKeyword(WebUIKeywordMain.groovy:27)
	at com.kms.katalon.core.webui.keyword.builtin.VerifyElementPresentKeyword.verifyElementPresent(VerifyElementPresentKeyword.groovy:92)
	at com.kms.katalon.core.webui.keyword.builtin.VerifyElementPresentKeyword.execute(VerifyElementPresentKeyword.groovy:68)
	at com.kms.katalon.core.keyword.internal.KeywordExecutor.executeKeywordForPlatform(KeywordExecutor.groovy:56)
	at com.kms.katalon.core.webui.keyword.WebUiBuiltInKeywords.verifyElementPresent(WebUiBuiltInKeywords.groovy:1434)
	at com.kms.katalon.core.webui.keyword.WebUiBuiltInKeywords$verifyElementPresent$4.call(Unknown Source)
	at Add Appointment Button.run(Add Appointment Button:16)
	at com.kms.katalon.core.main.ScriptEngine.run(ScriptEngine.java:194)
	at com.kms.katalon.core.main.ScriptEngine.runScriptAsRawText(ScriptEngine.java:119)
	at com.kms.katalon.core.main.TestCaseExecutor.runScript(TestCaseExecutor.java:331)
	at com.kms.katalon.core.main.TestCaseExecutor.doExecute(TestCaseExecutor.java:322)
	at com.kms.katalon.core.main.TestCaseExecutor.processExecutionPhase(TestCaseExecutor.java:301)
	at com.kms.katalon.core.main.TestCaseExecutor.accessMainPhase(TestCaseExecutor.java:293)
	at com.kms.katalon.core.main.TestCaseExecutor.execute(TestCaseExecutor.java:227)
	at com.kms.katalon.core.main.TestCaseMain.runTestCase(TestCaseMain.java:114)
	at com.kms.katalon.core.keyword.builtin.CallTestCaseKeyword$_callTestCase_closure1.doCall(CallTestCaseKeyword.groovy:59)
	... 20 more]]></system-out>
         <system-err><![CDATA[2019-03-11 17:15:26 - [TEST_CASE][FAILED] - Test Cases/Queue Management/QM-019: Test Cases/Queue Management/QM-019 FAILED.
Reason:
com.kms.katalon.core.exception.StepFailedException: Call Test Case 'Test Cases/Add Appointment Button' failed
	at com.kms.katalon.core.keyword.builtin.CallTestCaseKeyword$_callTestCase_closure1.doCall(CallTestCaseKeyword.groovy:63)
	at com.kms.katalon.core.keyword.builtin.CallTestCaseKeyword$_callTestCase_closure1.call(CallTestCaseKeyword.groovy)
	at com.kms.katalon.core.keyword.internal.KeywordMain.runKeyword(KeywordMain.groovy:66)
	at com.kms.katalon.core.keyword.builtin.CallTestCaseKeyword.callTestCase(CallTestCaseKeyword.groovy:81)
	at com.kms.katalon.core.keyword.builtin.CallTestCaseKeyword.execute(CallTestCaseKeyword.groovy:44)
	at com.kms.katalon.core.keyword.internal.KeywordExecutor.executeKeywordForPlatform(KeywordExecutor.groovy:56)
	at com.kms.katalon.core.keyword.BuiltinKeywords.callTestCase(BuiltinKeywords.groovy:334)
	at QM-019.run(QM-019:28)
	at com.kms.katalon.core.main.ScriptEngine.run(ScriptEngine.java:194)
	at com.kms.katalon.core.main.ScriptEngine.runScriptAsRawText(ScriptEngine.java:119)
	at com.kms.katalon.core.main.TestCaseExecutor.runScript(TestCaseExecutor.java:331)
	at com.kms.katalon.core.main.TestCaseExecutor.doExecute(TestCaseExecutor.java:322)
	at com.kms.katalon.core.main.TestCaseExecutor.processExecutionPhase(TestCaseExecutor.java:301)
	at com.kms.katalon.core.main.TestCaseExecutor.accessMainPhase(TestCaseExecutor.java:293)
	at com.kms.katalon.core.main.TestCaseExecutor.execute(TestCaseExecutor.java:227)
	at com.kms.katalon.core.main.TestSuiteExecutor.accessTestCaseMainPhase(TestSuiteExecutor.java:129)
	at com.kms.katalon.core.main.TestSuiteExecutor.accessTestSuiteMainPhase(TestSuiteExecutor.java:112)
	at com.kms.katalon.core.main.TestSuiteExecutor.execute(TestSuiteExecutor.java:81)
	at com.kms.katalon.core.main.TestCaseMain.startTestSuite(TestCaseMain.java:157)
	at com.kms.katalon.core.main.TestCaseMain$startTestSuite$0.call(Unknown Source)
	at TempTestSuite1552295464187.run(TempTestSuite1552295464187.groovy:35)
Caused by: com.kms.katalon.core.exception.StepFailedException: Unable to verify object 'Object Repository/Main/Page_PMRS Web Application/Landing Page/Add Button' is present
	at com.kms.katalon.core.keyword.internal.KeywordMain.stepFailed(KeywordMain.groovy:48)
	at com.kms.katalon.core.webui.keyword.internal.WebUIKeywordMain.stepFailed(WebUIKeywordMain.groovy:65)
	at com.kms.katalon.core.webui.keyword.internal.WebUIKeywordMain.runKeyword(WebUIKeywordMain.groovy:27)
	at com.kms.katalon.core.webui.keyword.builtin.VerifyElementPresentKeyword.verifyElementPresent(VerifyElementPresentKeyword.groovy:92)
	at com.kms.katalon.core.webui.keyword.builtin.VerifyElementPresentKeyword.execute(VerifyElementPresentKeyword.groovy:68)
	at com.kms.katalon.core.keyword.internal.KeywordExecutor.executeKeywordForPlatform(KeywordExecutor.groovy:56)
	at com.kms.katalon.core.webui.keyword.WebUiBuiltInKeywords.verifyElementPresent(WebUiBuiltInKeywords.groovy:1434)
	at com.kms.katalon.core.webui.keyword.WebUiBuiltInKeywords$verifyElementPresent$4.call(Unknown Source)
	at Add Appointment Button.run(Add Appointment Button:16)
	at com.kms.katalon.core.main.ScriptEngine.run(ScriptEngine.java:194)
	at com.kms.katalon.core.main.ScriptEngine.runScriptAsRawText(ScriptEngine.java:119)
	at com.kms.katalon.core.main.TestCaseExecutor.runScript(TestCaseExecutor.java:331)
	at com.kms.katalon.core.main.TestCaseExecutor.doExecute(TestCaseExecutor.java:322)
	at com.kms.katalon.core.main.TestCaseExecutor.processExecutionPhase(TestCaseExecutor.java:301)
	at com.kms.katalon.core.main.TestCaseExecutor.accessMainPhase(TestCaseExecutor.java:293)
	at com.kms.katalon.core.main.TestCaseExecutor.execute(TestCaseExecutor.java:227)
	at com.kms.katalon.core.main.TestCaseMain.runTestCase(TestCaseMain.java:114)
	at com.kms.katalon.core.keyword.builtin.CallTestCaseKeyword$_callTestCase_closure1.doCall(CallTestCaseKeyword.groovy:59)
	... 20 more]]></system-err>
      </testcase>
      <testcase name="Test Cases/Queue Management/QM-020" classname="Test Cases/Queue Management/QM-020" status="FAILED">
         <failure type="FAILED" message="Test Cases/Queue Management/QM-020 FAILED.
Reason:
com.kms.katalon.core.exception.StepFailedException: Call Test Case 'Test Cases/Add Appointment Button' failed
	at com.kms.katalon.core.keyword.builtin.CallTestCaseKeyword$_callTestCase_closure1.doCall(CallTestCaseKeyword.groovy:63)
	at com.kms.katalon.core.keyword.builtin.CallTestCaseKeyword$_callTestCase_closure1.call(CallTestCaseKeyword.groovy)
	at com.kms.katalon.core.keyword.internal.KeywordMain.runKeyword(KeywordMain.groovy:66)
	at com.kms.katalon.core.keyword.builtin.CallTestCaseKeyword.callTestCase(CallTestCaseKeyword.groovy:81)
	at com.kms.katalon.core.keyword.builtin.CallTestCaseKeyword.execute(CallTestCaseKeyword.groovy:44)
	at com.kms.katalon.core.keyword.internal.KeywordExecutor.executeKeywordForPlatform(KeywordExecutor.groovy:56)
	at com.kms.katalon.core.keyword.BuiltinKeywords.callTestCase(BuiltinKeywords.groovy:334)
	at QM-020.run(QM-020:28)
	at com.kms.katalon.core.main.ScriptEngine.run(ScriptEngine.java:194)
	at com.kms.katalon.core.main.ScriptEngine.runScriptAsRawText(ScriptEngine.java:119)
	at com.kms.katalon.core.main.TestCaseExecutor.runScript(TestCaseExecutor.java:331)
	at com.kms.katalon.core.main.TestCaseExecutor.doExecute(TestCaseExecutor.java:322)
	at com.kms.katalon.core.main.TestCaseExecutor.processExecutionPhase(TestCaseExecutor.java:301)
	at com.kms.katalon.core.main.TestCaseExecutor.accessMainPhase(TestCaseExecutor.java:293)
	at com.kms.katalon.core.main.TestCaseExecutor.execute(TestCaseExecutor.java:227)
	at com.kms.katalon.core.main.TestSuiteExecutor.accessTestCaseMainPhase(TestSuiteExecutor.java:129)
	at com.kms.katalon.core.main.TestSuiteExecutor.accessTestSuiteMainPhase(TestSuiteExecutor.java:112)
	at com.kms.katalon.core.main.TestSuiteExecutor.execute(TestSuiteExecutor.java:81)
	at com.kms.katalon.core.main.TestCaseMain.startTestSuite(TestCaseMain.java:157)
	at com.kms.katalon.core.main.TestCaseMain$startTestSuite$0.call(Unknown Source)
	at TempTestSuite1552295464187.run(TempTestSuite1552295464187.groovy:35)
Caused by: com.kms.katalon.core.exception.StepFailedException: Unable to verify object 'Object Repository/Main/Page_PMRS Web Application/Landing Page/Add Button' is present
	at com.kms.katalon.core.keyword.internal.KeywordMain.stepFailed(KeywordMain.groovy:48)
	at com.kms.katalon.core.webui.keyword.internal.WebUIKeywordMain.stepFailed(WebUIKeywordMain.groovy:65)
	at com.kms.katalon.core.webui.keyword.internal.WebUIKeywordMain.runKeyword(WebUIKeywordMain.groovy:27)
	at com.kms.katalon.core.webui.keyword.builtin.VerifyElementPresentKeyword.verifyElementPresent(VerifyElementPresentKeyword.groovy:92)
	at com.kms.katalon.core.webui.keyword.builtin.VerifyElementPresentKeyword.execute(VerifyElementPresentKeyword.groovy:68)
	at com.kms.katalon.core.keyword.internal.KeywordExecutor.executeKeywordForPlatform(KeywordExecutor.groovy:56)
	at com.kms.katalon.core.webui.keyword.WebUiBuiltInKeywords.verifyElementPresent(WebUiBuiltInKeywords.groovy:1434)
	at com.kms.katalon.core.webui.keyword.WebUiBuiltInKeywords$verifyElementPresent$4.call(Unknown Source)
	at Add Appointment Button.run(Add Appointment Button:16)
	at com.kms.katalon.core.main.ScriptEngine.run(ScriptEngine.java:194)
	at com.kms.katalon.core.main.ScriptEngine.runScriptAsRawText(ScriptEngine.java:119)
	at com.kms.katalon.core.main.TestCaseExecutor.runScript(TestCaseExecutor.java:331)
	at com.kms.katalon.core.main.TestCaseExecutor.doExecute(TestCaseExecutor.java:322)
	at com.kms.katalon.core.main.TestCaseExecutor.processExecutionPhase(TestCaseExecutor.java:301)
	at com.kms.katalon.core.main.TestCaseExecutor.accessMainPhase(TestCaseExecutor.java:293)
	at com.kms.katalon.core.main.TestCaseExecutor.execute(TestCaseExecutor.java:227)
	at com.kms.katalon.core.main.TestCaseMain.runTestCase(TestCaseMain.java:114)
	at com.kms.katalon.core.keyword.builtin.CallTestCaseKeyword$_callTestCase_closure1.doCall(CallTestCaseKeyword.groovy:59)
	... 20 more
"/>
         <system-out><![CDATA[2019-03-11 17:16:18 - [TEST_CASE][FAILED] - Test Cases/Queue Management/QM-020: Test Cases/Queue Management/QM-020 FAILED.
Reason:
com.kms.katalon.core.exception.StepFailedException: Call Test Case 'Test Cases/Add Appointment Button' failed
	at com.kms.katalon.core.keyword.builtin.CallTestCaseKeyword$_callTestCase_closure1.doCall(CallTestCaseKeyword.groovy:63)
	at com.kms.katalon.core.keyword.builtin.CallTestCaseKeyword$_callTestCase_closure1.call(CallTestCaseKeyword.groovy)
	at com.kms.katalon.core.keyword.internal.KeywordMain.runKeyword(KeywordMain.groovy:66)
	at com.kms.katalon.core.keyword.builtin.CallTestCaseKeyword.callTestCase(CallTestCaseKeyword.groovy:81)
	at com.kms.katalon.core.keyword.builtin.CallTestCaseKeyword.execute(CallTestCaseKeyword.groovy:44)
	at com.kms.katalon.core.keyword.internal.KeywordExecutor.executeKeywordForPlatform(KeywordExecutor.groovy:56)
	at com.kms.katalon.core.keyword.BuiltinKeywords.callTestCase(BuiltinKeywords.groovy:334)
	at QM-020.run(QM-020:28)
	at com.kms.katalon.core.main.ScriptEngine.run(ScriptEngine.java:194)
	at com.kms.katalon.core.main.ScriptEngine.runScriptAsRawText(ScriptEngine.java:119)
	at com.kms.katalon.core.main.TestCaseExecutor.runScript(TestCaseExecutor.java:331)
	at com.kms.katalon.core.main.TestCaseExecutor.doExecute(TestCaseExecutor.java:322)
	at com.kms.katalon.core.main.TestCaseExecutor.processExecutionPhase(TestCaseExecutor.java:301)
	at com.kms.katalon.core.main.TestCaseExecutor.accessMainPhase(TestCaseExecutor.java:293)
	at com.kms.katalon.core.main.TestCaseExecutor.execute(TestCaseExecutor.java:227)
	at com.kms.katalon.core.main.TestSuiteExecutor.accessTestCaseMainPhase(TestSuiteExecutor.java:129)
	at com.kms.katalon.core.main.TestSuiteExecutor.accessTestSuiteMainPhase(TestSuiteExecutor.java:112)
	at com.kms.katalon.core.main.TestSuiteExecutor.execute(TestSuiteExecutor.java:81)
	at com.kms.katalon.core.main.TestCaseMain.startTestSuite(TestCaseMain.java:157)
	at com.kms.katalon.core.main.TestCaseMain$startTestSuite$0.call(Unknown Source)
	at TempTestSuite1552295464187.run(TempTestSuite1552295464187.groovy:35)
Caused by: com.kms.katalon.core.exception.StepFailedException: Unable to verify object 'Object Repository/Main/Page_PMRS Web Application/Landing Page/Add Button' is present
	at com.kms.katalon.core.keyword.internal.KeywordMain.stepFailed(KeywordMain.groovy:48)
	at com.kms.katalon.core.webui.keyword.internal.WebUIKeywordMain.stepFailed(WebUIKeywordMain.groovy:65)
	at com.kms.katalon.core.webui.keyword.internal.WebUIKeywordMain.runKeyword(WebUIKeywordMain.groovy:27)
	at com.kms.katalon.core.webui.keyword.builtin.VerifyElementPresentKeyword.verifyElementPresent(VerifyElementPresentKeyword.groovy:92)
	at com.kms.katalon.core.webui.keyword.builtin.VerifyElementPresentKeyword.execute(VerifyElementPresentKeyword.groovy:68)
	at com.kms.katalon.core.keyword.internal.KeywordExecutor.executeKeywordForPlatform(KeywordExecutor.groovy:56)
	at com.kms.katalon.core.webui.keyword.WebUiBuiltInKeywords.verifyElementPresent(WebUiBuiltInKeywords.groovy:1434)
	at com.kms.katalon.core.webui.keyword.WebUiBuiltInKeywords$verifyElementPresent$4.call(Unknown Source)
	at Add Appointment Button.run(Add Appointment Button:16)
	at com.kms.katalon.core.main.ScriptEngine.run(ScriptEngine.java:194)
	at com.kms.katalon.core.main.ScriptEngine.runScriptAsRawText(ScriptEngine.java:119)
	at com.kms.katalon.core.main.TestCaseExecutor.runScript(TestCaseExecutor.java:331)
	at com.kms.katalon.core.main.TestCaseExecutor.doExecute(TestCaseExecutor.java:322)
	at com.kms.katalon.core.main.TestCaseExecutor.processExecutionPhase(TestCaseExecutor.java:301)
	at com.kms.katalon.core.main.TestCaseExecutor.accessMainPhase(TestCaseExecutor.java:293)
	at com.kms.katalon.core.main.TestCaseExecutor.execute(TestCaseExecutor.java:227)
	at com.kms.katalon.core.main.TestCaseMain.runTestCase(TestCaseMain.java:114)
	at com.kms.katalon.core.keyword.builtin.CallTestCaseKeyword$_callTestCase_closure1.doCall(CallTestCaseKeyword.groovy:59)
	... 20 more


2019-03-11 17:16:19 - [TEST_STEP][PASSED] - openBrowser(""): Browser is opened with url: ''

2019-03-11 17:16:19 - [MESSAGE][WARNING] - A browser is already opened. Closing browser and opening a new one

2019-03-11 17:16:19 - [MESSAGE][INFO] - Starting 'Chrome' driver

2019-03-11 17:16:20 - [MESSAGE][PASSED] - Browser is opened with url: ''

2019-03-11 17:16:20 - [TEST_STEP][PASSED] - navigateToUrl("https://pmrsqa.eschost2.com/"): Navigate to 'https://pmrsqa.eschost2.com/' successfully

2019-03-11 17:16:31 - [MESSAGE][PASSED] - Navigate to 'https://pmrsqa.eschost2.com/' successfully

2019-03-11 17:16:31 - [TEST_STEP][PASSED] - callTestCase(findTestCase("Log In"), [:], STOP_ON_FAILURE): Call Test Case 'Test Cases/Log In' successfully

2019-03-11 17:16:31 - [TEST_CASE][PASSED] - Test Cases/Log In: Test Cases/Log In

2019-03-11 17:16:31 - [TEST_STEP][PASSED] - delay(2): Delayed 2 second(s)

2019-03-11 17:16:33 - [MESSAGE][PASSED] - Delayed 2 second(s)

2019-03-11 17:16:33 - [TEST_STEP][PASSED] - setText(findTestObject("Object Repository/Log In/Page_PMRS Web Application/input_Username_mat-input-0"), "hughes.m@electronicscience.com"): Text 'hughes.m@electronicscience.com' is set on object 'Object Repository/Log In/Page_PMRS Web Application/input_Username_mat-input-0'

2019-03-11 17:16:33 - [MESSAGE][PASSED] - Text 'hughes.m@electronicscience.com' is set on object 'Object Repository/Log In/Page_PMRS Web Application/input_Username_mat-input-0'

2019-03-11 17:16:33 - [TEST_STEP][PASSED] - setEncryptedText(findTestObject("Object Repository/Log In/Page_PMRS Web Application/input_Username_mat-input-1"), "pvl9UeBNnak165xxUnzI6w=="): Text ****** has been set on object 'Object Repository/Log In/Page_PMRS Web Application/input_Username_mat-input-1'

2019-03-11 17:16:33 - [MESSAGE][PASSED] - Text ****** has been set on object 'Object Repository/Log In/Page_PMRS Web Application/input_Username_mat-input-1'

2019-03-11 17:16:33 - [TEST_STEP][PASSED] - click(findTestObject("Object Repository/Log In/Page_PMRS Web Application/button_Login")): Object: 'Object Repository/Log In/Page_PMRS Web Application/button_Login' is clicked on

2019-03-11 17:16:34 - [MESSAGE][PASSED] - Object: 'Object Repository/Log In/Page_PMRS Web Application/button_Login' is clicked on

2019-03-11 17:16:34 - [MESSAGE][PASSED] - Call Test Case 'Test Cases/Log In' successfully

2019-03-11 17:16:34 - [TEST_STEP][PASSED] - delay(2): Delayed 2 second(s)

2019-03-11 17:16:36 - [MESSAGE][PASSED] - Delayed 2 second(s)

2019-03-11 17:16:36 - [TEST_STEP][PASSED] - callTestCase(findTestCase("Change Doctors"), [:], STOP_ON_FAILURE): Call Test Case 'Test Cases/Change Doctors' successfully

2019-03-11 17:16:36 - [TEST_CASE][PASSED] - Test Cases/Change Doctors: Test Cases/Change Doctors

2019-03-11 17:16:36 - [TEST_STEP][PASSED] - click(findTestObject("Main/Page_PMRS Web Application/Landing Page/div_Dina  Tuto")): Object: 'Object Repository/Main/Page_PMRS Web Application/Landing Page/div_Dina  Tuto' is clicked on

2019-03-11 17:16:36 - [MESSAGE][PASSED] - Object: 'Object Repository/Main/Page_PMRS Web Application/Landing Page/div_Dina  Tuto' is clicked on

2019-03-11 17:16:36 - [TEST_STEP][PASSED] - delay(1): Delayed 1 second(s)

2019-03-11 17:16:37 - [MESSAGE][PASSED] - Delayed 1 second(s)

2019-03-11 17:16:37 - [TEST_STEP][PASSED] - click(findTestObject("Main/Page_PMRS Web Application/Landing Page/Doctor List Dropdown/mat-option_Gregor Di Matibag")): Object: 'Object Repository/Main/Page_PMRS Web Application/Landing Page/Doctor List Dropdown/mat-option_Gregor Di Matibag' is clicked on

2019-03-11 17:16:37 - [MESSAGE][PASSED] - Object: 'Object Repository/Main/Page_PMRS Web Application/Landing Page/Doctor List Dropdown/mat-option_Gregor Di Matibag' is clicked on

2019-03-11 17:16:37 - [MESSAGE][PASSED] - Call Test Case 'Test Cases/Change Doctors' successfully

2019-03-11 17:16:37 - [TEST_STEP][PASSED] - delay(2): Delayed 2 second(s)

2019-03-11 17:16:39 - [MESSAGE][PASSED] - Delayed 2 second(s)

2019-03-11 17:16:39 - [TEST_STEP][FAILED] - callTestCase(findTestCase("Add Appointment Button"), [:], STOP_ON_FAILURE): callTestCase(findTestCase("Add Appointment Button"), [:], STOP_ON_FAILURE) FAILED.
Reason:
com.kms.katalon.core.exception.StepFailedException: Call Test Case 'Test Cases/Add Appointment Button' failed
	at com.kms.katalon.core.keyword.builtin.CallTestCaseKeyword$_callTestCase_closure1.doCall(CallTestCaseKeyword.groovy:63)
	at com.kms.katalon.core.keyword.builtin.CallTestCaseKeyword$_callTestCase_closure1.call(CallTestCaseKeyword.groovy)
	at com.kms.katalon.core.keyword.internal.KeywordMain.runKeyword(KeywordMain.groovy:66)
	at com.kms.katalon.core.keyword.builtin.CallTestCaseKeyword.callTestCase(CallTestCaseKeyword.groovy:81)
	at com.kms.katalon.core.keyword.builtin.CallTestCaseKeyword.execute(CallTestCaseKeyword.groovy:44)
	at com.kms.katalon.core.keyword.internal.KeywordExecutor.executeKeywordForPlatform(KeywordExecutor.groovy:56)
	at com.kms.katalon.core.keyword.BuiltinKeywords.callTestCase(BuiltinKeywords.groovy:334)
	at QM-020.run(QM-020:28)
	at com.kms.katalon.core.main.ScriptEngine.run(ScriptEngine.java:194)
	at com.kms.katalon.core.main.ScriptEngine.runScriptAsRawText(ScriptEngine.java:119)
	at com.kms.katalon.core.main.TestCaseExecutor.runScript(TestCaseExecutor.java:331)
	at com.kms.katalon.core.main.TestCaseExecutor.doExecute(TestCaseExecutor.java:322)
	at com.kms.katalon.core.main.TestCaseExecutor.processExecutionPhase(TestCaseExecutor.java:301)
	at com.kms.katalon.core.main.TestCaseExecutor.accessMainPhase(TestCaseExecutor.java:293)
	at com.kms.katalon.core.main.TestCaseExecutor.execute(TestCaseExecutor.java:227)
	at com.kms.katalon.core.main.TestSuiteExecutor.accessTestCaseMainPhase(TestSuiteExecutor.java:129)
	at com.kms.katalon.core.main.TestSuiteExecutor.accessTestSuiteMainPhase(TestSuiteExecutor.java:112)
	at com.kms.katalon.core.main.TestSuiteExecutor.execute(TestSuiteExecutor.java:81)
	at com.kms.katalon.core.main.TestCaseMain.startTestSuite(TestCaseMain.java:157)
	at com.kms.katalon.core.main.TestCaseMain$startTestSuite$0.call(Unknown Source)
	at TempTestSuite1552295464187.run(TempTestSuite1552295464187.groovy:35)
Caused by: com.kms.katalon.core.exception.StepFailedException: Unable to verify object 'Object Repository/Main/Page_PMRS Web Application/Landing Page/Add Button' is present
	at com.kms.katalon.core.keyword.internal.KeywordMain.stepFailed(KeywordMain.groovy:48)
	at com.kms.katalon.core.webui.keyword.internal.WebUIKeywordMain.stepFailed(WebUIKeywordMain.groovy:65)
	at com.kms.katalon.core.webui.keyword.internal.WebUIKeywordMain.runKeyword(WebUIKeywordMain.groovy:27)
	at com.kms.katalon.core.webui.keyword.builtin.VerifyElementPresentKeyword.verifyElementPresent(VerifyElementPresentKeyword.groovy:92)
	at com.kms.katalon.core.webui.keyword.builtin.VerifyElementPresentKeyword.execute(VerifyElementPresentKeyword.groovy:68)
	at com.kms.katalon.core.keyword.internal.KeywordExecutor.executeKeywordForPlatform(KeywordExecutor.groovy:56)
	at com.kms.katalon.core.webui.keyword.WebUiBuiltInKeywords.verifyElementPresent(WebUiBuiltInKeywords.groovy:1434)
	at com.kms.katalon.core.webui.keyword.WebUiBuiltInKeywords$verifyElementPresent$4.call(Unknown Source)
	at Add Appointment Button.run(Add Appointment Button:16)
	at com.kms.katalon.core.main.ScriptEngine.run(ScriptEngine.java:194)
	at com.kms.katalon.core.main.ScriptEngine.runScriptAsRawText(ScriptEngine.java:119)
	at com.kms.katalon.core.main.TestCaseExecutor.runScript(TestCaseExecutor.java:331)
	at com.kms.katalon.core.main.TestCaseExecutor.doExecute(TestCaseExecutor.java:322)
	at com.kms.katalon.core.main.TestCaseExecutor.processExecutionPhase(TestCaseExecutor.java:301)
	at com.kms.katalon.core.main.TestCaseExecutor.accessMainPhase(TestCaseExecutor.java:293)
	at com.kms.katalon.core.main.TestCaseExecutor.execute(TestCaseExecutor.java:227)
	at com.kms.katalon.core.main.TestCaseMain.runTestCase(TestCaseMain.java:114)
	at com.kms.katalon.core.keyword.builtin.CallTestCaseKeyword$_callTestCase_closure1.doCall(CallTestCaseKeyword.groovy:59)
	... 20 more


2019-03-11 17:16:39 - [TEST_CASE][FAILED] - Test Cases/Add Appointment Button: Test Cases/Add Appointment Button FAILED.
Reason:
com.kms.katalon.core.exception.StepFailedException: Unable to verify object 'Object Repository/Main/Page_PMRS Web Application/Landing Page/Add Button' is present
	at com.kms.katalon.core.keyword.internal.KeywordMain.stepFailed(KeywordMain.groovy:48)
	at com.kms.katalon.core.webui.keyword.internal.WebUIKeywordMain.stepFailed(WebUIKeywordMain.groovy:65)
	at com.kms.katalon.core.webui.keyword.internal.WebUIKeywordMain.runKeyword(WebUIKeywordMain.groovy:27)
	at com.kms.katalon.core.webui.keyword.builtin.VerifyElementPresentKeyword.verifyElementPresent(VerifyElementPresentKeyword.groovy:92)
	at com.kms.katalon.core.webui.keyword.builtin.VerifyElementPresentKeyword.execute(VerifyElementPresentKeyword.groovy:68)
	at com.kms.katalon.core.keyword.internal.KeywordExecutor.executeKeywordForPlatform(KeywordExecutor.groovy:56)
	at com.kms.katalon.core.webui.keyword.WebUiBuiltInKeywords.verifyElementPresent(WebUiBuiltInKeywords.groovy:1434)
	at com.kms.katalon.core.webui.keyword.WebUiBuiltInKeywords$verifyElementPresent$4.call(Unknown Source)
	at Add Appointment Button.run(Add Appointment Button:16)
	at com.kms.katalon.core.main.ScriptEngine.run(ScriptEngine.java:194)
	at com.kms.katalon.core.main.ScriptEngine.runScriptAsRawText(ScriptEngine.java:119)
	at com.kms.katalon.core.main.TestCaseExecutor.runScript(TestCaseExecutor.java:331)
	at com.kms.katalon.core.main.TestCaseExecutor.doExecute(TestCaseExecutor.java:322)
	at com.kms.katalon.core.main.TestCaseExecutor.processExecutionPhase(TestCaseExecutor.java:301)
	at com.kms.katalon.core.main.TestCaseExecutor.accessMainPhase(TestCaseExecutor.java:293)
	at com.kms.katalon.core.main.TestCaseExecutor.execute(TestCaseExecutor.java:227)
	at com.kms.katalon.core.main.TestCaseMain.runTestCase(TestCaseMain.java:114)
	at com.kms.katalon.core.keyword.builtin.CallTestCaseKeyword$_callTestCase_closure1.doCall(CallTestCaseKeyword.groovy:59)
	at com.kms.katalon.core.keyword.builtin.CallTestCaseKeyword$_callTestCase_closure1.call(CallTestCaseKeyword.groovy)
	at com.kms.katalon.core.keyword.internal.KeywordMain.runKeyword(KeywordMain.groovy:66)
	at com.kms.katalon.core.keyword.builtin.CallTestCaseKeyword.callTestCase(CallTestCaseKeyword.groovy:81)
	at com.kms.katalon.core.keyword.builtin.CallTestCaseKeyword.execute(CallTestCaseKeyword.groovy:44)
	at com.kms.katalon.core.keyword.internal.KeywordExecutor.executeKeywordForPlatform(KeywordExecutor.groovy:56)
	at com.kms.katalon.core.keyword.BuiltinKeywords.callTestCase(BuiltinKeywords.groovy:334)
	at QM-020.run(QM-020:28)
	at com.kms.katalon.core.main.ScriptEngine.run(ScriptEngine.java:194)
	at com.kms.katalon.core.main.ScriptEngine.runScriptAsRawText(ScriptEngine.java:119)
	at com.kms.katalon.core.main.TestCaseExecutor.runScript(TestCaseExecutor.java:331)
	at com.kms.katalon.core.main.TestCaseExecutor.doExecute(TestCaseExecutor.java:322)
	at com.kms.katalon.core.main.TestCaseExecutor.processExecutionPhase(TestCaseExecutor.java:301)
	at com.kms.katalon.core.main.TestCaseExecutor.accessMainPhase(TestCaseExecutor.java:293)
	at com.kms.katalon.core.main.TestCaseExecutor.execute(TestCaseExecutor.java:227)
	at com.kms.katalon.core.main.TestSuiteExecutor.accessTestCaseMainPhase(TestSuiteExecutor.java:129)
	at com.kms.katalon.core.main.TestSuiteExecutor.accessTestSuiteMainPhase(TestSuiteExecutor.java:112)
	at com.kms.katalon.core.main.TestSuiteExecutor.execute(TestSuiteExecutor.java:81)
	at com.kms.katalon.core.main.TestCaseMain.startTestSuite(TestCaseMain.java:157)
	at com.kms.katalon.core.main.TestCaseMain$startTestSuite$0.call(Unknown Source)
	at TempTestSuite1552295464187.run(TempTestSuite1552295464187.groovy:35)


2019-03-11 17:16:39 - [TEST_STEP][FAILED] - verifyElementPresent(findTestObject("Main/Page_PMRS Web Application/Landing Page/Add Button"), 0): verifyElementPresent(findTestObject("Main/Page_PMRS Web Application/Landing Page/Add Button"), 0) FAILED.
Reason:
com.kms.katalon.core.exception.StepFailedException: Unable to verify object 'Object Repository/Main/Page_PMRS Web Application/Landing Page/Add Button' is present
	at com.kms.katalon.core.keyword.internal.KeywordMain.stepFailed(KeywordMain.groovy:48)
	at com.kms.katalon.core.webui.keyword.internal.WebUIKeywordMain.stepFailed(WebUIKeywordMain.groovy:65)
	at com.kms.katalon.core.webui.keyword.internal.WebUIKeywordMain.runKeyword(WebUIKeywordMain.groovy:27)
	at com.kms.katalon.core.webui.keyword.builtin.VerifyElementPresentKeyword.verifyElementPresent(VerifyElementPresentKeyword.groovy:92)
	at com.kms.katalon.core.webui.keyword.builtin.VerifyElementPresentKeyword.execute(VerifyElementPresentKeyword.groovy:68)
	at com.kms.katalon.core.keyword.internal.KeywordExecutor.executeKeywordForPlatform(KeywordExecutor.groovy:56)
	at com.kms.katalon.core.webui.keyword.WebUiBuiltInKeywords.verifyElementPresent(WebUiBuiltInKeywords.groovy:1434)
	at com.kms.katalon.core.webui.keyword.WebUiBuiltInKeywords$verifyElementPresent$4.call(Unknown Source)
	at Add Appointment Button.run(Add Appointment Button:16)
	at com.kms.katalon.core.main.ScriptEngine.run(ScriptEngine.java:194)
	at com.kms.katalon.core.main.ScriptEngine.runScriptAsRawText(ScriptEngine.java:119)
	at com.kms.katalon.core.main.TestCaseExecutor.runScript(TestCaseExecutor.java:331)
	at com.kms.katalon.core.main.TestCaseExecutor.doExecute(TestCaseExecutor.java:322)
	at com.kms.katalon.core.main.TestCaseExecutor.processExecutionPhase(TestCaseExecutor.java:301)
	at com.kms.katalon.core.main.TestCaseExecutor.accessMainPhase(TestCaseExecutor.java:293)
	at com.kms.katalon.core.main.TestCaseExecutor.execute(TestCaseExecutor.java:227)
	at com.kms.katalon.core.main.TestCaseMain.runTestCase(TestCaseMain.java:114)
	at com.kms.katalon.core.keyword.builtin.CallTestCaseKeyword$_callTestCase_closure1.doCall(CallTestCaseKeyword.groovy:59)
	at com.kms.katalon.core.keyword.builtin.CallTestCaseKeyword$_callTestCase_closure1.call(CallTestCaseKeyword.groovy)
	at com.kms.katalon.core.keyword.internal.KeywordMain.runKeyword(KeywordMain.groovy:66)
	at com.kms.katalon.core.keyword.builtin.CallTestCaseKeyword.callTestCase(CallTestCaseKeyword.groovy:81)
	at com.kms.katalon.core.keyword.builtin.CallTestCaseKeyword.execute(CallTestCaseKeyword.groovy:44)
	at com.kms.katalon.core.keyword.internal.KeywordExecutor.executeKeywordForPlatform(KeywordExecutor.groovy:56)
	at com.kms.katalon.core.keyword.BuiltinKeywords.callTestCase(BuiltinKeywords.groovy:334)
	at QM-020.run(QM-020:28)
	at com.kms.katalon.core.main.ScriptEngine.run(ScriptEngine.java:194)
	at com.kms.katalon.core.main.ScriptEngine.runScriptAsRawText(ScriptEngine.java:119)
	at com.kms.katalon.core.main.TestCaseExecutor.runScript(TestCaseExecutor.java:331)
	at com.kms.katalon.core.main.TestCaseExecutor.doExecute(TestCaseExecutor.java:322)
	at com.kms.katalon.core.main.TestCaseExecutor.processExecutionPhase(TestCaseExecutor.java:301)
	at com.kms.katalon.core.main.TestCaseExecutor.accessMainPhase(TestCaseExecutor.java:293)
	at com.kms.katalon.core.main.TestCaseExecutor.execute(TestCaseExecutor.java:227)
	at com.kms.katalon.core.main.TestSuiteExecutor.accessTestCaseMainPhase(TestSuiteExecutor.java:129)
	at com.kms.katalon.core.main.TestSuiteExecutor.accessTestSuiteMainPhase(TestSuiteExecutor.java:112)
	at com.kms.katalon.core.main.TestSuiteExecutor.execute(TestSuiteExecutor.java:81)
	at com.kms.katalon.core.main.TestCaseMain.startTestSuite(TestCaseMain.java:157)
	at com.kms.katalon.core.main.TestCaseMain$startTestSuite$0.call(Unknown Source)
	at TempTestSuite1552295464187.run(TempTestSuite1552295464187.groovy:35)


2019-03-11 17:16:39 - [MESSAGE][WARNING] - Timeout '0' is invalid. Using default page load timeout: '30'

2019-03-11 17:17:10 - [MESSAGE][INFO] - Unable to find the element located by 'By.xpath: (.//*[normalize-space(text()) and normalize-space(.)='All(0)'])[1]/preceding::button[1]'. Please recheck the objects properties to make sure the desired element is located. 

2019-03-11 17:17:11 - [MESSAGE][FAILED] - com.kms.katalon.core.webui.exception.WebElementNotFoundException: Web element with id: 'Object Repository/Main/Page_PMRS Web Application/Landing Page/Add Button' located by 'By.xpath: (.//*[normalize-space(text()) and normalize-space(.)='All(0)'])[1]/preceding::button[1]' not found
[[ATTACHMENT|/Users/e-science/Desktop/git/QATS-PMRS/Reports/Test1/20190311_171104/1552295830826.png]]

2019-03-11 17:17:11 - [MESSAGE][FAILED] - Unable to verify object 'Object Repository/Main/Page_PMRS Web Application/Landing Page/Add Button' is present
[[ATTACHMENT|/Users/e-science/Desktop/git/QATS-PMRS/Reports/Test1/20190311_171104/1552295831116.png]]

2019-03-11 17:17:11 - [MESSAGE][FAILED] - verifyElementPresent(findTestObject("Main/Page_PMRS Web Application/Landing Page/Add Button"), 0) FAILED.
Reason:
com.kms.katalon.core.exception.StepFailedException: Unable to verify object 'Object Repository/Main/Page_PMRS Web Application/Landing Page/Add Button' is present
	at com.kms.katalon.core.keyword.internal.KeywordMain.stepFailed(KeywordMain.groovy:48)
	at com.kms.katalon.core.webui.keyword.internal.WebUIKeywordMain.stepFailed(WebUIKeywordMain.groovy:65)
	at com.kms.katalon.core.webui.keyword.internal.WebUIKeywordMain.runKeyword(WebUIKeywordMain.groovy:27)
	at com.kms.katalon.core.webui.keyword.builtin.VerifyElementPresentKeyword.verifyElementPresent(VerifyElementPresentKeyword.groovy:92)
	at com.kms.katalon.core.webui.keyword.builtin.VerifyElementPresentKeyword.execute(VerifyElementPresentKeyword.groovy:68)
	at com.kms.katalon.core.keyword.internal.KeywordExecutor.executeKeywordForPlatform(KeywordExecutor.groovy:56)
	at com.kms.katalon.core.webui.keyword.WebUiBuiltInKeywords.verifyElementPresent(WebUiBuiltInKeywords.groovy:1434)
	at com.kms.katalon.core.webui.keyword.WebUiBuiltInKeywords$verifyElementPresent$4.call(Unknown Source)
	at Add Appointment Button.run(Add Appointment Button:16)
	at com.kms.katalon.core.main.ScriptEngine.run(ScriptEngine.java:194)
	at com.kms.katalon.core.main.ScriptEngine.runScriptAsRawText(ScriptEngine.java:119)
	at com.kms.katalon.core.main.TestCaseExecutor.runScript(TestCaseExecutor.java:331)
	at com.kms.katalon.core.main.TestCaseExecutor.doExecute(TestCaseExecutor.java:322)
	at com.kms.katalon.core.main.TestCaseExecutor.processExecutionPhase(TestCaseExecutor.java:301)
	at com.kms.katalon.core.main.TestCaseExecutor.accessMainPhase(TestCaseExecutor.java:293)
	at com.kms.katalon.core.main.TestCaseExecutor.execute(TestCaseExecutor.java:227)
	at com.kms.katalon.core.main.TestCaseMain.runTestCase(TestCaseMain.java:114)
	at com.kms.katalon.core.keyword.builtin.CallTestCaseKeyword$_callTestCase_closure1.doCall(CallTestCaseKeyword.groovy:59)
	at com.kms.katalon.core.keyword.builtin.CallTestCaseKeyword$_callTestCase_closure1.call(CallTestCaseKeyword.groovy)
	at com.kms.katalon.core.keyword.internal.KeywordMain.runKeyword(KeywordMain.groovy:66)
	at com.kms.katalon.core.keyword.builtin.CallTestCaseKeyword.callTestCase(CallTestCaseKeyword.groovy:81)
	at com.kms.katalon.core.keyword.builtin.CallTestCaseKeyword.execute(CallTestCaseKeyword.groovy:44)
	at com.kms.katalon.core.keyword.internal.KeywordExecutor.executeKeywordForPlatform(KeywordExecutor.groovy:56)
	at com.kms.katalon.core.keyword.BuiltinKeywords.callTestCase(BuiltinKeywords.groovy:334)
	at QM-020.run(QM-020:28)
	at com.kms.katalon.core.main.ScriptEngine.run(ScriptEngine.java:194)
	at com.kms.katalon.core.main.ScriptEngine.runScriptAsRawText(ScriptEngine.java:119)
	at com.kms.katalon.core.main.TestCaseExecutor.runScript(TestCaseExecutor.java:331)
	at com.kms.katalon.core.main.TestCaseExecutor.doExecute(TestCaseExecutor.java:322)
	at com.kms.katalon.core.main.TestCaseExecutor.processExecutionPhase(TestCaseExecutor.java:301)
	at com.kms.katalon.core.main.TestCaseExecutor.accessMainPhase(TestCaseExecutor.java:293)
	at com.kms.katalon.core.main.TestCaseExecutor.execute(TestCaseExecutor.java:227)
	at com.kms.katalon.core.main.TestSuiteExecutor.accessTestCaseMainPhase(TestSuiteExecutor.java:129)
	at com.kms.katalon.core.main.TestSuiteExecutor.accessTestSuiteMainPhase(TestSuiteExecutor.java:112)
	at com.kms.katalon.core.main.TestSuiteExecutor.execute(TestSuiteExecutor.java:81)
	at com.kms.katalon.core.main.TestCaseMain.startTestSuite(TestCaseMain.java:157)
	at com.kms.katalon.core.main.TestCaseMain$startTestSuite$0.call(Unknown Source)
	at TempTestSuite1552295464187.run(TempTestSuite1552295464187.groovy:35)


2019-03-11 17:17:11 - [MESSAGE][FAILED] - Unable to call Test Case 'Test Cases/Add Appointment Button' (Root cause: com.kms.katalon.core.exception.StepFailedException: Call Test Case 'Test Cases/Add Appointment Button' failed
	at com.kms.katalon.core.keyword.builtin.CallTestCaseKeyword$_callTestCase_closure1.doCall(CallTestCaseKeyword.groovy:63)
	at com.kms.katalon.core.keyword.builtin.CallTestCaseKeyword$_callTestCase_closure1.call(CallTestCaseKeyword.groovy)
	at com.kms.katalon.core.keyword.internal.KeywordMain.runKeyword(KeywordMain.groovy:66)
	at com.kms.katalon.core.keyword.builtin.CallTestCaseKeyword.callTestCase(CallTestCaseKeyword.groovy:81)
	at com.kms.katalon.core.keyword.builtin.CallTestCaseKeyword.execute(CallTestCaseKeyword.groovy:44)
	at com.kms.katalon.core.keyword.internal.KeywordExecutor.executeKeywordForPlatform(KeywordExecutor.groovy:56)
	at com.kms.katalon.core.keyword.BuiltinKeywords.callTestCase(BuiltinKeywords.groovy:334)
	at QM-020.run(QM-020:28)
	at com.kms.katalon.core.main.ScriptEngine.run(ScriptEngine.java:194)
	at com.kms.katalon.core.main.ScriptEngine.runScriptAsRawText(ScriptEngine.java:119)
	at com.kms.katalon.core.main.TestCaseExecutor.runScript(TestCaseExecutor.java:331)
	at com.kms.katalon.core.main.TestCaseExecutor.doExecute(TestCaseExecutor.java:322)
	at com.kms.katalon.core.main.TestCaseExecutor.processExecutionPhase(TestCaseExecutor.java:301)
	at com.kms.katalon.core.main.TestCaseExecutor.accessMainPhase(TestCaseExecutor.java:293)
	at com.kms.katalon.core.main.TestCaseExecutor.execute(TestCaseExecutor.java:227)
	at com.kms.katalon.core.main.TestSuiteExecutor.accessTestCaseMainPhase(TestSuiteExecutor.java:129)
	at com.kms.katalon.core.main.TestSuiteExecutor.accessTestSuiteMainPhase(TestSuiteExecutor.java:112)
	at com.kms.katalon.core.main.TestSuiteExecutor.execute(TestSuiteExecutor.java:81)
	at com.kms.katalon.core.main.TestCaseMain.startTestSuite(TestCaseMain.java:157)
	at com.kms.katalon.core.main.TestCaseMain$startTestSuite$0.call(Unknown Source)
	at TempTestSuite1552295464187.run(TempTestSuite1552295464187.groovy:35)
Caused by: com.kms.katalon.core.exception.StepFailedException: Unable to verify object 'Object Repository/Main/Page_PMRS Web Application/Landing Page/Add Button' is present
	at com.kms.katalon.core.keyword.internal.KeywordMain.stepFailed(KeywordMain.groovy:48)
	at com.kms.katalon.core.webui.keyword.internal.WebUIKeywordMain.stepFailed(WebUIKeywordMain.groovy:65)
	at com.kms.katalon.core.webui.keyword.internal.WebUIKeywordMain.runKeyword(WebUIKeywordMain.groovy:27)
	at com.kms.katalon.core.webui.keyword.builtin.VerifyElementPresentKeyword.verifyElementPresent(VerifyElementPresentKeyword.groovy:92)
	at com.kms.katalon.core.webui.keyword.builtin.VerifyElementPresentKeyword.execute(VerifyElementPresentKeyword.groovy:68)
	at com.kms.katalon.core.keyword.internal.KeywordExecutor.executeKeywordForPlatform(KeywordExecutor.groovy:56)
	at com.kms.katalon.core.webui.keyword.WebUiBuiltInKeywords.verifyElementPresent(WebUiBuiltInKeywords.groovy:1434)
	at com.kms.katalon.core.webui.keyword.WebUiBuiltInKeywords$verifyElementPresent$4.call(Unknown Source)
	at Add Appointment Button.run(Add Appointment Button:16)
	at com.kms.katalon.core.main.ScriptEngine.run(ScriptEngine.java:194)
	at com.kms.katalon.core.main.ScriptEngine.runScriptAsRawText(ScriptEngine.java:119)
	at com.kms.katalon.core.main.TestCaseExecutor.runScript(TestCaseExecutor.java:331)
	at com.kms.katalon.core.main.TestCaseExecutor.doExecute(TestCaseExecutor.java:322)
	at com.kms.katalon.core.main.TestCaseExecutor.processExecutionPhase(TestCaseExecutor.java:301)
	at com.kms.katalon.core.main.TestCaseExecutor.accessMainPhase(TestCaseExecutor.java:293)
	at com.kms.katalon.core.main.TestCaseExecutor.execute(TestCaseExecutor.java:227)
	at com.kms.katalon.core.main.TestCaseMain.runTestCase(TestCaseMain.java:114)
	at com.kms.katalon.core.keyword.builtin.CallTestCaseKeyword$_callTestCase_closure1.doCall(CallTestCaseKeyword.groovy:59)
	... 20 more
)

2019-03-11 17:17:11 - [MESSAGE][FAILED] - callTestCase(findTestCase("Add Appointment Button"), [:], STOP_ON_FAILURE) FAILED.
Reason:
com.kms.katalon.core.exception.StepFailedException: Call Test Case 'Test Cases/Add Appointment Button' failed
	at com.kms.katalon.core.keyword.builtin.CallTestCaseKeyword$_callTestCase_closure1.doCall(CallTestCaseKeyword.groovy:63)
	at com.kms.katalon.core.keyword.builtin.CallTestCaseKeyword$_callTestCase_closure1.call(CallTestCaseKeyword.groovy)
	at com.kms.katalon.core.keyword.internal.KeywordMain.runKeyword(KeywordMain.groovy:66)
	at com.kms.katalon.core.keyword.builtin.CallTestCaseKeyword.callTestCase(CallTestCaseKeyword.groovy:81)
	at com.kms.katalon.core.keyword.builtin.CallTestCaseKeyword.execute(CallTestCaseKeyword.groovy:44)
	at com.kms.katalon.core.keyword.internal.KeywordExecutor.executeKeywordForPlatform(KeywordExecutor.groovy:56)
	at com.kms.katalon.core.keyword.BuiltinKeywords.callTestCase(BuiltinKeywords.groovy:334)
	at QM-020.run(QM-020:28)
	at com.kms.katalon.core.main.ScriptEngine.run(ScriptEngine.java:194)
	at com.kms.katalon.core.main.ScriptEngine.runScriptAsRawText(ScriptEngine.java:119)
	at com.kms.katalon.core.main.TestCaseExecutor.runScript(TestCaseExecutor.java:331)
	at com.kms.katalon.core.main.TestCaseExecutor.doExecute(TestCaseExecutor.java:322)
	at com.kms.katalon.core.main.TestCaseExecutor.processExecutionPhase(TestCaseExecutor.java:301)
	at com.kms.katalon.core.main.TestCaseExecutor.accessMainPhase(TestCaseExecutor.java:293)
	at com.kms.katalon.core.main.TestCaseExecutor.execute(TestCaseExecutor.java:227)
	at com.kms.katalon.core.main.TestSuiteExecutor.accessTestCaseMainPhase(TestSuiteExecutor.java:129)
	at com.kms.katalon.core.main.TestSuiteExecutor.accessTestSuiteMainPhase(TestSuiteExecutor.java:112)
	at com.kms.katalon.core.main.TestSuiteExecutor.execute(TestSuiteExecutor.java:81)
	at com.kms.katalon.core.main.TestCaseMain.startTestSuite(TestCaseMain.java:157)
	at com.kms.katalon.core.main.TestCaseMain$startTestSuite$0.call(Unknown Source)
	at TempTestSuite1552295464187.run(TempTestSuite1552295464187.groovy:35)
Caused by: com.kms.katalon.core.exception.StepFailedException: Unable to verify object 'Object Repository/Main/Page_PMRS Web Application/Landing Page/Add Button' is present
	at com.kms.katalon.core.keyword.internal.KeywordMain.stepFailed(KeywordMain.groovy:48)
	at com.kms.katalon.core.webui.keyword.internal.WebUIKeywordMain.stepFailed(WebUIKeywordMain.groovy:65)
	at com.kms.katalon.core.webui.keyword.internal.WebUIKeywordMain.runKeyword(WebUIKeywordMain.groovy:27)
	at com.kms.katalon.core.webui.keyword.builtin.VerifyElementPresentKeyword.verifyElementPresent(VerifyElementPresentKeyword.groovy:92)
	at com.kms.katalon.core.webui.keyword.builtin.VerifyElementPresentKeyword.execute(VerifyElementPresentKeyword.groovy:68)
	at com.kms.katalon.core.keyword.internal.KeywordExecutor.executeKeywordForPlatform(KeywordExecutor.groovy:56)
	at com.kms.katalon.core.webui.keyword.WebUiBuiltInKeywords.verifyElementPresent(WebUiBuiltInKeywords.groovy:1434)
	at com.kms.katalon.core.webui.keyword.WebUiBuiltInKeywords$verifyElementPresent$4.call(Unknown Source)
	at Add Appointment Button.run(Add Appointment Button:16)
	at com.kms.katalon.core.main.ScriptEngine.run(ScriptEngine.java:194)
	at com.kms.katalon.core.main.ScriptEngine.runScriptAsRawText(ScriptEngine.java:119)
	at com.kms.katalon.core.main.TestCaseExecutor.runScript(TestCaseExecutor.java:331)
	at com.kms.katalon.core.main.TestCaseExecutor.doExecute(TestCaseExecutor.java:322)
	at com.kms.katalon.core.main.TestCaseExecutor.processExecutionPhase(TestCaseExecutor.java:301)
	at com.kms.katalon.core.main.TestCaseExecutor.accessMainPhase(TestCaseExecutor.java:293)
	at com.kms.katalon.core.main.TestCaseExecutor.execute(TestCaseExecutor.java:227)
	at com.kms.katalon.core.main.TestCaseMain.runTestCase(TestCaseMain.java:114)
	at com.kms.katalon.core.keyword.builtin.CallTestCaseKeyword$_callTestCase_closure1.doCall(CallTestCaseKeyword.groovy:59)
	... 20 more]]></system-out>
         <system-err><![CDATA[2019-03-11 17:16:18 - [TEST_CASE][FAILED] - Test Cases/Queue Management/QM-020: Test Cases/Queue Management/QM-020 FAILED.
Reason:
com.kms.katalon.core.exception.StepFailedException: Call Test Case 'Test Cases/Add Appointment Button' failed
	at com.kms.katalon.core.keyword.builtin.CallTestCaseKeyword$_callTestCase_closure1.doCall(CallTestCaseKeyword.groovy:63)
	at com.kms.katalon.core.keyword.builtin.CallTestCaseKeyword$_callTestCase_closure1.call(CallTestCaseKeyword.groovy)
	at com.kms.katalon.core.keyword.internal.KeywordMain.runKeyword(KeywordMain.groovy:66)
	at com.kms.katalon.core.keyword.builtin.CallTestCaseKeyword.callTestCase(CallTestCaseKeyword.groovy:81)
	at com.kms.katalon.core.keyword.builtin.CallTestCaseKeyword.execute(CallTestCaseKeyword.groovy:44)
	at com.kms.katalon.core.keyword.internal.KeywordExecutor.executeKeywordForPlatform(KeywordExecutor.groovy:56)
	at com.kms.katalon.core.keyword.BuiltinKeywords.callTestCase(BuiltinKeywords.groovy:334)
	at QM-020.run(QM-020:28)
	at com.kms.katalon.core.main.ScriptEngine.run(ScriptEngine.java:194)
	at com.kms.katalon.core.main.ScriptEngine.runScriptAsRawText(ScriptEngine.java:119)
	at com.kms.katalon.core.main.TestCaseExecutor.runScript(TestCaseExecutor.java:331)
	at com.kms.katalon.core.main.TestCaseExecutor.doExecute(TestCaseExecutor.java:322)
	at com.kms.katalon.core.main.TestCaseExecutor.processExecutionPhase(TestCaseExecutor.java:301)
	at com.kms.katalon.core.main.TestCaseExecutor.accessMainPhase(TestCaseExecutor.java:293)
	at com.kms.katalon.core.main.TestCaseExecutor.execute(TestCaseExecutor.java:227)
	at com.kms.katalon.core.main.TestSuiteExecutor.accessTestCaseMainPhase(TestSuiteExecutor.java:129)
	at com.kms.katalon.core.main.TestSuiteExecutor.accessTestSuiteMainPhase(TestSuiteExecutor.java:112)
	at com.kms.katalon.core.main.TestSuiteExecutor.execute(TestSuiteExecutor.java:81)
	at com.kms.katalon.core.main.TestCaseMain.startTestSuite(TestCaseMain.java:157)
	at com.kms.katalon.core.main.TestCaseMain$startTestSuite$0.call(Unknown Source)
	at TempTestSuite1552295464187.run(TempTestSuite1552295464187.groovy:35)
Caused by: com.kms.katalon.core.exception.StepFailedException: Unable to verify object 'Object Repository/Main/Page_PMRS Web Application/Landing Page/Add Button' is present
	at com.kms.katalon.core.keyword.internal.KeywordMain.stepFailed(KeywordMain.groovy:48)
	at com.kms.katalon.core.webui.keyword.internal.WebUIKeywordMain.stepFailed(WebUIKeywordMain.groovy:65)
	at com.kms.katalon.core.webui.keyword.internal.WebUIKeywordMain.runKeyword(WebUIKeywordMain.groovy:27)
	at com.kms.katalon.core.webui.keyword.builtin.VerifyElementPresentKeyword.verifyElementPresent(VerifyElementPresentKeyword.groovy:92)
	at com.kms.katalon.core.webui.keyword.builtin.VerifyElementPresentKeyword.execute(VerifyElementPresentKeyword.groovy:68)
	at com.kms.katalon.core.keyword.internal.KeywordExecutor.executeKeywordForPlatform(KeywordExecutor.groovy:56)
	at com.kms.katalon.core.webui.keyword.WebUiBuiltInKeywords.verifyElementPresent(WebUiBuiltInKeywords.groovy:1434)
	at com.kms.katalon.core.webui.keyword.WebUiBuiltInKeywords$verifyElementPresent$4.call(Unknown Source)
	at Add Appointment Button.run(Add Appointment Button:16)
	at com.kms.katalon.core.main.ScriptEngine.run(ScriptEngine.java:194)
	at com.kms.katalon.core.main.ScriptEngine.runScriptAsRawText(ScriptEngine.java:119)
	at com.kms.katalon.core.main.TestCaseExecutor.runScript(TestCaseExecutor.java:331)
	at com.kms.katalon.core.main.TestCaseExecutor.doExecute(TestCaseExecutor.java:322)
	at com.kms.katalon.core.main.TestCaseExecutor.processExecutionPhase(TestCaseExecutor.java:301)
	at com.kms.katalon.core.main.TestCaseExecutor.accessMainPhase(TestCaseExecutor.java:293)
	at com.kms.katalon.core.main.TestCaseExecutor.execute(TestCaseExecutor.java:227)
	at com.kms.katalon.core.main.TestCaseMain.runTestCase(TestCaseMain.java:114)
	at com.kms.katalon.core.keyword.builtin.CallTestCaseKeyword$_callTestCase_closure1.doCall(CallTestCaseKeyword.groovy:59)
	... 20 more]]></system-err>
      </testcase>
      <system-out><![CDATA[2019-03-11 17:11:07 - [TEST_SUITE][FAILED] - Test1: Test Cases/Queue Management/QM-016 FAILED.
Reason:
com.kms.katalon.core.exception.StepFailedException: Call Test Case 'Test Cases/Add Appointment Button' failed
	at com.kms.katalon.core.keyword.builtin.CallTestCaseKeyword$_callTestCase_closure1.doCall(CallTestCaseKeyword.groovy:63)
	at com.kms.katalon.core.keyword.builtin.CallTestCaseKeyword$_callTestCase_closure1.call(CallTestCaseKeyword.groovy)
	at com.kms.katalon.core.keyword.internal.KeywordMain.runKeyword(KeywordMain.groovy:66)
	at com.kms.katalon.core.keyword.builtin.CallTestCaseKeyword.callTestCase(CallTestCaseKeyword.groovy:81)
	at com.kms.katalon.core.keyword.builtin.CallTestCaseKeyword.execute(CallTestCaseKeyword.groovy:44)
	at com.kms.katalon.core.keyword.internal.KeywordExecutor.executeKeywordForPlatform(KeywordExecutor.groovy:56)
	at com.kms.katalon.core.keyword.BuiltinKeywords.callTestCase(BuiltinKeywords.groovy:334)
	at QM-016.run(QM-016:28)
	at com.kms.katalon.core.main.ScriptEngine.run(ScriptEngine.java:194)
	at com.kms.katalon.core.main.ScriptEngine.runScriptAsRawText(ScriptEngine.java:119)
	at com.kms.katalon.core.main.TestCaseExecutor.runScript(TestCaseExecutor.java:331)
	at com.kms.katalon.core.main.TestCaseExecutor.doExecute(TestCaseExecutor.java:322)
	at com.kms.katalon.core.main.TestCaseExecutor.processExecutionPhase(TestCaseExecutor.java:301)
	at com.kms.katalon.core.main.TestCaseExecutor.accessMainPhase(TestCaseExecutor.java:293)
	at com.kms.katalon.core.main.TestCaseExecutor.execute(TestCaseExecutor.java:227)
	at com.kms.katalon.core.main.TestSuiteExecutor.accessTestCaseMainPhase(TestSuiteExecutor.java:129)
	at com.kms.katalon.core.main.TestSuiteExecutor.accessTestSuiteMainPhase(TestSuiteExecutor.java:112)
	at com.kms.katalon.core.main.TestSuiteExecutor.execute(TestSuiteExecutor.java:81)
	at com.kms.katalon.core.main.TestCaseMain.startTestSuite(TestCaseMain.java:157)
	at com.kms.katalon.core.main.TestCaseMain$startTestSuite$0.call(Unknown Source)
	at TempTestSuite1552295464187.run(TempTestSuite1552295464187.groovy:35)
Caused by: com.kms.katalon.core.exception.StepFailedException: Unable to verify object 'Object Repository/Main/Page_PMRS Web Application/Landing Page/Add Button' is present
	at com.kms.katalon.core.keyword.internal.KeywordMain.stepFailed(KeywordMain.groovy:48)
	at com.kms.katalon.core.webui.keyword.internal.WebUIKeywordMain.stepFailed(WebUIKeywordMain.groovy:65)
	at com.kms.katalon.core.webui.keyword.internal.WebUIKeywordMain.runKeyword(WebUIKeywordMain.groovy:27)
	at com.kms.katalon.core.webui.keyword.builtin.VerifyElementPresentKeyword.verifyElementPresent(VerifyElementPresentKeyword.groovy:92)
	at com.kms.katalon.core.webui.keyword.builtin.VerifyElementPresentKeyword.execute(VerifyElementPresentKeyword.groovy:68)
	at com.kms.katalon.core.keyword.internal.KeywordExecutor.executeKeywordForPlatform(KeywordExecutor.groovy:56)
	at com.kms.katalon.core.webui.keyword.WebUiBuiltInKeywords.verifyElementPresent(WebUiBuiltInKeywords.groovy:1434)
	at com.kms.katalon.core.webui.keyword.WebUiBuiltInKeywords$verifyElementPresent$4.call(Unknown Source)
	at Add Appointment Button.run(Add Appointment Button:16)
	at com.kms.katalon.core.main.ScriptEngine.run(ScriptEngine.java:194)
	at com.kms.katalon.core.main.ScriptEngine.runScriptAsRawText(ScriptEngine.java:119)
	at com.kms.katalon.core.main.TestCaseExecutor.runScript(TestCaseExecutor.java:331)
	at com.kms.katalon.core.main.TestCaseExecutor.doExecute(TestCaseExecutor.java:322)
	at com.kms.katalon.core.main.TestCaseExecutor.processExecutionPhase(TestCaseExecutor.java:301)
	at com.kms.katalon.core.main.TestCaseExecutor.accessMainPhase(TestCaseExecutor.java:293)
	at com.kms.katalon.core.main.TestCaseExecutor.execute(TestCaseExecutor.java:227)
	at com.kms.katalon.core.main.TestCaseMain.runTestCase(TestCaseMain.java:114)
	at com.kms.katalon.core.keyword.builtin.CallTestCaseKeyword$_callTestCase_closure1.doCall(CallTestCaseKeyword.groovy:59)
	... 20 more]]></system-out>
      <system-err><![CDATA[2019-03-11 17:11:07 - [TEST_SUITE][FAILED] - Test1: Test Cases/Queue Management/QM-016 FAILED.
Reason:
com.kms.katalon.core.exception.StepFailedException: Call Test Case 'Test Cases/Add Appointment Button' failed
	at com.kms.katalon.core.keyword.builtin.CallTestCaseKeyword$_callTestCase_closure1.doCall(CallTestCaseKeyword.groovy:63)
	at com.kms.katalon.core.keyword.builtin.CallTestCaseKeyword$_callTestCase_closure1.call(CallTestCaseKeyword.groovy)
	at com.kms.katalon.core.keyword.internal.KeywordMain.runKeyword(KeywordMain.groovy:66)
	at com.kms.katalon.core.keyword.builtin.CallTestCaseKeyword.callTestCase(CallTestCaseKeyword.groovy:81)
	at com.kms.katalon.core.keyword.builtin.CallTestCaseKeyword.execute(CallTestCaseKeyword.groovy:44)
	at com.kms.katalon.core.keyword.internal.KeywordExecutor.executeKeywordForPlatform(KeywordExecutor.groovy:56)
	at com.kms.katalon.core.keyword.BuiltinKeywords.callTestCase(BuiltinKeywords.groovy:334)
	at QM-016.run(QM-016:28)
	at com.kms.katalon.core.main.ScriptEngine.run(ScriptEngine.java:194)
	at com.kms.katalon.core.main.ScriptEngine.runScriptAsRawText(ScriptEngine.java:119)
	at com.kms.katalon.core.main.TestCaseExecutor.runScript(TestCaseExecutor.java:331)
	at com.kms.katalon.core.main.TestCaseExecutor.doExecute(TestCaseExecutor.java:322)
	at com.kms.katalon.core.main.TestCaseExecutor.processExecutionPhase(TestCaseExecutor.java:301)
	at com.kms.katalon.core.main.TestCaseExecutor.accessMainPhase(TestCaseExecutor.java:293)
	at com.kms.katalon.core.main.TestCaseExecutor.execute(TestCaseExecutor.java:227)
	at com.kms.katalon.core.main.TestSuiteExecutor.accessTestCaseMainPhase(TestSuiteExecutor.java:129)
	at com.kms.katalon.core.main.TestSuiteExecutor.accessTestSuiteMainPhase(TestSuiteExecutor.java:112)
	at com.kms.katalon.core.main.TestSuiteExecutor.execute(TestSuiteExecutor.java:81)
	at com.kms.katalon.core.main.TestCaseMain.startTestSuite(TestCaseMain.java:157)
	at com.kms.katalon.core.main.TestCaseMain$startTestSuite$0.call(Unknown Source)
	at TempTestSuite1552295464187.run(TempTestSuite1552295464187.groovy:35)
Caused by: com.kms.katalon.core.exception.StepFailedException: Unable to verify object 'Object Repository/Main/Page_PMRS Web Application/Landing Page/Add Button' is present
	at com.kms.katalon.core.keyword.internal.KeywordMain.stepFailed(KeywordMain.groovy:48)
	at com.kms.katalon.core.webui.keyword.internal.WebUIKeywordMain.stepFailed(WebUIKeywordMain.groovy:65)
	at com.kms.katalon.core.webui.keyword.internal.WebUIKeywordMain.runKeyword(WebUIKeywordMain.groovy:27)
	at com.kms.katalon.core.webui.keyword.builtin.VerifyElementPresentKeyword.verifyElementPresent(VerifyElementPresentKeyword.groovy:92)
	at com.kms.katalon.core.webui.keyword.builtin.VerifyElementPresentKeyword.execute(VerifyElementPresentKeyword.groovy:68)
	at com.kms.katalon.core.keyword.internal.KeywordExecutor.executeKeywordForPlatform(KeywordExecutor.groovy:56)
	at com.kms.katalon.core.webui.keyword.WebUiBuiltInKeywords.verifyElementPresent(WebUiBuiltInKeywords.groovy:1434)
	at com.kms.katalon.core.webui.keyword.WebUiBuiltInKeywords$verifyElementPresent$4.call(Unknown Source)
	at Add Appointment Button.run(Add Appointment Button:16)
	at com.kms.katalon.core.main.ScriptEngine.run(ScriptEngine.java:194)
	at com.kms.katalon.core.main.ScriptEngine.runScriptAsRawText(ScriptEngine.java:119)
	at com.kms.katalon.core.main.TestCaseExecutor.runScript(TestCaseExecutor.java:331)
	at com.kms.katalon.core.main.TestCaseExecutor.doExecute(TestCaseExecutor.java:322)
	at com.kms.katalon.core.main.TestCaseExecutor.processExecutionPhase(TestCaseExecutor.java:301)
	at com.kms.katalon.core.main.TestCaseExecutor.accessMainPhase(TestCaseExecutor.java:293)
	at com.kms.katalon.core.main.TestCaseExecutor.execute(TestCaseExecutor.java:227)
	at com.kms.katalon.core.main.TestCaseMain.runTestCase(TestCaseMain.java:114)
	at com.kms.katalon.core.keyword.builtin.CallTestCaseKeyword$_callTestCase_closure1.doCall(CallTestCaseKeyword.groovy:59)
	... 20 more]]></system-err>
   </testsuite>
</testsuites>
